This file contains any messages produced by compilers while
running configure, to aid debugging if configure makes a mistake.

It was created by GNU Libtool configure 2.4.6, which was
generated by GNU Autoconf 2.69.  Invocation command line was

  $ ./configure --prefix=/home/ubuntu/tp-link/TL-SX3016F_trunk/tplink/buildroot-marvell/build/tl-sx3016f/host/usr --sysconfdir=/home/ubuntu/tp-link/TL-SX3016F_trunk/tplink/buildroot-marvell/build/tl-sx3016f/host/etc --localstatedir=/home/ubuntu/tp-link/TL-SX3016F_trunk/tplink/buildroot-marvell/build/tl-sx3016f/host/var --enable-shared --disable-static --disable-gtk-doc --disable-gtk-doc-html --disable-doc --disable-docs --disable-documentation --disable-debug --with-xmlto=no --with-fop=no --disable-dependency-tracking

## --------- ##
## Platform. ##
## --------- ##

hostname = ubuntu
uname -m = i686
uname -r = 4.4.0-148-generic
uname -s = Linux
uname -v = #174~14.04.1-Ubuntu SMP Thu May 9 08:18:11 UTC 2019

/usr/bin/uname -p = unknown
/bin/uname -X     = unknown

/bin/arch              = unknown
/usr/bin/arch -k       = unknown
/usr/convex/getsysinfo = unknown
/usr/bin/hostinfo      = unknown
/bin/machine           = unknown
/usr/bin/oslevel       = unknown
/bin/universe          = unknown

PATH: /home/ubuntu/tp-link/TL-SX3016F_trunk/tplink/buildroot-marvell/build/tl-sx3016f/host/bin
PATH: /home/ubuntu/tp-link/TL-SX3016F_trunk/tplink/buildroot-marvell/build/tl-sx3016f/host/sbin
PATH: /home/ubuntu/tp-link/TL-SX3016F_trunk/tplink/buildroot-marvell/build/tl-sx3016f/host/usr/bin
PATH: /home/ubuntu/tp-link/TL-SX3016F_trunk/tplink/buildroot-marvell/build/tl-sx3016f/host/usr/sbin
PATH: /usr/local/sbin
PATH: /usr/local/bin
PATH: /usr/sbin
PATH: /usr/bin
PATH: /sbin
PATH: /bin
PATH: /usr/games
PATH: /usr/local/games


## ----------- ##
## Core tests. ##
## ----------- ##

configure:2687: checking for GNU M4 that supports accurate traces
configure:2736: result: /home/ubuntu/tp-link/TL-SX3016F_trunk/tplink/buildroot-marvell/build/tl-sx3016f/host/usr/bin/m4
configure:2739: checking whether /home/ubuntu/tp-link/TL-SX3016F_trunk/tplink/buildroot-marvell/build/tl-sx3016f/host/usr/bin/m4 accepts --gnu
configure:2749: result: yes
configure:2766: checking how m4 supports trace files
configure:2776: result: --debugfile
configure:2803: checking for a BSD-compatible install
configure:2871: result: /usr/bin/install -c
configure:2882: checking whether build environment is sane
configure:2937: result: yes
configure:3088: checking for a thread-safe mkdir -p
configure:3127: result: /bin/mkdir -p
configure:3134: checking for gawk
configure:3150: found /usr/bin/gawk
configure:3161: result: gawk
configure:3172: checking whether make sets $(MAKE)
configure:3194: result: yes
configure:3223: checking whether make supports nested variables
configure:3240: result: yes
configure:3377: checking whether make supports nested variables
configure:3394: result: yes
configure:3419: checking build system type
configure:3433: result: i686-pc-linux-gnu
configure:3453: checking host system type
configure:3466: result: i686-pc-linux-gnu
configure:3493: autobuild project... GNU Libtool
configure:3499: autobuild revision... 2.4.6
configure:3504: autobuild hostname... ubuntu
configure:3508: autobuild mode... default
configure:3516: autobuild timestamp... 20220225T031930Z
configure:3606: checking for gcc
configure:3633: result: /usr/bin/gcc
configure:3862: checking for C compiler version
configure:3871: /usr/bin/gcc --version >&5
gcc (Ubuntu 4.8.4-2ubuntu1~14.04.4) 4.8.4
Copyright (C) 2013 Free Software Foundation, Inc.
This is free software; see the source for copying conditions.  There is NO
warranty; not even for MERCHANTABILITY or FITNESS FOR A PARTICULAR PURPOSE.

configure:3882: $? = 0
configure:3871: /usr/bin/gcc -v >&5
Using built-in specs.
COLLECT_GCC=/usr/bin/gcc
COLLECT_LTO_WRAPPER=/usr/lib/gcc/i686-linux-gnu/4.8/lto-wrapper
Target: i686-linux-gnu
Configured with: ../src/configure -v --with-pkgversion='Ubuntu 4.8.4-2ubuntu1~14.04.4' --with-bugurl=file:///usr/share/doc/gcc-4.8/README.Bugs --enable-languages=c,c++,java,go,d,fortran,objc,obj-c++ --prefix=/usr --program-suffix=-4.8 --enable-shared --enable-linker-build-id --libexecdir=/usr/lib --without-included-gettext --enable-threads=posix --with-gxx-include-dir=/usr/include/c++/4.8 --libdir=/usr/lib --enable-nls --with-sysroot=/ --enable-clocale=gnu --enable-libstdcxx-debug --enable-libstdcxx-time=yes --enable-gnu-unique-object --disable-libmudflap --enable-plugin --with-system-zlib --disable-browser-plugin --enable-java-awt=gtk --enable-gtk-cairo --with-java-home=/usr/lib/jvm/java-1.5.0-gcj-4.8-i386/jre --enable-java-home --with-jvm-root-dir=/usr/lib/jvm/java-1.5.0-gcj-4.8-i386 --with-jvm-jar-dir=/usr/lib/jvm-exports/java-1.5.0-gcj-4.8-i386 --with-arch-directory=i386 --with-ecj-jar=/usr/share/java/eclipse-ecj.jar --enable-objc-gc --enable-targets=all --enable-multiarch --disable-werror --with-arch-32=i686 --with-multilib-list=m32,m64,mx32 --with-tune=generic --enable-checking=release --build=i686-linux-gnu --host=i686-linux-gnu --target=i686-linux-gnu
Thread model: posix
gcc version 4.8.4 (Ubuntu 4.8.4-2ubuntu1~14.04.4) 
configure:3882: $? = 0
configure:3871: /usr/bin/gcc -V >&5
gcc: error: unrecognized command line option '-V'
gcc: fatal error: no input files
compilation terminated.
configure:3882: $? = 4
configure:3871: /usr/bin/gcc -qversion >&5
gcc: error: unrecognized command line option '-qversion'
gcc: fatal error: no input files
compilation terminated.
configure:3882: $? = 4
configure:3902: checking whether the C compiler works
configure:3924: /usr/bin/gcc -O2 -I/home/ubuntu/tp-link/TL-SX3016F_trunk/tplink/buildroot-marvell/build/tl-sx3016f/host/usr/include -I/home/ubuntu/tp-link/TL-SX3016F_trunk/tplink/buildroot-marvell/build/tl-sx3016f/host/usr/include -L/home/ubuntu/tp-link/TL-SX3016F_trunk/tplink/buildroot-marvell/build/tl-sx3016f/host/lib -L/home/ubuntu/tp-link/TL-SX3016F_trunk/tplink/buildroot-marvell/build/tl-sx3016f/host/usr/lib -Wl,-rpath,/home/ubuntu/tp-link/TL-SX3016F_trunk/tplink/buildroot-marvell/build/tl-sx3016f/host/usr/lib conftest.c  >&5
configure:3928: $? = 0
configure:3976: result: yes
configure:3979: checking for C compiler default output file name
configure:3981: result: a.out
configure:3987: checking for suffix of executables
configure:3994: /usr/bin/gcc -o conftest -O2 -I/home/ubuntu/tp-link/TL-SX3016F_trunk/tplink/buildroot-marvell/build/tl-sx3016f/host/usr/include -I/home/ubuntu/tp-link/TL-SX3016F_trunk/tplink/buildroot-marvell/build/tl-sx3016f/host/usr/include -L/home/ubuntu/tp-link/TL-SX3016F_trunk/tplink/buildroot-marvell/build/tl-sx3016f/host/lib -L/home/ubuntu/tp-link/TL-SX3016F_trunk/tplink/buildroot-marvell/build/tl-sx3016f/host/usr/lib -Wl,-rpath,/home/ubuntu/tp-link/TL-SX3016F_trunk/tplink/buildroot-marvell/build/tl-sx3016f/host/usr/lib conftest.c  >&5
configure:3998: $? = 0
configure:4020: result: 
configure:4042: checking whether we are cross compiling
configure:4050: /usr/bin/gcc -o conftest -O2 -I/home/ubuntu/tp-link/TL-SX3016F_trunk/tplink/buildroot-marvell/build/tl-sx3016f/host/usr/include -I/home/ubuntu/tp-link/TL-SX3016F_trunk/tplink/buildroot-marvell/build/tl-sx3016f/host/usr/include -L/home/ubuntu/tp-link/TL-SX3016F_trunk/tplink/buildroot-marvell/build/tl-sx3016f/host/lib -L/home/ubuntu/tp-link/TL-SX3016F_trunk/tplink/buildroot-marvell/build/tl-sx3016f/host/usr/lib -Wl,-rpath,/home/ubuntu/tp-link/TL-SX3016F_trunk/tplink/buildroot-marvell/build/tl-sx3016f/host/usr/lib conftest.c  >&5
configure:4054: $? = 0
configure:4061: ./conftest
configure:4065: $? = 0
configure:4080: result: no
configure:4085: checking for suffix of object files
configure:4107: /usr/bin/gcc -c -O2 -I/home/ubuntu/tp-link/TL-SX3016F_trunk/tplink/buildroot-marvell/build/tl-sx3016f/host/usr/include -I/home/ubuntu/tp-link/TL-SX3016F_trunk/tplink/buildroot-marvell/build/tl-sx3016f/host/usr/include conftest.c >&5
configure:4111: $? = 0
configure:4132: result: o
configure:4136: checking whether we are using the GNU C compiler
configure:4155: /usr/bin/gcc -c -O2 -I/home/ubuntu/tp-link/TL-SX3016F_trunk/tplink/buildroot-marvell/build/tl-sx3016f/host/usr/include -I/home/ubuntu/tp-link/TL-SX3016F_trunk/tplink/buildroot-marvell/build/tl-sx3016f/host/usr/include conftest.c >&5
configure:4155: $? = 0
configure:4164: result: yes
configure:4173: checking whether /usr/bin/gcc accepts -g
configure:4193: /usr/bin/gcc -c -g -I/home/ubuntu/tp-link/TL-SX3016F_trunk/tplink/buildroot-marvell/build/tl-sx3016f/host/usr/include conftest.c >&5
configure:4193: $? = 0
configure:4234: result: yes
configure:4251: checking for /usr/bin/gcc option to accept ISO C89
configure:4314: /usr/bin/gcc  -c -O2 -I/home/ubuntu/tp-link/TL-SX3016F_trunk/tplink/buildroot-marvell/build/tl-sx3016f/host/usr/include -I/home/ubuntu/tp-link/TL-SX3016F_trunk/tplink/buildroot-marvell/build/tl-sx3016f/host/usr/include conftest.c >&5
configure:4314: $? = 0
configure:4327: result: none needed
configure:4352: checking whether /usr/bin/gcc understands -c and -o together
configure:4374: /usr/bin/gcc -c conftest.c -o conftest2.o
configure:4377: $? = 0
configure:4374: /usr/bin/gcc -c conftest.c -o conftest2.o
configure:4377: $? = 0
configure:4389: result: yes
configure:4417: checking for style of include used by make
configure:4445: result: GNU
configure:4471: checking dependency style of /usr/bin/gcc
configure:4582: result: none
configure:4603: checking how to run the C preprocessor
configure:4673: result: /usr/bin/cpp
configure:4693: /usr/bin/cpp -I/home/ubuntu/tp-link/TL-SX3016F_trunk/tplink/buildroot-marvell/build/tl-sx3016f/host/usr/include conftest.c
configure:4693: $? = 0
configure:4707: /usr/bin/cpp -I/home/ubuntu/tp-link/TL-SX3016F_trunk/tplink/buildroot-marvell/build/tl-sx3016f/host/usr/include conftest.c
conftest.c:11:28: fatal error: ac_nonexistent.h: No such file or directory
 #include <ac_nonexistent.h>
                            ^
compilation terminated.
configure:4707: $? = 1
configure: failed program was:
| /* confdefs.h */
| #define PACKAGE_NAME "GNU Libtool"
| #define PACKAGE_TARNAME "libtool"
| #define PACKAGE_VERSION "2.4.6"
| #define PACKAGE_STRING "GNU Libtool 2.4.6"
| #define PACKAGE_BUGREPORT "bug-libtool@gnu.org"
| #define PACKAGE_URL "http://www.gnu.org/software/libtool/"
| #define PACKAGE "libtool"
| #define VERSION "2.4.6"
| /* end confdefs.h.  */
| #include <ac_nonexistent.h>
configure:4736: checking for grep that handles long lines and -e
configure:4794: result: /bin/grep
configure:4799: checking for egrep
configure:4861: result: /bin/grep -E
configure:4868: checking for Minix Amsterdam compiler
configure:4892: result: no
configure:5131: checking how to run the C preprocessor
configure:5201: result: /usr/bin/cpp
configure:5221: /usr/bin/cpp -I/home/ubuntu/tp-link/TL-SX3016F_trunk/tplink/buildroot-marvell/build/tl-sx3016f/host/usr/include conftest.c
configure:5221: $? = 0
configure:5235: /usr/bin/cpp -I/home/ubuntu/tp-link/TL-SX3016F_trunk/tplink/buildroot-marvell/build/tl-sx3016f/host/usr/include conftest.c
conftest.c:11:28: fatal error: ac_nonexistent.h: No such file or directory
 #include <ac_nonexistent.h>
                            ^
compilation terminated.
configure:5235: $? = 1
configure: failed program was:
| /* confdefs.h */
| #define PACKAGE_NAME "GNU Libtool"
| #define PACKAGE_TARNAME "libtool"
| #define PACKAGE_VERSION "2.4.6"
| #define PACKAGE_STRING "GNU Libtool 2.4.6"
| #define PACKAGE_BUGREPORT "bug-libtool@gnu.org"
| #define PACKAGE_URL "http://www.gnu.org/software/libtool/"
| #define PACKAGE "libtool"
| #define VERSION "2.4.6"
| /* end confdefs.h.  */
| #include <ac_nonexistent.h>
configure:5313: checking how to print strings
configure:5340: result: printf
configure:5361: checking for a sed that does not truncate output
configure:5425: result: /bin/sed
configure:5443: checking for fgrep
configure:5505: result: /bin/grep -F
configure:5540: checking for ld used by /usr/bin/gcc
configure:5607: result: /usr/bin/ld
configure:5614: checking if the linker (/usr/bin/ld) is GNU ld
configure:5629: result: yes
configure:5641: checking for BSD- or MS-compatible name lister (nm)
configure:5695: result: /usr/bin/nm
configure:5825: checking the name lister (/usr/bin/nm) interface
configure:5832: /usr/bin/gcc -c -O2 -I/home/ubuntu/tp-link/TL-SX3016F_trunk/tplink/buildroot-marvell/build/tl-sx3016f/host/usr/include -I/home/ubuntu/tp-link/TL-SX3016F_trunk/tplink/buildroot-marvell/build/tl-sx3016f/host/usr/include conftest.c >&5
configure:5835: /usr/bin/nm "conftest.o"
configure:5838: output
00000000 B some_variable
configure:5845: result: BSD nm
configure:5848: checking whether ln -s works
configure:5852: result: yes
configure:5860: checking the maximum length of command line arguments
configure:5991: result: 1572864
configure:6039: checking how to convert i686-pc-linux-gnu file names to i686-pc-linux-gnu format
configure:6079: result: func_convert_file_noop
configure:6086: checking how to convert i686-pc-linux-gnu file names to toolchain format
configure:6106: result: func_convert_file_noop
configure:6113: checking for /usr/bin/ld option to reload object files
configure:6120: result: -r
configure:6194: checking for objdump
configure:6210: found /usr/bin/objdump
configure:6221: result: objdump
configure:6250: checking how to recognize dependent libraries
configure:6450: result: pass_all
configure:6535: checking for dlltool
configure:6565: result: no
configure:6592: checking how to associate runtime and link libraries
configure:6619: result: printf %s\n
configure:6743: checking for archiver @FILE support
configure:6760: /usr/bin/gcc -c -O2 -I/home/ubuntu/tp-link/TL-SX3016F_trunk/tplink/buildroot-marvell/build/tl-sx3016f/host/usr/include -I/home/ubuntu/tp-link/TL-SX3016F_trunk/tplink/buildroot-marvell/build/tl-sx3016f/host/usr/include conftest.c >&5
configure:6760: $? = 0
configure:6763: /usr/bin/ar cru libconftest.a @conftest.lst >&5
configure:6766: $? = 0
configure:6771: /usr/bin/ar cru libconftest.a @conftest.lst >&5
/usr/bin/ar: conftest.o: No such file or directory
configure:6774: $? = 1
configure:6786: result: @
configure:6844: checking for strip
configure:6860: found /usr/bin/strip
configure:6871: result: strip
configure:6943: checking for ranlib
configure:6970: result: /usr/bin/ranlib
configure:7072: checking command to parse /usr/bin/nm output from /usr/bin/gcc object
configure:7225: /usr/bin/gcc -c -O2 -I/home/ubuntu/tp-link/TL-SX3016F_trunk/tplink/buildroot-marvell/build/tl-sx3016f/host/usr/include -I/home/ubuntu/tp-link/TL-SX3016F_trunk/tplink/buildroot-marvell/build/tl-sx3016f/host/usr/include conftest.c >&5
configure:7228: $? = 0
configure:7232: /usr/bin/nm conftest.o \| sed -n -e 's/^.*[ ]\([ABCDGIRSTW][ABCDGIRSTW]*\)[ ][ ]*\([_A-Za-z][_A-Za-z0-9]*\)$/\1 \2 \2/p' | sed '/ __gnu_lto/d' \> conftest.nm
configure:7235: $? = 0
configure:7301: /usr/bin/gcc -o conftest -O2 -I/home/ubuntu/tp-link/TL-SX3016F_trunk/tplink/buildroot-marvell/build/tl-sx3016f/host/usr/include -I/home/ubuntu/tp-link/TL-SX3016F_trunk/tplink/buildroot-marvell/build/tl-sx3016f/host/usr/include -L/home/ubuntu/tp-link/TL-SX3016F_trunk/tplink/buildroot-marvell/build/tl-sx3016f/host/lib -L/home/ubuntu/tp-link/TL-SX3016F_trunk/tplink/buildroot-marvell/build/tl-sx3016f/host/usr/lib -Wl,-rpath,/home/ubuntu/tp-link/TL-SX3016F_trunk/tplink/buildroot-marvell/build/tl-sx3016f/host/usr/lib conftest.c conftstm.o >&5
configure:7304: $? = 0
configure:7342: result: ok
configure:7389: checking for sysroot
configure:7419: result: no
configure:7426: checking for a working dd
configure:7464: result: /bin/dd
configure:7468: checking how to truncate binary pipes
configure:7483: result: /bin/dd bs=4096 count=1
configure:7812: checking for mt
configure:7828: found /bin/mt
configure:7839: result: mt
configure:7862: checking if mt is a manifest tool
configure:7868: mt '-?'
configure:7876: result: no
configure:8548: checking for ANSI C header files
configure:8568: /usr/bin/gcc -c -O2 -I/home/ubuntu/tp-link/TL-SX3016F_trunk/tplink/buildroot-marvell/build/tl-sx3016f/host/usr/include -I/home/ubuntu/tp-link/TL-SX3016F_trunk/tplink/buildroot-marvell/build/tl-sx3016f/host/usr/include conftest.c >&5
configure:8568: $? = 0
configure:8641: /usr/bin/gcc -o conftest -O2 -I/home/ubuntu/tp-link/TL-SX3016F_trunk/tplink/buildroot-marvell/build/tl-sx3016f/host/usr/include -I/home/ubuntu/tp-link/TL-SX3016F_trunk/tplink/buildroot-marvell/build/tl-sx3016f/host/usr/include -L/home/ubuntu/tp-link/TL-SX3016F_trunk/tplink/buildroot-marvell/build/tl-sx3016f/host/lib -L/home/ubuntu/tp-link/TL-SX3016F_trunk/tplink/buildroot-marvell/build/tl-sx3016f/host/usr/lib -Wl,-rpath,/home/ubuntu/tp-link/TL-SX3016F_trunk/tplink/buildroot-marvell/build/tl-sx3016f/host/usr/lib conftest.c  >&5
configure:8641: $? = 0
configure:8641: ./conftest
configure:8641: $? = 0
configure:8652: result: yes
configure:8665: checking for sys/types.h
configure:8665: /usr/bin/gcc -c -O2 -I/home/ubuntu/tp-link/TL-SX3016F_trunk/tplink/buildroot-marvell/build/tl-sx3016f/host/usr/include -I/home/ubuntu/tp-link/TL-SX3016F_trunk/tplink/buildroot-marvell/build/tl-sx3016f/host/usr/include conftest.c >&5
configure:8665: $? = 0
configure:8665: result: yes
configure:8665: checking for sys/stat.h
configure:8665: /usr/bin/gcc -c -O2 -I/home/ubuntu/tp-link/TL-SX3016F_trunk/tplink/buildroot-marvell/build/tl-sx3016f/host/usr/include -I/home/ubuntu/tp-link/TL-SX3016F_trunk/tplink/buildroot-marvell/build/tl-sx3016f/host/usr/include conftest.c >&5
configure:8665: $? = 0
configure:8665: result: yes
configure:8665: checking for stdlib.h
configure:8665: /usr/bin/gcc -c -O2 -I/home/ubuntu/tp-link/TL-SX3016F_trunk/tplink/buildroot-marvell/build/tl-sx3016f/host/usr/include -I/home/ubuntu/tp-link/TL-SX3016F_trunk/tplink/buildroot-marvell/build/tl-sx3016f/host/usr/include conftest.c >&5
configure:8665: $? = 0
configure:8665: result: yes
configure:8665: checking for string.h
configure:8665: /usr/bin/gcc -c -O2 -I/home/ubuntu/tp-link/TL-SX3016F_trunk/tplink/buildroot-marvell/build/tl-sx3016f/host/usr/include -I/home/ubuntu/tp-link/TL-SX3016F_trunk/tplink/buildroot-marvell/build/tl-sx3016f/host/usr/include conftest.c >&5
configure:8665: $? = 0
configure:8665: result: yes
configure:8665: checking for memory.h
configure:8665: /usr/bin/gcc -c -O2 -I/home/ubuntu/tp-link/TL-SX3016F_trunk/tplink/buildroot-marvell/build/tl-sx3016f/host/usr/include -I/home/ubuntu/tp-link/TL-SX3016F_trunk/tplink/buildroot-marvell/build/tl-sx3016f/host/usr/include conftest.c >&5
configure:8665: $? = 0
configure:8665: result: yes
configure:8665: checking for strings.h
configure:8665: /usr/bin/gcc -c -O2 -I/home/ubuntu/tp-link/TL-SX3016F_trunk/tplink/buildroot-marvell/build/tl-sx3016f/host/usr/include -I/home/ubuntu/tp-link/TL-SX3016F_trunk/tplink/buildroot-marvell/build/tl-sx3016f/host/usr/include conftest.c >&5
configure:8665: $? = 0
configure:8665: result: yes
configure:8665: checking for inttypes.h
configure:8665: /usr/bin/gcc -c -O2 -I/home/ubuntu/tp-link/TL-SX3016F_trunk/tplink/buildroot-marvell/build/tl-sx3016f/host/usr/include -I/home/ubuntu/tp-link/TL-SX3016F_trunk/tplink/buildroot-marvell/build/tl-sx3016f/host/usr/include conftest.c >&5
configure:8665: $? = 0
configure:8665: result: yes
configure:8665: checking for stdint.h
configure:8665: /usr/bin/gcc -c -O2 -I/home/ubuntu/tp-link/TL-SX3016F_trunk/tplink/buildroot-marvell/build/tl-sx3016f/host/usr/include -I/home/ubuntu/tp-link/TL-SX3016F_trunk/tplink/buildroot-marvell/build/tl-sx3016f/host/usr/include conftest.c >&5
configure:8665: $? = 0
configure:8665: result: yes
configure:8665: checking for unistd.h
configure:8665: /usr/bin/gcc -c -O2 -I/home/ubuntu/tp-link/TL-SX3016F_trunk/tplink/buildroot-marvell/build/tl-sx3016f/host/usr/include -I/home/ubuntu/tp-link/TL-SX3016F_trunk/tplink/buildroot-marvell/build/tl-sx3016f/host/usr/include conftest.c >&5
configure:8665: $? = 0
configure:8665: result: yes
configure:8679: checking for dlfcn.h
configure:8679: /usr/bin/gcc -c -O2 -I/home/ubuntu/tp-link/TL-SX3016F_trunk/tplink/buildroot-marvell/build/tl-sx3016f/host/usr/include -I/home/ubuntu/tp-link/TL-SX3016F_trunk/tplink/buildroot-marvell/build/tl-sx3016f/host/usr/include conftest.c >&5
configure:8679: $? = 0
configure:8679: result: yes
configure:9232: checking for objdir
configure:9247: result: .libs
configure:9511: checking if /usr/bin/gcc supports -fno-rtti -fno-exceptions
configure:9529: /usr/bin/gcc -c -O2 -I/home/ubuntu/tp-link/TL-SX3016F_trunk/tplink/buildroot-marvell/build/tl-sx3016f/host/usr/include -I/home/ubuntu/tp-link/TL-SX3016F_trunk/tplink/buildroot-marvell/build/tl-sx3016f/host/usr/include -fno-rtti -fno-exceptions conftest.c >&5
cc1: warning: command line option '-fno-rtti' is valid for C++/ObjC++ but not for C [enabled by default]
configure:9533: $? = 0
configure:9546: result: no
configure:9904: checking for /usr/bin/gcc option to produce PIC
configure:9911: result: -fPIC -DPIC
configure:9919: checking if /usr/bin/gcc PIC flag -fPIC -DPIC works
configure:9937: /usr/bin/gcc -c -O2 -I/home/ubuntu/tp-link/TL-SX3016F_trunk/tplink/buildroot-marvell/build/tl-sx3016f/host/usr/include -I/home/ubuntu/tp-link/TL-SX3016F_trunk/tplink/buildroot-marvell/build/tl-sx3016f/host/usr/include -fPIC -DPIC -DPIC conftest.c >&5
configure:9941: $? = 0
configure:9954: result: yes
configure:9983: checking if /usr/bin/gcc static flag -static works
configure:10011: result: yes
configure:10026: checking if /usr/bin/gcc supports -c -o file.o
configure:10047: /usr/bin/gcc -c -O2 -I/home/ubuntu/tp-link/TL-SX3016F_trunk/tplink/buildroot-marvell/build/tl-sx3016f/host/usr/include -I/home/ubuntu/tp-link/TL-SX3016F_trunk/tplink/buildroot-marvell/build/tl-sx3016f/host/usr/include -o out/conftest2.o conftest.c >&5
configure:10051: $? = 0
configure:10073: result: yes
configure:10081: checking if /usr/bin/gcc supports -c -o file.o
configure:10128: result: yes
configure:10161: checking whether the /usr/bin/gcc linker (/usr/bin/ld) supports shared libraries
configure:11420: result: yes
configure:11457: checking whether -lc should be explicitly linked in
configure:11465: /usr/bin/gcc -c -O2 -I/home/ubuntu/tp-link/TL-SX3016F_trunk/tplink/buildroot-marvell/build/tl-sx3016f/host/usr/include -I/home/ubuntu/tp-link/TL-SX3016F_trunk/tplink/buildroot-marvell/build/tl-sx3016f/host/usr/include conftest.c >&5
configure:11468: $? = 0
configure:11483: /usr/bin/gcc -shared  -fPIC -DPIC conftest.o  -v -Wl,-soname -Wl,conftest -o conftest 2\>\&1 \| /bin/grep  -lc  \>/dev/null 2\>\&1
configure:11486: $? = 0
configure:11500: result: no
configure:11660: checking dynamic linker characteristics
configure:12241: /usr/bin/gcc -o conftest -O2 -I/home/ubuntu/tp-link/TL-SX3016F_trunk/tplink/buildroot-marvell/build/tl-sx3016f/host/usr/include -I/home/ubuntu/tp-link/TL-SX3016F_trunk/tplink/buildroot-marvell/build/tl-sx3016f/host/usr/include -L/home/ubuntu/tp-link/TL-SX3016F_trunk/tplink/buildroot-marvell/build/tl-sx3016f/host/lib -L/home/ubuntu/tp-link/TL-SX3016F_trunk/tplink/buildroot-marvell/build/tl-sx3016f/host/usr/lib -Wl,-rpath,/home/ubuntu/tp-link/TL-SX3016F_trunk/tplink/buildroot-marvell/build/tl-sx3016f/host/usr/lib -Wl,-rpath -Wl,/foo conftest.c  >&5
configure:12241: $? = 0
configure:12478: result: GNU/Linux ld.so
configure:12600: checking how to hardcode library paths into programs
configure:12625: result: immediate
configure:12727: checking for shl_load
configure:12727: /usr/bin/gcc -o conftest -O2 -I/home/ubuntu/tp-link/TL-SX3016F_trunk/tplink/buildroot-marvell/build/tl-sx3016f/host/usr/include -I/home/ubuntu/tp-link/TL-SX3016F_trunk/tplink/buildroot-marvell/build/tl-sx3016f/host/usr/include -L/home/ubuntu/tp-link/TL-SX3016F_trunk/tplink/buildroot-marvell/build/tl-sx3016f/host/lib -L/home/ubuntu/tp-link/TL-SX3016F_trunk/tplink/buildroot-marvell/build/tl-sx3016f/host/usr/lib -Wl,-rpath,/home/ubuntu/tp-link/TL-SX3016F_trunk/tplink/buildroot-marvell/build/tl-sx3016f/host/usr/lib conftest.c  >&5
/tmp/ccbQ11IW.o: In function `main':
conftest.c:(.text.startup+0x7): undefined reference to `shl_load'
collect2: error: ld returned 1 exit status
configure:12727: $? = 1
configure: failed program was:
| /* confdefs.h */
| #define PACKAGE_NAME "GNU Libtool"
| #define PACKAGE_TARNAME "libtool"
| #define PACKAGE_VERSION "2.4.6"
| #define PACKAGE_STRING "GNU Libtool 2.4.6"
| #define PACKAGE_BUGREPORT "bug-libtool@gnu.org"
| #define PACKAGE_URL "http://www.gnu.org/software/libtool/"
| #define PACKAGE "libtool"
| #define VERSION "2.4.6"
| #define STDC_HEADERS 1
| #define HAVE_SYS_TYPES_H 1
| #define HAVE_SYS_STAT_H 1
| #define HAVE_STDLIB_H 1
| #define HAVE_STRING_H 1
| #define HAVE_MEMORY_H 1
| #define HAVE_STRINGS_H 1
| #define HAVE_INTTYPES_H 1
| #define HAVE_STDINT_H 1
| #define HAVE_UNISTD_H 1
| #define HAVE_DLFCN_H 1
| #define LT_OBJDIR ".libs/"
| /* end confdefs.h.  */
| /* Define shl_load to an innocuous variant, in case <limits.h> declares shl_load.
|    For example, HP-UX 11i <limits.h> declares gettimeofday.  */
| #define shl_load innocuous_shl_load
| 
| /* System header to define __stub macros and hopefully few prototypes,
|     which can conflict with char shl_load (); below.
|     Prefer <limits.h> to <assert.h> if __STDC__ is defined, since
|     <limits.h> exists even on freestanding compilers.  */
| 
| #ifdef __STDC__
| # include <limits.h>
| #else
| # include <assert.h>
| #endif
| 
| #undef shl_load
| 
| /* Override any GCC internal prototype to avoid an error.
|    Use char because int might match the return type of a GCC
|    builtin and then its argument prototype would still apply.  */
| #ifdef __cplusplus
| extern "C"
| #endif
| char shl_load ();
| /* The GNU C library defines this for functions which it implements
|     to always fail with ENOSYS.  Some functions are actually named
|     something starting with __ and the normal name is an alias.  */
| #if defined __stub_shl_load || defined __stub___shl_load
| choke me
| #endif
| 
| int
| main ()
| {
| return shl_load ();
|   ;
|   return 0;
| }
configure:12727: result: no
configure:12731: checking for shl_load in -ldld
configure:12756: /usr/bin/gcc -o conftest -O2 -I/home/ubuntu/tp-link/TL-SX3016F_trunk/tplink/buildroot-marvell/build/tl-sx3016f/host/usr/include -I/home/ubuntu/tp-link/TL-SX3016F_trunk/tplink/buildroot-marvell/build/tl-sx3016f/host/usr/include -L/home/ubuntu/tp-link/TL-SX3016F_trunk/tplink/buildroot-marvell/build/tl-sx3016f/host/lib -L/home/ubuntu/tp-link/TL-SX3016F_trunk/tplink/buildroot-marvell/build/tl-sx3016f/host/usr/lib -Wl,-rpath,/home/ubuntu/tp-link/TL-SX3016F_trunk/tplink/buildroot-marvell/build/tl-sx3016f/host/usr/lib conftest.c -ldld   >&5
/usr/bin/ld: cannot find -ldld
collect2: error: ld returned 1 exit status
configure:12756: $? = 1
configure: failed program was:
| /* confdefs.h */
| #define PACKAGE_NAME "GNU Libtool"
| #define PACKAGE_TARNAME "libtool"
| #define PACKAGE_VERSION "2.4.6"
| #define PACKAGE_STRING "GNU Libtool 2.4.6"
| #define PACKAGE_BUGREPORT "bug-libtool@gnu.org"
| #define PACKAGE_URL "http://www.gnu.org/software/libtool/"
| #define PACKAGE "libtool"
| #define VERSION "2.4.6"
| #define STDC_HEADERS 1
| #define HAVE_SYS_TYPES_H 1
| #define HAVE_SYS_STAT_H 1
| #define HAVE_STDLIB_H 1
| #define HAVE_STRING_H 1
| #define HAVE_MEMORY_H 1
| #define HAVE_STRINGS_H 1
| #define HAVE_INTTYPES_H 1
| #define HAVE_STDINT_H 1
| #define HAVE_UNISTD_H 1
| #define HAVE_DLFCN_H 1
| #define LT_OBJDIR ".libs/"
| /* end confdefs.h.  */
| 
| /* Override any GCC internal prototype to avoid an error.
|    Use char because int might match the return type of a GCC
|    builtin and then its argument prototype would still apply.  */
| #ifdef __cplusplus
| extern "C"
| #endif
| char shl_load ();
| int
| main ()
| {
| return shl_load ();
|   ;
|   return 0;
| }
configure:12765: result: no
configure:12770: checking for dlopen
configure:12770: /usr/bin/gcc -o conftest -O2 -I/home/ubuntu/tp-link/TL-SX3016F_trunk/tplink/buildroot-marvell/build/tl-sx3016f/host/usr/include -I/home/ubuntu/tp-link/TL-SX3016F_trunk/tplink/buildroot-marvell/build/tl-sx3016f/host/usr/include -L/home/ubuntu/tp-link/TL-SX3016F_trunk/tplink/buildroot-marvell/build/tl-sx3016f/host/lib -L/home/ubuntu/tp-link/TL-SX3016F_trunk/tplink/buildroot-marvell/build/tl-sx3016f/host/usr/lib -Wl,-rpath,/home/ubuntu/tp-link/TL-SX3016F_trunk/tplink/buildroot-marvell/build/tl-sx3016f/host/usr/lib conftest.c  >&5
/tmp/cczM9KY2.o: In function `main':
conftest.c:(.text.startup+0x7): undefined reference to `dlopen'
collect2: error: ld returned 1 exit status
configure:12770: $? = 1
configure: failed program was:
| /* confdefs.h */
| #define PACKAGE_NAME "GNU Libtool"
| #define PACKAGE_TARNAME "libtool"
| #define PACKAGE_VERSION "2.4.6"
| #define PACKAGE_STRING "GNU Libtool 2.4.6"
| #define PACKAGE_BUGREPORT "bug-libtool@gnu.org"
| #define PACKAGE_URL "http://www.gnu.org/software/libtool/"
| #define PACKAGE "libtool"
| #define VERSION "2.4.6"
| #define STDC_HEADERS 1
| #define HAVE_SYS_TYPES_H 1
| #define HAVE_SYS_STAT_H 1
| #define HAVE_STDLIB_H 1
| #define HAVE_STRING_H 1
| #define HAVE_MEMORY_H 1
| #define HAVE_STRINGS_H 1
| #define HAVE_INTTYPES_H 1
| #define HAVE_STDINT_H 1
| #define HAVE_UNISTD_H 1
| #define HAVE_DLFCN_H 1
| #define LT_OBJDIR ".libs/"
| /* end confdefs.h.  */
| /* Define dlopen to an innocuous variant, in case <limits.h> declares dlopen.
|    For example, HP-UX 11i <limits.h> declares gettimeofday.  */
| #define dlopen innocuous_dlopen
| 
| /* System header to define __stub macros and hopefully few prototypes,
|     which can conflict with char dlopen (); below.
|     Prefer <limits.h> to <assert.h> if __STDC__ is defined, since
|     <limits.h> exists even on freestanding compilers.  */
| 
| #ifdef __STDC__
| # include <limits.h>
| #else
| # include <assert.h>
| #endif
| 
| #undef dlopen
| 
| /* Override any GCC internal prototype to avoid an error.
|    Use char because int might match the return type of a GCC
|    builtin and then its argument prototype would still apply.  */
| #ifdef __cplusplus
| extern "C"
| #endif
| char dlopen ();
| /* The GNU C library defines this for functions which it implements
|     to always fail with ENOSYS.  Some functions are actually named
|     something starting with __ and the normal name is an alias.  */
| #if defined __stub_dlopen || defined __stub___dlopen
| choke me
| #endif
| 
| int
| main ()
| {
| return dlopen ();
|   ;
|   return 0;
| }
configure:12770: result: no
configure:12774: checking for dlopen in -ldl
configure:12799: /usr/bin/gcc -o conftest -O2 -I/home/ubuntu/tp-link/TL-SX3016F_trunk/tplink/buildroot-marvell/build/tl-sx3016f/host/usr/include -I/home/ubuntu/tp-link/TL-SX3016F_trunk/tplink/buildroot-marvell/build/tl-sx3016f/host/usr/include -L/home/ubuntu/tp-link/TL-SX3016F_trunk/tplink/buildroot-marvell/build/tl-sx3016f/host/lib -L/home/ubuntu/tp-link/TL-SX3016F_trunk/tplink/buildroot-marvell/build/tl-sx3016f/host/usr/lib -Wl,-rpath,/home/ubuntu/tp-link/TL-SX3016F_trunk/tplink/buildroot-marvell/build/tl-sx3016f/host/usr/lib conftest.c -ldl   >&5
configure:12799: $? = 0
configure:12808: result: yes
configure:12927: checking whether a program can dlopen itself
configure:13007: /usr/bin/gcc -o conftest -O2 -I/home/ubuntu/tp-link/TL-SX3016F_trunk/tplink/buildroot-marvell/build/tl-sx3016f/host/usr/include -I/home/ubuntu/tp-link/TL-SX3016F_trunk/tplink/buildroot-marvell/build/tl-sx3016f/host/usr/include -DHAVE_DLFCN_H -L/home/ubuntu/tp-link/TL-SX3016F_trunk/tplink/buildroot-marvell/build/tl-sx3016f/host/lib -L/home/ubuntu/tp-link/TL-SX3016F_trunk/tplink/buildroot-marvell/build/tl-sx3016f/host/usr/lib -Wl,-rpath,/home/ubuntu/tp-link/TL-SX3016F_trunk/tplink/buildroot-marvell/build/tl-sx3016f/host/usr/lib -Wl,--export-dynamic conftest.c -ldl  >&5
configure:13010: $? = 0
configure:13028: result: yes
configure:13033: checking whether a statically linked program can dlopen itself
configure:13113: /usr/bin/gcc -o conftest -O2 -I/home/ubuntu/tp-link/TL-SX3016F_trunk/tplink/buildroot-marvell/build/tl-sx3016f/host/usr/include -I/home/ubuntu/tp-link/TL-SX3016F_trunk/tplink/buildroot-marvell/build/tl-sx3016f/host/usr/include -DHAVE_DLFCN_H -L/home/ubuntu/tp-link/TL-SX3016F_trunk/tplink/buildroot-marvell/build/tl-sx3016f/host/lib -L/home/ubuntu/tp-link/TL-SX3016F_trunk/tplink/buildroot-marvell/build/tl-sx3016f/host/usr/lib -Wl,-rpath,/home/ubuntu/tp-link/TL-SX3016F_trunk/tplink/buildroot-marvell/build/tl-sx3016f/host/usr/lib -Wl,--export-dynamic -static conftest.c -ldl  >&5
/tmp/ccHFHx76.o: In function `main':
conftest.c:(.text.startup+0x1a): warning: Using 'dlopen' in statically linked applications requires at runtime the shared libraries from the glibc version used for linking
/usr/bin/ld: dynamic STT_GNU_IFUNC symbol `strcmp' with pointer equality in `/usr/lib/gcc/i686-linux-gnu/4.8/../../../i386-linux-gnu/libc.a(strcmp.o)' can not be used when making an executable; recompile with -fPIE and relink with -pie
collect2: error: ld returned 1 exit status
configure:13116: $? = 1
configure:13134: result: no
configure:13173: checking whether stripping libraries is possible
configure:13178: result: yes
configure:13213: checking if libtool supports shared libraries
configure:13215: result: yes
configure:13218: checking whether to build shared libraries
configure:13243: result: yes
configure:13246: checking whether to build static libraries
configure:13250: result: no
configure:13288: checking what extension is used for runtime loadable modules
configure:13300: result: .so
configure:13324: checking what variable specifies run-time module search path
configure:13331: result: LD_LIBRARY_PATH
configure:13341: checking for the default library search path
configure:13348: result: /lib /usr/lib /usr/lib/i386-linux-gnu/mesa-egl /usr/lib/i386-linux-gnu/mesa /lib/i386-linux-gnu /usr/lib/i386-linux-gnu /lib/i686-linux-gnu /usr/lib/i686-linux-gnu /usr/local/lib /usr/lib/vmware-tools/lib32/libvmGuestLib.so /usr/lib/vmware-tools/lib64/libvmGuestLib.so /usr/lib/vmware-tools/lib32/libvmGuestLibJava.so /usr/lib/vmware-tools/lib64/libvmGuestLibJava.so /usr/lib/vmware-tools/lib32/libDeployPkg.so /usr/lib/vmware-tools/lib64/libDeployPkg.so 
configure:13379: checking for library containing dlopen
configure:13410: /usr/bin/gcc -o conftest -O2 -I/home/ubuntu/tp-link/TL-SX3016F_trunk/tplink/buildroot-marvell/build/tl-sx3016f/host/usr/include -I/home/ubuntu/tp-link/TL-SX3016F_trunk/tplink/buildroot-marvell/build/tl-sx3016f/host/usr/include -L/home/ubuntu/tp-link/TL-SX3016F_trunk/tplink/buildroot-marvell/build/tl-sx3016f/host/lib -L/home/ubuntu/tp-link/TL-SX3016F_trunk/tplink/buildroot-marvell/build/tl-sx3016f/host/usr/lib -Wl,-rpath,/home/ubuntu/tp-link/TL-SX3016F_trunk/tplink/buildroot-marvell/build/tl-sx3016f/host/usr/lib conftest.c  >&5
/tmp/ccpcEXgd.o: In function `main':
conftest.c:(.text.startup+0x7): undefined reference to `dlopen'
collect2: error: ld returned 1 exit status
configure:13410: $? = 1
configure: failed program was:
| /* confdefs.h */
| #define PACKAGE_NAME "GNU Libtool"
| #define PACKAGE_TARNAME "libtool"
| #define PACKAGE_VERSION "2.4.6"
| #define PACKAGE_STRING "GNU Libtool 2.4.6"
| #define PACKAGE_BUGREPORT "bug-libtool@gnu.org"
| #define PACKAGE_URL "http://www.gnu.org/software/libtool/"
| #define PACKAGE "libtool"
| #define VERSION "2.4.6"
| #define STDC_HEADERS 1
| #define HAVE_SYS_TYPES_H 1
| #define HAVE_SYS_STAT_H 1
| #define HAVE_STDLIB_H 1
| #define HAVE_STRING_H 1
| #define HAVE_MEMORY_H 1
| #define HAVE_STRINGS_H 1
| #define HAVE_INTTYPES_H 1
| #define HAVE_STDINT_H 1
| #define HAVE_UNISTD_H 1
| #define HAVE_DLFCN_H 1
| #define LT_OBJDIR ".libs/"
| #define LT_MODULE_EXT ".so"
| #define LT_MODULE_PATH_VAR "LD_LIBRARY_PATH"
| #define LT_DLSEARCH_PATH "/lib:/usr/lib:/usr/lib/i386-linux-gnu/mesa-egl:/usr/lib/i386-linux-gnu/mesa:/lib/i386-linux-gnu:/usr/lib/i386-linux-gnu:/lib/i686-linux-gnu:/usr/lib/i686-linux-gnu:/usr/local/lib:/usr/lib/vmware-tools/lib32/libvmGuestLib.so:/usr/lib/vmware-tools/lib64/libvmGuestLib.so:/usr/lib/vmware-tools/lib32/libvmGuestLibJava.so:/usr/lib/vmware-tools/lib64/libvmGuestLibJava.so:/usr/lib/vmware-tools/lib32/libDeployPkg.so:/usr/lib/vmware-tools/lib64/libDeployPkg.so"
| /* end confdefs.h.  */
| 
| /* Override any GCC internal prototype to avoid an error.
|    Use char because int might match the return type of a GCC
|    builtin and then its argument prototype would still apply.  */
| #ifdef __cplusplus
| extern "C"
| #endif
| char dlopen ();
| int
| main ()
| {
| return dlopen ();
|   ;
|   return 0;
| }
configure:13410: /usr/bin/gcc -o conftest -O2 -I/home/ubuntu/tp-link/TL-SX3016F_trunk/tplink/buildroot-marvell/build/tl-sx3016f/host/usr/include -I/home/ubuntu/tp-link/TL-SX3016F_trunk/tplink/buildroot-marvell/build/tl-sx3016f/host/usr/include -L/home/ubuntu/tp-link/TL-SX3016F_trunk/tplink/buildroot-marvell/build/tl-sx3016f/host/lib -L/home/ubuntu/tp-link/TL-SX3016F_trunk/tplink/buildroot-marvell/build/tl-sx3016f/host/usr/lib -Wl,-rpath,/home/ubuntu/tp-link/TL-SX3016F_trunk/tplink/buildroot-marvell/build/tl-sx3016f/host/usr/lib conftest.c -ldl   >&5
configure:13410: $? = 0
configure:13427: result: -ldl
configure:13517: checking for dlerror
configure:13517: /usr/bin/gcc -o conftest -O2 -I/home/ubuntu/tp-link/TL-SX3016F_trunk/tplink/buildroot-marvell/build/tl-sx3016f/host/usr/include -I/home/ubuntu/tp-link/TL-SX3016F_trunk/tplink/buildroot-marvell/build/tl-sx3016f/host/usr/include -L/home/ubuntu/tp-link/TL-SX3016F_trunk/tplink/buildroot-marvell/build/tl-sx3016f/host/lib -L/home/ubuntu/tp-link/TL-SX3016F_trunk/tplink/buildroot-marvell/build/tl-sx3016f/host/usr/lib -Wl,-rpath,/home/ubuntu/tp-link/TL-SX3016F_trunk/tplink/buildroot-marvell/build/tl-sx3016f/host/usr/lib conftest.c -ldl  -ldl >&5
configure:13517: $? = 0
configure:13517: result: yes
configure:13531: checking for shl_load
configure:13531: result: no
configure:13538: checking for shl_load in -ldld
configure:13572: result: no
configure:13618: checking for dld_link in -ldld
configure:13643: /usr/bin/gcc -o conftest -O2 -I/home/ubuntu/tp-link/TL-SX3016F_trunk/tplink/buildroot-marvell/build/tl-sx3016f/host/usr/include -I/home/ubuntu/tp-link/TL-SX3016F_trunk/tplink/buildroot-marvell/build/tl-sx3016f/host/usr/include -L/home/ubuntu/tp-link/TL-SX3016F_trunk/tplink/buildroot-marvell/build/tl-sx3016f/host/lib -L/home/ubuntu/tp-link/TL-SX3016F_trunk/tplink/buildroot-marvell/build/tl-sx3016f/host/usr/lib -Wl,-rpath,/home/ubuntu/tp-link/TL-SX3016F_trunk/tplink/buildroot-marvell/build/tl-sx3016f/host/usr/lib conftest.c -ldld  -ldl  >&5
/usr/bin/ld: cannot find -ldld
collect2: error: ld returned 1 exit status
configure:13643: $? = 1
configure: failed program was:
| /* confdefs.h */
| #define PACKAGE_NAME "GNU Libtool"
| #define PACKAGE_TARNAME "libtool"
| #define PACKAGE_VERSION "2.4.6"
| #define PACKAGE_STRING "GNU Libtool 2.4.6"
| #define PACKAGE_BUGREPORT "bug-libtool@gnu.org"
| #define PACKAGE_URL "http://www.gnu.org/software/libtool/"
| #define PACKAGE "libtool"
| #define VERSION "2.4.6"
| #define STDC_HEADERS 1
| #define HAVE_SYS_TYPES_H 1
| #define HAVE_SYS_STAT_H 1
| #define HAVE_STDLIB_H 1
| #define HAVE_STRING_H 1
| #define HAVE_MEMORY_H 1
| #define HAVE_STRINGS_H 1
| #define HAVE_INTTYPES_H 1
| #define HAVE_STDINT_H 1
| #define HAVE_UNISTD_H 1
| #define HAVE_DLFCN_H 1
| #define LT_OBJDIR ".libs/"
| #define LT_MODULE_EXT ".so"
| #define LT_MODULE_PATH_VAR "LD_LIBRARY_PATH"
| #define LT_DLSEARCH_PATH "/lib:/usr/lib:/usr/lib/i386-linux-gnu/mesa-egl:/usr/lib/i386-linux-gnu/mesa:/lib/i386-linux-gnu:/usr/lib/i386-linux-gnu:/lib/i686-linux-gnu:/usr/lib/i686-linux-gnu:/usr/local/lib:/usr/lib/vmware-tools/lib32/libvmGuestLib.so:/usr/lib/vmware-tools/lib64/libvmGuestLib.so:/usr/lib/vmware-tools/lib32/libvmGuestLibJava.so:/usr/lib/vmware-tools/lib64/libvmGuestLibJava.so:/usr/lib/vmware-tools/lib32/libDeployPkg.so:/usr/lib/vmware-tools/lib64/libDeployPkg.so"
| #define HAVE_LIBDL 1
| #define HAVE_DLERROR 1
| /* end confdefs.h.  */
| 
| /* Override any GCC internal prototype to avoid an error.
|    Use char because int might match the return type of a GCC
|    builtin and then its argument prototype would still apply.  */
| #ifdef __cplusplus
| extern "C"
| #endif
| char dld_link ();
| int
| main ()
| {
| return dld_link ();
|   ;
|   return 0;
| }
configure:13652: result: no
configure:13687: checking for _ prefix in compiled symbols
configure:13697: /usr/bin/gcc -c -O2 -I/home/ubuntu/tp-link/TL-SX3016F_trunk/tplink/buildroot-marvell/build/tl-sx3016f/host/usr/include -I/home/ubuntu/tp-link/TL-SX3016F_trunk/tplink/buildroot-marvell/build/tl-sx3016f/host/usr/include conftest.c >&5
configure:13700: $? = 0
configure:13704: /usr/bin/nm conftest.o \| sed -n -e 's/^.*[	 ]\([ABCDGIRSTW][ABCDGIRSTW]*\)[	 ][	 ]*\([_A-Za-z][_A-Za-z0-9]*\)$/\1 \2 \2/p' | sed '/ __gnu_lto/d' \> conftest.nm
configure:13707: $? = 0
configure:13729: result: no
configure:13846: checking whether deplibs are loaded by dlopen
configure:13943: result: yes
configure:13954: checking for argz.h
configure:13954: /usr/bin/gcc -c -O2 -I/home/ubuntu/tp-link/TL-SX3016F_trunk/tplink/buildroot-marvell/build/tl-sx3016f/host/usr/include -I/home/ubuntu/tp-link/TL-SX3016F_trunk/tplink/buildroot-marvell/build/tl-sx3016f/host/usr/include conftest.c >&5
configure:13954: $? = 0
configure:13954: result: yes
configure:13966: checking for error_t
configure:13966: /usr/bin/gcc -c -O2 -I/home/ubuntu/tp-link/TL-SX3016F_trunk/tplink/buildroot-marvell/build/tl-sx3016f/host/usr/include -I/home/ubuntu/tp-link/TL-SX3016F_trunk/tplink/buildroot-marvell/build/tl-sx3016f/host/usr/include conftest.c >&5
configure:13966: $? = 0
configure:13966: /usr/bin/gcc -c -O2 -I/home/ubuntu/tp-link/TL-SX3016F_trunk/tplink/buildroot-marvell/build/tl-sx3016f/host/usr/include -I/home/ubuntu/tp-link/TL-SX3016F_trunk/tplink/buildroot-marvell/build/tl-sx3016f/host/usr/include conftest.c >&5
conftest.c: In function 'main':
conftest.c:37:22: error: expected expression before ')' token
 if (sizeof ((error_t)))
                      ^
configure:13966: $? = 1
configure: failed program was:
| /* confdefs.h */
| #define PACKAGE_NAME "GNU Libtool"
| #define PACKAGE_TARNAME "libtool"
| #define PACKAGE_VERSION "2.4.6"
| #define PACKAGE_STRING "GNU Libtool 2.4.6"
| #define PACKAGE_BUGREPORT "bug-libtool@gnu.org"
| #define PACKAGE_URL "http://www.gnu.org/software/libtool/"
| #define PACKAGE "libtool"
| #define VERSION "2.4.6"
| #define STDC_HEADERS 1
| #define HAVE_SYS_TYPES_H 1
| #define HAVE_SYS_STAT_H 1
| #define HAVE_STDLIB_H 1
| #define HAVE_STRING_H 1
| #define HAVE_MEMORY_H 1
| #define HAVE_STRINGS_H 1
| #define HAVE_INTTYPES_H 1
| #define HAVE_STDINT_H 1
| #define HAVE_UNISTD_H 1
| #define HAVE_DLFCN_H 1
| #define LT_OBJDIR ".libs/"
| #define LT_MODULE_EXT ".so"
| #define LT_MODULE_PATH_VAR "LD_LIBRARY_PATH"
| #define LT_DLSEARCH_PATH "/lib:/usr/lib:/usr/lib/i386-linux-gnu/mesa-egl:/usr/lib/i386-linux-gnu/mesa:/lib/i386-linux-gnu:/usr/lib/i386-linux-gnu:/lib/i686-linux-gnu:/usr/lib/i686-linux-gnu:/usr/local/lib:/usr/lib/vmware-tools/lib32/libvmGuestLib.so:/usr/lib/vmware-tools/lib64/libvmGuestLib.so:/usr/lib/vmware-tools/lib32/libvmGuestLibJava.so:/usr/lib/vmware-tools/lib64/libvmGuestLibJava.so:/usr/lib/vmware-tools/lib32/libDeployPkg.so:/usr/lib/vmware-tools/lib64/libDeployPkg.so"
| #define HAVE_LIBDL 1
| #define HAVE_DLERROR 1
| #define HAVE_LIBDLLOADER 1
| #define HAVE_ARGZ_H 1
| /* end confdefs.h.  */
| #if defined(HAVE_ARGZ_H)
| #  include <argz.h>
| #endif
| 
| int
| main ()
| {
| if (sizeof ((error_t)))
| 	    return 0;
|   ;
|   return 0;
| }
configure:13966: result: yes
configure:13992: checking for argz_add
configure:13992: /usr/bin/gcc -o conftest -O2 -I/home/ubuntu/tp-link/TL-SX3016F_trunk/tplink/buildroot-marvell/build/tl-sx3016f/host/usr/include -I/home/ubuntu/tp-link/TL-SX3016F_trunk/tplink/buildroot-marvell/build/tl-sx3016f/host/usr/include -L/home/ubuntu/tp-link/TL-SX3016F_trunk/tplink/buildroot-marvell/build/tl-sx3016f/host/lib -L/home/ubuntu/tp-link/TL-SX3016F_trunk/tplink/buildroot-marvell/build/tl-sx3016f/host/usr/lib -Wl,-rpath,/home/ubuntu/tp-link/TL-SX3016F_trunk/tplink/buildroot-marvell/build/tl-sx3016f/host/usr/lib conftest.c  >&5
configure:13992: $? = 0
configure:13992: result: yes
configure:13992: checking for argz_append
configure:13992: /usr/bin/gcc -o conftest -O2 -I/home/ubuntu/tp-link/TL-SX3016F_trunk/tplink/buildroot-marvell/build/tl-sx3016f/host/usr/include -I/home/ubuntu/tp-link/TL-SX3016F_trunk/tplink/buildroot-marvell/build/tl-sx3016f/host/usr/include -L/home/ubuntu/tp-link/TL-SX3016F_trunk/tplink/buildroot-marvell/build/tl-sx3016f/host/lib -L/home/ubuntu/tp-link/TL-SX3016F_trunk/tplink/buildroot-marvell/build/tl-sx3016f/host/usr/lib -Wl,-rpath,/home/ubuntu/tp-link/TL-SX3016F_trunk/tplink/buildroot-marvell/build/tl-sx3016f/host/usr/lib conftest.c  >&5
configure:13992: $? = 0
configure:13992: result: yes
configure:13992: checking for argz_count
configure:13992: /usr/bin/gcc -o conftest -O2 -I/home/ubuntu/tp-link/TL-SX3016F_trunk/tplink/buildroot-marvell/build/tl-sx3016f/host/usr/include -I/home/ubuntu/tp-link/TL-SX3016F_trunk/tplink/buildroot-marvell/build/tl-sx3016f/host/usr/include -L/home/ubuntu/tp-link/TL-SX3016F_trunk/tplink/buildroot-marvell/build/tl-sx3016f/host/lib -L/home/ubuntu/tp-link/TL-SX3016F_trunk/tplink/buildroot-marvell/build/tl-sx3016f/host/usr/lib -Wl,-rpath,/home/ubuntu/tp-link/TL-SX3016F_trunk/tplink/buildroot-marvell/build/tl-sx3016f/host/usr/lib conftest.c  >&5
configure:13992: $? = 0
configure:13992: result: yes
configure:13992: checking for argz_create_sep
configure:13992: /usr/bin/gcc -o conftest -O2 -I/home/ubuntu/tp-link/TL-SX3016F_trunk/tplink/buildroot-marvell/build/tl-sx3016f/host/usr/include -I/home/ubuntu/tp-link/TL-SX3016F_trunk/tplink/buildroot-marvell/build/tl-sx3016f/host/usr/include -L/home/ubuntu/tp-link/TL-SX3016F_trunk/tplink/buildroot-marvell/build/tl-sx3016f/host/lib -L/home/ubuntu/tp-link/TL-SX3016F_trunk/tplink/buildroot-marvell/build/tl-sx3016f/host/usr/lib -Wl,-rpath,/home/ubuntu/tp-link/TL-SX3016F_trunk/tplink/buildroot-marvell/build/tl-sx3016f/host/usr/lib conftest.c  >&5
configure:13992: $? = 0
configure:13992: result: yes
configure:13992: checking for argz_insert
configure:13992: /usr/bin/gcc -o conftest -O2 -I/home/ubuntu/tp-link/TL-SX3016F_trunk/tplink/buildroot-marvell/build/tl-sx3016f/host/usr/include -I/home/ubuntu/tp-link/TL-SX3016F_trunk/tplink/buildroot-marvell/build/tl-sx3016f/host/usr/include -L/home/ubuntu/tp-link/TL-SX3016F_trunk/tplink/buildroot-marvell/build/tl-sx3016f/host/lib -L/home/ubuntu/tp-link/TL-SX3016F_trunk/tplink/buildroot-marvell/build/tl-sx3016f/host/usr/lib -Wl,-rpath,/home/ubuntu/tp-link/TL-SX3016F_trunk/tplink/buildroot-marvell/build/tl-sx3016f/host/usr/lib conftest.c  >&5
configure:13992: $? = 0
configure:13992: result: yes
configure:13992: checking for argz_next
configure:13992: /usr/bin/gcc -o conftest -O2 -I/home/ubuntu/tp-link/TL-SX3016F_trunk/tplink/buildroot-marvell/build/tl-sx3016f/host/usr/include -I/home/ubuntu/tp-link/TL-SX3016F_trunk/tplink/buildroot-marvell/build/tl-sx3016f/host/usr/include -L/home/ubuntu/tp-link/TL-SX3016F_trunk/tplink/buildroot-marvell/build/tl-sx3016f/host/lib -L/home/ubuntu/tp-link/TL-SX3016F_trunk/tplink/buildroot-marvell/build/tl-sx3016f/host/usr/lib -Wl,-rpath,/home/ubuntu/tp-link/TL-SX3016F_trunk/tplink/buildroot-marvell/build/tl-sx3016f/host/usr/lib conftest.c  >&5
configure:13992: $? = 0
configure:13992: result: yes
configure:13992: checking for argz_stringify
configure:13992: /usr/bin/gcc -o conftest -O2 -I/home/ubuntu/tp-link/TL-SX3016F_trunk/tplink/buildroot-marvell/build/tl-sx3016f/host/usr/include -I/home/ubuntu/tp-link/TL-SX3016F_trunk/tplink/buildroot-marvell/build/tl-sx3016f/host/usr/include -L/home/ubuntu/tp-link/TL-SX3016F_trunk/tplink/buildroot-marvell/build/tl-sx3016f/host/lib -L/home/ubuntu/tp-link/TL-SX3016F_trunk/tplink/buildroot-marvell/build/tl-sx3016f/host/usr/lib -Wl,-rpath,/home/ubuntu/tp-link/TL-SX3016F_trunk/tplink/buildroot-marvell/build/tl-sx3016f/host/usr/lib conftest.c  >&5
configure:13992: $? = 0
configure:13992: result: yes
configure:14010: checking if argz actually works
configure:14041: result: yes
configure:14060: checking whether libtool supports -dlopen/-dlpreopen
configure:14072: result: yes
configure:14125: checking for unistd.h
configure:14125: result: yes
configure:14125: checking for dl.h
configure:14125: /usr/bin/gcc -c -O2 -I/home/ubuntu/tp-link/TL-SX3016F_trunk/tplink/buildroot-marvell/build/tl-sx3016f/host/usr/include -I/home/ubuntu/tp-link/TL-SX3016F_trunk/tplink/buildroot-marvell/build/tl-sx3016f/host/usr/include conftest.c >&5
conftest.c:75:16: fatal error: dl.h: No such file or directory
 #include <dl.h>
                ^
compilation terminated.
configure:14125: $? = 1
configure: failed program was:
| /* confdefs.h */
| #define PACKAGE_NAME "GNU Libtool"
| #define PACKAGE_TARNAME "libtool"
| #define PACKAGE_VERSION "2.4.6"
| #define PACKAGE_STRING "GNU Libtool 2.4.6"
| #define PACKAGE_BUGREPORT "bug-libtool@gnu.org"
| #define PACKAGE_URL "http://www.gnu.org/software/libtool/"
| #define PACKAGE "libtool"
| #define VERSION "2.4.6"
| #define STDC_HEADERS 1
| #define HAVE_SYS_TYPES_H 1
| #define HAVE_SYS_STAT_H 1
| #define HAVE_STDLIB_H 1
| #define HAVE_STRING_H 1
| #define HAVE_MEMORY_H 1
| #define HAVE_STRINGS_H 1
| #define HAVE_INTTYPES_H 1
| #define HAVE_STDINT_H 1
| #define HAVE_UNISTD_H 1
| #define HAVE_DLFCN_H 1
| #define LT_OBJDIR ".libs/"
| #define LT_MODULE_EXT ".so"
| #define LT_MODULE_PATH_VAR "LD_LIBRARY_PATH"
| #define LT_DLSEARCH_PATH "/lib:/usr/lib:/usr/lib/i386-linux-gnu/mesa-egl:/usr/lib/i386-linux-gnu/mesa:/lib/i386-linux-gnu:/usr/lib/i386-linux-gnu:/lib/i686-linux-gnu:/usr/lib/i686-linux-gnu:/usr/local/lib:/usr/lib/vmware-tools/lib32/libvmGuestLib.so:/usr/lib/vmware-tools/lib64/libvmGuestLib.so:/usr/lib/vmware-tools/lib32/libvmGuestLibJava.so:/usr/lib/vmware-tools/lib64/libvmGuestLibJava.so:/usr/lib/vmware-tools/lib32/libDeployPkg.so:/usr/lib/vmware-tools/lib64/libDeployPkg.so"
| #define HAVE_LIBDL 1
| #define HAVE_DLERROR 1
| #define HAVE_LIBDLLOADER 1
| #define HAVE_ARGZ_H 1
| #define HAVE_ERROR_T 1
| #define HAVE_ARGZ_ADD 1
| #define HAVE_ARGZ_APPEND 1
| #define HAVE_ARGZ_COUNT 1
| #define HAVE_ARGZ_CREATE_SEP 1
| #define HAVE_ARGZ_INSERT 1
| #define HAVE_ARGZ_NEXT 1
| #define HAVE_ARGZ_STRINGIFY 1
| #define HAVE_WORKING_ARGZ 1
| #define HAVE_PRELOADED_SYMBOLS 1
| #define HAVE_UNISTD_H 1
| /* end confdefs.h.  */
| #include <stdio.h>
| #ifdef HAVE_SYS_TYPES_H
| # include <sys/types.h>
| #endif
| #ifdef HAVE_SYS_STAT_H
| # include <sys/stat.h>
| #endif
| #ifdef STDC_HEADERS
| # include <stdlib.h>
| # include <stddef.h>
| #else
| # ifdef HAVE_STDLIB_H
| #  include <stdlib.h>
| # endif
| #endif
| #ifdef HAVE_STRING_H
| # if !defined STDC_HEADERS && defined HAVE_MEMORY_H
| #  include <memory.h>
| # endif
| # include <string.h>
| #endif
| #ifdef HAVE_STRINGS_H
| # include <strings.h>
| #endif
| #ifdef HAVE_INTTYPES_H
| # include <inttypes.h>
| #endif
| #ifdef HAVE_STDINT_H
| # include <stdint.h>
| #endif
| #ifdef HAVE_UNISTD_H
| # include <unistd.h>
| #endif
| 
| #include <dl.h>
configure:14125: result: no
configure:14125: checking for sys/dl.h
configure:14125: /usr/bin/gcc -c -O2 -I/home/ubuntu/tp-link/TL-SX3016F_trunk/tplink/buildroot-marvell/build/tl-sx3016f/host/usr/include -I/home/ubuntu/tp-link/TL-SX3016F_trunk/tplink/buildroot-marvell/build/tl-sx3016f/host/usr/include conftest.c >&5
conftest.c:75:20: fatal error: sys/dl.h: No such file or directory
 #include <sys/dl.h>
                    ^
compilation terminated.
configure:14125: $? = 1
configure: failed program was:
| /* confdefs.h */
| #define PACKAGE_NAME "GNU Libtool"
| #define PACKAGE_TARNAME "libtool"
| #define PACKAGE_VERSION "2.4.6"
| #define PACKAGE_STRING "GNU Libtool 2.4.6"
| #define PACKAGE_BUGREPORT "bug-libtool@gnu.org"
| #define PACKAGE_URL "http://www.gnu.org/software/libtool/"
| #define PACKAGE "libtool"
| #define VERSION "2.4.6"
| #define STDC_HEADERS 1
| #define HAVE_SYS_TYPES_H 1
| #define HAVE_SYS_STAT_H 1
| #define HAVE_STDLIB_H 1
| #define HAVE_STRING_H 1
| #define HAVE_MEMORY_H 1
| #define HAVE_STRINGS_H 1
| #define HAVE_INTTYPES_H 1
| #define HAVE_STDINT_H 1
| #define HAVE_UNISTD_H 1
| #define HAVE_DLFCN_H 1
| #define LT_OBJDIR ".libs/"
| #define LT_MODULE_EXT ".so"
| #define LT_MODULE_PATH_VAR "LD_LIBRARY_PATH"
| #define LT_DLSEARCH_PATH "/lib:/usr/lib:/usr/lib/i386-linux-gnu/mesa-egl:/usr/lib/i386-linux-gnu/mesa:/lib/i386-linux-gnu:/usr/lib/i386-linux-gnu:/lib/i686-linux-gnu:/usr/lib/i686-linux-gnu:/usr/local/lib:/usr/lib/vmware-tools/lib32/libvmGuestLib.so:/usr/lib/vmware-tools/lib64/libvmGuestLib.so:/usr/lib/vmware-tools/lib32/libvmGuestLibJava.so:/usr/lib/vmware-tools/lib64/libvmGuestLibJava.so:/usr/lib/vmware-tools/lib32/libDeployPkg.so:/usr/lib/vmware-tools/lib64/libDeployPkg.so"
| #define HAVE_LIBDL 1
| #define HAVE_DLERROR 1
| #define HAVE_LIBDLLOADER 1
| #define HAVE_ARGZ_H 1
| #define HAVE_ERROR_T 1
| #define HAVE_ARGZ_ADD 1
| #define HAVE_ARGZ_APPEND 1
| #define HAVE_ARGZ_COUNT 1
| #define HAVE_ARGZ_CREATE_SEP 1
| #define HAVE_ARGZ_INSERT 1
| #define HAVE_ARGZ_NEXT 1
| #define HAVE_ARGZ_STRINGIFY 1
| #define HAVE_WORKING_ARGZ 1
| #define HAVE_PRELOADED_SYMBOLS 1
| #define HAVE_UNISTD_H 1
| /* end confdefs.h.  */
| #include <stdio.h>
| #ifdef HAVE_SYS_TYPES_H
| # include <sys/types.h>
| #endif
| #ifdef HAVE_SYS_STAT_H
| # include <sys/stat.h>
| #endif
| #ifdef STDC_HEADERS
| # include <stdlib.h>
| # include <stddef.h>
| #else
| # ifdef HAVE_STDLIB_H
| #  include <stdlib.h>
| # endif
| #endif
| #ifdef HAVE_STRING_H
| # if !defined STDC_HEADERS && defined HAVE_MEMORY_H
| #  include <memory.h>
| # endif
| # include <string.h>
| #endif
| #ifdef HAVE_STRINGS_H
| # include <strings.h>
| #endif
| #ifdef HAVE_INTTYPES_H
| # include <inttypes.h>
| #endif
| #ifdef HAVE_STDINT_H
| # include <stdint.h>
| #endif
| #ifdef HAVE_UNISTD_H
| # include <unistd.h>
| #endif
| 
| #include <sys/dl.h>
configure:14125: result: no
configure:14125: checking for dld.h
configure:14125: /usr/bin/gcc -c -O2 -I/home/ubuntu/tp-link/TL-SX3016F_trunk/tplink/buildroot-marvell/build/tl-sx3016f/host/usr/include -I/home/ubuntu/tp-link/TL-SX3016F_trunk/tplink/buildroot-marvell/build/tl-sx3016f/host/usr/include conftest.c >&5
conftest.c:75:17: fatal error: dld.h: No such file or directory
 #include <dld.h>
                 ^
compilation terminated.
configure:14125: $? = 1
configure: failed program was:
| /* confdefs.h */
| #define PACKAGE_NAME "GNU Libtool"
| #define PACKAGE_TARNAME "libtool"
| #define PACKAGE_VERSION "2.4.6"
| #define PACKAGE_STRING "GNU Libtool 2.4.6"
| #define PACKAGE_BUGREPORT "bug-libtool@gnu.org"
| #define PACKAGE_URL "http://www.gnu.org/software/libtool/"
| #define PACKAGE "libtool"
| #define VERSION "2.4.6"
| #define STDC_HEADERS 1
| #define HAVE_SYS_TYPES_H 1
| #define HAVE_SYS_STAT_H 1
| #define HAVE_STDLIB_H 1
| #define HAVE_STRING_H 1
| #define HAVE_MEMORY_H 1
| #define HAVE_STRINGS_H 1
| #define HAVE_INTTYPES_H 1
| #define HAVE_STDINT_H 1
| #define HAVE_UNISTD_H 1
| #define HAVE_DLFCN_H 1
| #define LT_OBJDIR ".libs/"
| #define LT_MODULE_EXT ".so"
| #define LT_MODULE_PATH_VAR "LD_LIBRARY_PATH"
| #define LT_DLSEARCH_PATH "/lib:/usr/lib:/usr/lib/i386-linux-gnu/mesa-egl:/usr/lib/i386-linux-gnu/mesa:/lib/i386-linux-gnu:/usr/lib/i386-linux-gnu:/lib/i686-linux-gnu:/usr/lib/i686-linux-gnu:/usr/local/lib:/usr/lib/vmware-tools/lib32/libvmGuestLib.so:/usr/lib/vmware-tools/lib64/libvmGuestLib.so:/usr/lib/vmware-tools/lib32/libvmGuestLibJava.so:/usr/lib/vmware-tools/lib64/libvmGuestLibJava.so:/usr/lib/vmware-tools/lib32/libDeployPkg.so:/usr/lib/vmware-tools/lib64/libDeployPkg.so"
| #define HAVE_LIBDL 1
| #define HAVE_DLERROR 1
| #define HAVE_LIBDLLOADER 1
| #define HAVE_ARGZ_H 1
| #define HAVE_ERROR_T 1
| #define HAVE_ARGZ_ADD 1
| #define HAVE_ARGZ_APPEND 1
| #define HAVE_ARGZ_COUNT 1
| #define HAVE_ARGZ_CREATE_SEP 1
| #define HAVE_ARGZ_INSERT 1
| #define HAVE_ARGZ_NEXT 1
| #define HAVE_ARGZ_STRINGIFY 1
| #define HAVE_WORKING_ARGZ 1
| #define HAVE_PRELOADED_SYMBOLS 1
| #define HAVE_UNISTD_H 1
| /* end confdefs.h.  */
| #include <stdio.h>
| #ifdef HAVE_SYS_TYPES_H
| # include <sys/types.h>
| #endif
| #ifdef HAVE_SYS_STAT_H
| # include <sys/stat.h>
| #endif
| #ifdef STDC_HEADERS
| # include <stdlib.h>
| # include <stddef.h>
| #else
| # ifdef HAVE_STDLIB_H
| #  include <stdlib.h>
| # endif
| #endif
| #ifdef HAVE_STRING_H
| # if !defined STDC_HEADERS && defined HAVE_MEMORY_H
| #  include <memory.h>
| # endif
| # include <string.h>
| #endif
| #ifdef HAVE_STRINGS_H
| # include <strings.h>
| #endif
| #ifdef HAVE_INTTYPES_H
| # include <inttypes.h>
| #endif
| #ifdef HAVE_STDINT_H
| # include <stdint.h>
| #endif
| #ifdef HAVE_UNISTD_H
| # include <unistd.h>
| #endif
| 
| #include <dld.h>
configure:14125: result: no
configure:14125: checking for mach-o/dyld.h
configure:14125: /usr/bin/gcc -c -O2 -I/home/ubuntu/tp-link/TL-SX3016F_trunk/tplink/buildroot-marvell/build/tl-sx3016f/host/usr/include -I/home/ubuntu/tp-link/TL-SX3016F_trunk/tplink/buildroot-marvell/build/tl-sx3016f/host/usr/include conftest.c >&5
conftest.c:75:25: fatal error: mach-o/dyld.h: No such file or directory
 #include <mach-o/dyld.h>
                         ^
compilation terminated.
configure:14125: $? = 1
configure: failed program was:
| /* confdefs.h */
| #define PACKAGE_NAME "GNU Libtool"
| #define PACKAGE_TARNAME "libtool"
| #define PACKAGE_VERSION "2.4.6"
| #define PACKAGE_STRING "GNU Libtool 2.4.6"
| #define PACKAGE_BUGREPORT "bug-libtool@gnu.org"
| #define PACKAGE_URL "http://www.gnu.org/software/libtool/"
| #define PACKAGE "libtool"
| #define VERSION "2.4.6"
| #define STDC_HEADERS 1
| #define HAVE_SYS_TYPES_H 1
| #define HAVE_SYS_STAT_H 1
| #define HAVE_STDLIB_H 1
| #define HAVE_STRING_H 1
| #define HAVE_MEMORY_H 1
| #define HAVE_STRINGS_H 1
| #define HAVE_INTTYPES_H 1
| #define HAVE_STDINT_H 1
| #define HAVE_UNISTD_H 1
| #define HAVE_DLFCN_H 1
| #define LT_OBJDIR ".libs/"
| #define LT_MODULE_EXT ".so"
| #define LT_MODULE_PATH_VAR "LD_LIBRARY_PATH"
| #define LT_DLSEARCH_PATH "/lib:/usr/lib:/usr/lib/i386-linux-gnu/mesa-egl:/usr/lib/i386-linux-gnu/mesa:/lib/i386-linux-gnu:/usr/lib/i386-linux-gnu:/lib/i686-linux-gnu:/usr/lib/i686-linux-gnu:/usr/local/lib:/usr/lib/vmware-tools/lib32/libvmGuestLib.so:/usr/lib/vmware-tools/lib64/libvmGuestLib.so:/usr/lib/vmware-tools/lib32/libvmGuestLibJava.so:/usr/lib/vmware-tools/lib64/libvmGuestLibJava.so:/usr/lib/vmware-tools/lib32/libDeployPkg.so:/usr/lib/vmware-tools/lib64/libDeployPkg.so"
| #define HAVE_LIBDL 1
| #define HAVE_DLERROR 1
| #define HAVE_LIBDLLOADER 1
| #define HAVE_ARGZ_H 1
| #define HAVE_ERROR_T 1
| #define HAVE_ARGZ_ADD 1
| #define HAVE_ARGZ_APPEND 1
| #define HAVE_ARGZ_COUNT 1
| #define HAVE_ARGZ_CREATE_SEP 1
| #define HAVE_ARGZ_INSERT 1
| #define HAVE_ARGZ_NEXT 1
| #define HAVE_ARGZ_STRINGIFY 1
| #define HAVE_WORKING_ARGZ 1
| #define HAVE_PRELOADED_SYMBOLS 1
| #define HAVE_UNISTD_H 1
| /* end confdefs.h.  */
| #include <stdio.h>
| #ifdef HAVE_SYS_TYPES_H
| # include <sys/types.h>
| #endif
| #ifdef HAVE_SYS_STAT_H
| # include <sys/stat.h>
| #endif
| #ifdef STDC_HEADERS
| # include <stdlib.h>
| # include <stddef.h>
| #else
| # ifdef HAVE_STDLIB_H
| #  include <stdlib.h>
| # endif
| #endif
| #ifdef HAVE_STRING_H
| # if !defined STDC_HEADERS && defined HAVE_MEMORY_H
| #  include <memory.h>
| # endif
| # include <string.h>
| #endif
| #ifdef HAVE_STRINGS_H
| # include <strings.h>
| #endif
| #ifdef HAVE_INTTYPES_H
| # include <inttypes.h>
| #endif
| #ifdef HAVE_STDINT_H
| # include <stdint.h>
| #endif
| #ifdef HAVE_UNISTD_H
| # include <unistd.h>
| #endif
| 
| #include <mach-o/dyld.h>
configure:14125: result: no
configure:14125: checking for dirent.h
configure:14125: /usr/bin/gcc -c -O2 -I/home/ubuntu/tp-link/TL-SX3016F_trunk/tplink/buildroot-marvell/build/tl-sx3016f/host/usr/include -I/home/ubuntu/tp-link/TL-SX3016F_trunk/tplink/buildroot-marvell/build/tl-sx3016f/host/usr/include conftest.c >&5
configure:14125: $? = 0
configure:14125: result: yes
configure:14140: checking for closedir
configure:14140: /usr/bin/gcc -o conftest -O2 -I/home/ubuntu/tp-link/TL-SX3016F_trunk/tplink/buildroot-marvell/build/tl-sx3016f/host/usr/include -I/home/ubuntu/tp-link/TL-SX3016F_trunk/tplink/buildroot-marvell/build/tl-sx3016f/host/usr/include -L/home/ubuntu/tp-link/TL-SX3016F_trunk/tplink/buildroot-marvell/build/tl-sx3016f/host/lib -L/home/ubuntu/tp-link/TL-SX3016F_trunk/tplink/buildroot-marvell/build/tl-sx3016f/host/usr/lib -Wl,-rpath,/home/ubuntu/tp-link/TL-SX3016F_trunk/tplink/buildroot-marvell/build/tl-sx3016f/host/usr/lib conftest.c  >&5
configure:14140: $? = 0
configure:14140: result: yes
configure:14140: checking for opendir
configure:14140: /usr/bin/gcc -o conftest -O2 -I/home/ubuntu/tp-link/TL-SX3016F_trunk/tplink/buildroot-marvell/build/tl-sx3016f/host/usr/include -I/home/ubuntu/tp-link/TL-SX3016F_trunk/tplink/buildroot-marvell/build/tl-sx3016f/host/usr/include -L/home/ubuntu/tp-link/TL-SX3016F_trunk/tplink/buildroot-marvell/build/tl-sx3016f/host/lib -L/home/ubuntu/tp-link/TL-SX3016F_trunk/tplink/buildroot-marvell/build/tl-sx3016f/host/usr/lib -Wl,-rpath,/home/ubuntu/tp-link/TL-SX3016F_trunk/tplink/buildroot-marvell/build/tl-sx3016f/host/usr/lib conftest.c  >&5
configure:14140: $? = 0
configure:14140: result: yes
configure:14140: checking for readdir
configure:14140: /usr/bin/gcc -o conftest -O2 -I/home/ubuntu/tp-link/TL-SX3016F_trunk/tplink/buildroot-marvell/build/tl-sx3016f/host/usr/include -I/home/ubuntu/tp-link/TL-SX3016F_trunk/tplink/buildroot-marvell/build/tl-sx3016f/host/usr/include -L/home/ubuntu/tp-link/TL-SX3016F_trunk/tplink/buildroot-marvell/build/tl-sx3016f/host/lib -L/home/ubuntu/tp-link/TL-SX3016F_trunk/tplink/buildroot-marvell/build/tl-sx3016f/host/usr/lib -Wl,-rpath,/home/ubuntu/tp-link/TL-SX3016F_trunk/tplink/buildroot-marvell/build/tl-sx3016f/host/usr/lib conftest.c  >&5
configure:14140: $? = 0
configure:14140: result: yes
configure:14159: checking for strlcat
configure:14159: /usr/bin/gcc -o conftest -O2 -I/home/ubuntu/tp-link/TL-SX3016F_trunk/tplink/buildroot-marvell/build/tl-sx3016f/host/usr/include -I/home/ubuntu/tp-link/TL-SX3016F_trunk/tplink/buildroot-marvell/build/tl-sx3016f/host/usr/include -L/home/ubuntu/tp-link/TL-SX3016F_trunk/tplink/buildroot-marvell/build/tl-sx3016f/host/lib -L/home/ubuntu/tp-link/TL-SX3016F_trunk/tplink/buildroot-marvell/build/tl-sx3016f/host/usr/lib -Wl,-rpath,/home/ubuntu/tp-link/TL-SX3016F_trunk/tplink/buildroot-marvell/build/tl-sx3016f/host/usr/lib conftest.c  >&5
/tmp/ccAWmsy2.o: In function `main':
conftest.c:(.text.startup+0x7): undefined reference to `strlcat'
collect2: error: ld returned 1 exit status
configure:14159: $? = 1
configure: failed program was:
| /* confdefs.h */
| #define PACKAGE_NAME "GNU Libtool"
| #define PACKAGE_TARNAME "libtool"
| #define PACKAGE_VERSION "2.4.6"
| #define PACKAGE_STRING "GNU Libtool 2.4.6"
| #define PACKAGE_BUGREPORT "bug-libtool@gnu.org"
| #define PACKAGE_URL "http://www.gnu.org/software/libtool/"
| #define PACKAGE "libtool"
| #define VERSION "2.4.6"
| #define STDC_HEADERS 1
| #define HAVE_SYS_TYPES_H 1
| #define HAVE_SYS_STAT_H 1
| #define HAVE_STDLIB_H 1
| #define HAVE_STRING_H 1
| #define HAVE_MEMORY_H 1
| #define HAVE_STRINGS_H 1
| #define HAVE_INTTYPES_H 1
| #define HAVE_STDINT_H 1
| #define HAVE_UNISTD_H 1
| #define HAVE_DLFCN_H 1
| #define LT_OBJDIR ".libs/"
| #define LT_MODULE_EXT ".so"
| #define LT_MODULE_PATH_VAR "LD_LIBRARY_PATH"
| #define LT_DLSEARCH_PATH "/lib:/usr/lib:/usr/lib/i386-linux-gnu/mesa-egl:/usr/lib/i386-linux-gnu/mesa:/lib/i386-linux-gnu:/usr/lib/i386-linux-gnu:/lib/i686-linux-gnu:/usr/lib/i686-linux-gnu:/usr/local/lib:/usr/lib/vmware-tools/lib32/libvmGuestLib.so:/usr/lib/vmware-tools/lib64/libvmGuestLib.so:/usr/lib/vmware-tools/lib32/libvmGuestLibJava.so:/usr/lib/vmware-tools/lib64/libvmGuestLibJava.so:/usr/lib/vmware-tools/lib32/libDeployPkg.so:/usr/lib/vmware-tools/lib64/libDeployPkg.so"
| #define HAVE_LIBDL 1
| #define HAVE_DLERROR 1
| #define HAVE_LIBDLLOADER 1
| #define HAVE_ARGZ_H 1
| #define HAVE_ERROR_T 1
| #define HAVE_ARGZ_ADD 1
| #define HAVE_ARGZ_APPEND 1
| #define HAVE_ARGZ_COUNT 1
| #define HAVE_ARGZ_CREATE_SEP 1
| #define HAVE_ARGZ_INSERT 1
| #define HAVE_ARGZ_NEXT 1
| #define HAVE_ARGZ_STRINGIFY 1
| #define HAVE_WORKING_ARGZ 1
| #define HAVE_PRELOADED_SYMBOLS 1
| #define HAVE_UNISTD_H 1
| #define HAVE_DIRENT_H 1
| #define HAVE_CLOSEDIR 1
| #define HAVE_OPENDIR 1
| #define HAVE_READDIR 1
| /* end confdefs.h.  */
| /* Define strlcat to an innocuous variant, in case <limits.h> declares strlcat.
|    For example, HP-UX 11i <limits.h> declares gettimeofday.  */
| #define strlcat innocuous_strlcat
| 
| /* System header to define __stub macros and hopefully few prototypes,
|     which can conflict with char strlcat (); below.
|     Prefer <limits.h> to <assert.h> if __STDC__ is defined, since
|     <limits.h> exists even on freestanding compilers.  */
| 
| #ifdef __STDC__
| # include <limits.h>
| #else
| # include <assert.h>
| #endif
| 
| #undef strlcat
| 
| /* Override any GCC internal prototype to avoid an error.
|    Use char because int might match the return type of a GCC
|    builtin and then its argument prototype would still apply.  */
| #ifdef __cplusplus
| extern "C"
| #endif
| char strlcat ();
| /* The GNU C library defines this for functions which it implements
|     to always fail with ENOSYS.  Some functions are actually named
|     something starting with __ and the normal name is an alias.  */
| #if defined __stub_strlcat || defined __stub___strlcat
| choke me
| #endif
| 
| int
| main ()
| {
| return strlcat ();
|   ;
|   return 0;
| }
configure:14159: result: no
configure:14159: checking for strlcpy
configure:14159: /usr/bin/gcc -o conftest -O2 -I/home/ubuntu/tp-link/TL-SX3016F_trunk/tplink/buildroot-marvell/build/tl-sx3016f/host/usr/include -I/home/ubuntu/tp-link/TL-SX3016F_trunk/tplink/buildroot-marvell/build/tl-sx3016f/host/usr/include -L/home/ubuntu/tp-link/TL-SX3016F_trunk/tplink/buildroot-marvell/build/tl-sx3016f/host/lib -L/home/ubuntu/tp-link/TL-SX3016F_trunk/tplink/buildroot-marvell/build/tl-sx3016f/host/usr/lib -Wl,-rpath,/home/ubuntu/tp-link/TL-SX3016F_trunk/tplink/buildroot-marvell/build/tl-sx3016f/host/usr/lib conftest.c  >&5
/tmp/cc03ggp1.o: In function `main':
conftest.c:(.text.startup+0x7): undefined reference to `strlcpy'
collect2: error: ld returned 1 exit status
configure:14159: $? = 1
configure: failed program was:
| /* confdefs.h */
| #define PACKAGE_NAME "GNU Libtool"
| #define PACKAGE_TARNAME "libtool"
| #define PACKAGE_VERSION "2.4.6"
| #define PACKAGE_STRING "GNU Libtool 2.4.6"
| #define PACKAGE_BUGREPORT "bug-libtool@gnu.org"
| #define PACKAGE_URL "http://www.gnu.org/software/libtool/"
| #define PACKAGE "libtool"
| #define VERSION "2.4.6"
| #define STDC_HEADERS 1
| #define HAVE_SYS_TYPES_H 1
| #define HAVE_SYS_STAT_H 1
| #define HAVE_STDLIB_H 1
| #define HAVE_STRING_H 1
| #define HAVE_MEMORY_H 1
| #define HAVE_STRINGS_H 1
| #define HAVE_INTTYPES_H 1
| #define HAVE_STDINT_H 1
| #define HAVE_UNISTD_H 1
| #define HAVE_DLFCN_H 1
| #define LT_OBJDIR ".libs/"
| #define LT_MODULE_EXT ".so"
| #define LT_MODULE_PATH_VAR "LD_LIBRARY_PATH"
| #define LT_DLSEARCH_PATH "/lib:/usr/lib:/usr/lib/i386-linux-gnu/mesa-egl:/usr/lib/i386-linux-gnu/mesa:/lib/i386-linux-gnu:/usr/lib/i386-linux-gnu:/lib/i686-linux-gnu:/usr/lib/i686-linux-gnu:/usr/local/lib:/usr/lib/vmware-tools/lib32/libvmGuestLib.so:/usr/lib/vmware-tools/lib64/libvmGuestLib.so:/usr/lib/vmware-tools/lib32/libvmGuestLibJava.so:/usr/lib/vmware-tools/lib64/libvmGuestLibJava.so:/usr/lib/vmware-tools/lib32/libDeployPkg.so:/usr/lib/vmware-tools/lib64/libDeployPkg.so"
| #define HAVE_LIBDL 1
| #define HAVE_DLERROR 1
| #define HAVE_LIBDLLOADER 1
| #define HAVE_ARGZ_H 1
| #define HAVE_ERROR_T 1
| #define HAVE_ARGZ_ADD 1
| #define HAVE_ARGZ_APPEND 1
| #define HAVE_ARGZ_COUNT 1
| #define HAVE_ARGZ_CREATE_SEP 1
| #define HAVE_ARGZ_INSERT 1
| #define HAVE_ARGZ_NEXT 1
| #define HAVE_ARGZ_STRINGIFY 1
| #define HAVE_WORKING_ARGZ 1
| #define HAVE_PRELOADED_SYMBOLS 1
| #define HAVE_UNISTD_H 1
| #define HAVE_DIRENT_H 1
| #define HAVE_CLOSEDIR 1
| #define HAVE_OPENDIR 1
| #define HAVE_READDIR 1
| /* end confdefs.h.  */
| /* Define strlcpy to an innocuous variant, in case <limits.h> declares strlcpy.
|    For example, HP-UX 11i <limits.h> declares gettimeofday.  */
| #define strlcpy innocuous_strlcpy
| 
| /* System header to define __stub macros and hopefully few prototypes,
|     which can conflict with char strlcpy (); below.
|     Prefer <limits.h> to <assert.h> if __STDC__ is defined, since
|     <limits.h> exists even on freestanding compilers.  */
| 
| #ifdef __STDC__
| # include <limits.h>
| #else
| # include <assert.h>
| #endif
| 
| #undef strlcpy
| 
| /* Override any GCC internal prototype to avoid an error.
|    Use char because int might match the return type of a GCC
|    builtin and then its argument prototype would still apply.  */
| #ifdef __cplusplus
| extern "C"
| #endif
| char strlcpy ();
| /* The GNU C library defines this for functions which it implements
|     to always fail with ENOSYS.  Some functions are actually named
|     something starting with __ and the normal name is an alias.  */
| #if defined __stub_strlcpy || defined __stub___strlcpy
| choke me
| #endif
| 
| int
| main ()
| {
| return strlcpy ();
|   ;
|   return 0;
| }
configure:14159: result: no
configure:14308: checking for C++ compiler version
configure:14317: /usr/bin/g++ --version >&5
g++ (Ubuntu 4.8.4-2ubuntu1~14.04.4) 4.8.4
Copyright (C) 2013 Free Software Foundation, Inc.
This is free software; see the source for copying conditions.  There is NO
warranty; not even for MERCHANTABILITY or FITNESS FOR A PARTICULAR PURPOSE.

configure:14328: $? = 0
configure:14317: /usr/bin/g++ -v >&5
Using built-in specs.
COLLECT_GCC=/usr/bin/g++
COLLECT_LTO_WRAPPER=/usr/lib/gcc/i686-linux-gnu/4.8/lto-wrapper
Target: i686-linux-gnu
Configured with: ../src/configure -v --with-pkgversion='Ubuntu 4.8.4-2ubuntu1~14.04.4' --with-bugurl=file:///usr/share/doc/gcc-4.8/README.Bugs --enable-languages=c,c++,java,go,d,fortran,objc,obj-c++ --prefix=/usr --program-suffix=-4.8 --enable-shared --enable-linker-build-id --libexecdir=/usr/lib --without-included-gettext --enable-threads=posix --with-gxx-include-dir=/usr/include/c++/4.8 --libdir=/usr/lib --enable-nls --with-sysroot=/ --enable-clocale=gnu --enable-libstdcxx-debug --enable-libstdcxx-time=yes --enable-gnu-unique-object --disable-libmudflap --enable-plugin --with-system-zlib --disable-browser-plugin --enable-java-awt=gtk --enable-gtk-cairo --with-java-home=/usr/lib/jvm/java-1.5.0-gcj-4.8-i386/jre --enable-java-home --with-jvm-root-dir=/usr/lib/jvm/java-1.5.0-gcj-4.8-i386 --with-jvm-jar-dir=/usr/lib/jvm-exports/java-1.5.0-gcj-4.8-i386 --with-arch-directory=i386 --with-ecj-jar=/usr/share/java/eclipse-ecj.jar --enable-objc-gc --enable-targets=all --enable-multiarch --disable-werror --with-arch-32=i686 --with-multilib-list=m32,m64,mx32 --with-tune=generic --enable-checking=release --build=i686-linux-gnu --host=i686-linux-gnu --target=i686-linux-gnu
Thread model: posix
gcc version 4.8.4 (Ubuntu 4.8.4-2ubuntu1~14.04.4) 
configure:14328: $? = 0
configure:14317: /usr/bin/g++ -V >&5
g++: error: unrecognized command line option '-V'
g++: fatal error: no input files
compilation terminated.
configure:14328: $? = 4
configure:14317: /usr/bin/g++ -qversion >&5
g++: error: unrecognized command line option '-qversion'
g++: fatal error: no input files
compilation terminated.
configure:14328: $? = 4
configure:14332: checking whether we are using the GNU C++ compiler
configure:14351: /usr/bin/g++ -c -O2 -I/home/ubuntu/tp-link/TL-SX3016F_trunk/tplink/buildroot-marvell/build/tl-sx3016f/host/usr/include -I/home/ubuntu/tp-link/TL-SX3016F_trunk/tplink/buildroot-marvell/build/tl-sx3016f/host/usr/include conftest.cpp >&5
configure:14351: $? = 0
configure:14360: result: yes
configure:14369: checking whether /usr/bin/g++ accepts -g
configure:14389: /usr/bin/g++ -c -g -I/home/ubuntu/tp-link/TL-SX3016F_trunk/tplink/buildroot-marvell/build/tl-sx3016f/host/usr/include conftest.cpp >&5
configure:14389: $? = 0
configure:14430: result: yes
configure:14455: checking dependency style of /usr/bin/g++
configure:14566: result: none
configure:14600: checking how to run the C++ preprocessor
configure:14627: /usr/bin/g++ -E -I/home/ubuntu/tp-link/TL-SX3016F_trunk/tplink/buildroot-marvell/build/tl-sx3016f/host/usr/include conftest.cpp
configure:14627: $? = 0
configure:14641: /usr/bin/g++ -E -I/home/ubuntu/tp-link/TL-SX3016F_trunk/tplink/buildroot-marvell/build/tl-sx3016f/host/usr/include conftest.cpp
conftest.cpp:47:28: fatal error: ac_nonexistent.h: No such file or directory
 #include <ac_nonexistent.h>
                            ^
compilation terminated.
configure:14641: $? = 1
configure: failed program was:
| /* confdefs.h */
| #define PACKAGE_NAME "GNU Libtool"
| #define PACKAGE_TARNAME "libtool"
| #define PACKAGE_VERSION "2.4.6"
| #define PACKAGE_STRING "GNU Libtool 2.4.6"
| #define PACKAGE_BUGREPORT "bug-libtool@gnu.org"
| #define PACKAGE_URL "http://www.gnu.org/software/libtool/"
| #define PACKAGE "libtool"
| #define VERSION "2.4.6"
| #define STDC_HEADERS 1
| #define HAVE_SYS_TYPES_H 1
| #define HAVE_SYS_STAT_H 1
| #define HAVE_STDLIB_H 1
| #define HAVE_STRING_H 1
| #define HAVE_MEMORY_H 1
| #define HAVE_STRINGS_H 1
| #define HAVE_INTTYPES_H 1
| #define HAVE_STDINT_H 1
| #define HAVE_UNISTD_H 1
| #define HAVE_DLFCN_H 1
| #define LT_OBJDIR ".libs/"
| #define LT_MODULE_EXT ".so"
| #define LT_MODULE_PATH_VAR "LD_LIBRARY_PATH"
| #define LT_DLSEARCH_PATH "/lib:/usr/lib:/usr/lib/i386-linux-gnu/mesa-egl:/usr/lib/i386-linux-gnu/mesa:/lib/i386-linux-gnu:/usr/lib/i386-linux-gnu:/lib/i686-linux-gnu:/usr/lib/i686-linux-gnu:/usr/local/lib:/usr/lib/vmware-tools/lib32/libvmGuestLib.so:/usr/lib/vmware-tools/lib64/libvmGuestLib.so:/usr/lib/vmware-tools/lib32/libvmGuestLibJava.so:/usr/lib/vmware-tools/lib64/libvmGuestLibJava.so:/usr/lib/vmware-tools/lib32/libDeployPkg.so:/usr/lib/vmware-tools/lib64/libDeployPkg.so"
| #define HAVE_LIBDL 1
| #define HAVE_DLERROR 1
| #define HAVE_LIBDLLOADER 1
| #define HAVE_ARGZ_H 1
| #define HAVE_ERROR_T 1
| #define HAVE_ARGZ_ADD 1
| #define HAVE_ARGZ_APPEND 1
| #define HAVE_ARGZ_COUNT 1
| #define HAVE_ARGZ_CREATE_SEP 1
| #define HAVE_ARGZ_INSERT 1
| #define HAVE_ARGZ_NEXT 1
| #define HAVE_ARGZ_STRINGIFY 1
| #define HAVE_WORKING_ARGZ 1
| #define HAVE_PRELOADED_SYMBOLS 1
| #define HAVE_UNISTD_H 1
| #define HAVE_DIRENT_H 1
| #define HAVE_CLOSEDIR 1
| #define HAVE_OPENDIR 1
| #define HAVE_READDIR 1
| #define LT_LIBEXT "a"
| #define LT_LIBPREFIX "lib"
| /* end confdefs.h.  */
| #include <ac_nonexistent.h>
configure:14666: result: /usr/bin/g++ -E
configure:14686: /usr/bin/g++ -E -I/home/ubuntu/tp-link/TL-SX3016F_trunk/tplink/buildroot-marvell/build/tl-sx3016f/host/usr/include conftest.cpp
configure:14686: $? = 0
configure:14700: /usr/bin/g++ -E -I/home/ubuntu/tp-link/TL-SX3016F_trunk/tplink/buildroot-marvell/build/tl-sx3016f/host/usr/include conftest.cpp
conftest.cpp:47:28: fatal error: ac_nonexistent.h: No such file or directory
 #include <ac_nonexistent.h>
                            ^
compilation terminated.
configure:14700: $? = 1
configure: failed program was:
| /* confdefs.h */
| #define PACKAGE_NAME "GNU Libtool"
| #define PACKAGE_TARNAME "libtool"
| #define PACKAGE_VERSION "2.4.6"
| #define PACKAGE_STRING "GNU Libtool 2.4.6"
| #define PACKAGE_BUGREPORT "bug-libtool@gnu.org"
| #define PACKAGE_URL "http://www.gnu.org/software/libtool/"
| #define PACKAGE "libtool"
| #define VERSION "2.4.6"
| #define STDC_HEADERS 1
| #define HAVE_SYS_TYPES_H 1
| #define HAVE_SYS_STAT_H 1
| #define HAVE_STDLIB_H 1
| #define HAVE_STRING_H 1
| #define HAVE_MEMORY_H 1
| #define HAVE_STRINGS_H 1
| #define HAVE_INTTYPES_H 1
| #define HAVE_STDINT_H 1
| #define HAVE_UNISTD_H 1
| #define HAVE_DLFCN_H 1
| #define LT_OBJDIR ".libs/"
| #define LT_MODULE_EXT ".so"
| #define LT_MODULE_PATH_VAR "LD_LIBRARY_PATH"
| #define LT_DLSEARCH_PATH "/lib:/usr/lib:/usr/lib/i386-linux-gnu/mesa-egl:/usr/lib/i386-linux-gnu/mesa:/lib/i386-linux-gnu:/usr/lib/i386-linux-gnu:/lib/i686-linux-gnu:/usr/lib/i686-linux-gnu:/usr/local/lib:/usr/lib/vmware-tools/lib32/libvmGuestLib.so:/usr/lib/vmware-tools/lib64/libvmGuestLib.so:/usr/lib/vmware-tools/lib32/libvmGuestLibJava.so:/usr/lib/vmware-tools/lib64/libvmGuestLibJava.so:/usr/lib/vmware-tools/lib32/libDeployPkg.so:/usr/lib/vmware-tools/lib64/libDeployPkg.so"
| #define HAVE_LIBDL 1
| #define HAVE_DLERROR 1
| #define HAVE_LIBDLLOADER 1
| #define HAVE_ARGZ_H 1
| #define HAVE_ERROR_T 1
| #define HAVE_ARGZ_ADD 1
| #define HAVE_ARGZ_APPEND 1
| #define HAVE_ARGZ_COUNT 1
| #define HAVE_ARGZ_CREATE_SEP 1
| #define HAVE_ARGZ_INSERT 1
| #define HAVE_ARGZ_NEXT 1
| #define HAVE_ARGZ_STRINGIFY 1
| #define HAVE_WORKING_ARGZ 1
| #define HAVE_PRELOADED_SYMBOLS 1
| #define HAVE_UNISTD_H 1
| #define HAVE_DIRENT_H 1
| #define HAVE_CLOSEDIR 1
| #define HAVE_OPENDIR 1
| #define HAVE_READDIR 1
| #define LT_LIBEXT "a"
| #define LT_LIBPREFIX "lib"
| /* end confdefs.h.  */
| #include <ac_nonexistent.h>
configure:14862: checking for ld used by /usr/bin/g++
configure:14929: result: /usr/bin/ld
configure:14936: checking if the linker (/usr/bin/ld) is GNU ld
configure:14951: result: yes
configure:15006: checking whether the /usr/bin/g++ linker (/usr/bin/ld) supports shared libraries
configure:16079: result: yes
configure:16115: /usr/bin/g++ -c -O2 -I/home/ubuntu/tp-link/TL-SX3016F_trunk/tplink/buildroot-marvell/build/tl-sx3016f/host/usr/include -I/home/ubuntu/tp-link/TL-SX3016F_trunk/tplink/buildroot-marvell/build/tl-sx3016f/host/usr/include conftest.cpp >&5
configure:16118: $? = 0
configure:16599: checking for /usr/bin/g++ option to produce PIC
configure:16606: result: -fPIC -DPIC
configure:16614: checking if /usr/bin/g++ PIC flag -fPIC -DPIC works
configure:16632: /usr/bin/g++ -c -O2 -I/home/ubuntu/tp-link/TL-SX3016F_trunk/tplink/buildroot-marvell/build/tl-sx3016f/host/usr/include -I/home/ubuntu/tp-link/TL-SX3016F_trunk/tplink/buildroot-marvell/build/tl-sx3016f/host/usr/include -fPIC -DPIC -DPIC conftest.cpp >&5
configure:16636: $? = 0
configure:16649: result: yes
configure:16672: checking if /usr/bin/g++ static flag -static works
configure:16700: result: yes
configure:16712: checking if /usr/bin/g++ supports -c -o file.o
configure:16733: /usr/bin/g++ -c -O2 -I/home/ubuntu/tp-link/TL-SX3016F_trunk/tplink/buildroot-marvell/build/tl-sx3016f/host/usr/include -I/home/ubuntu/tp-link/TL-SX3016F_trunk/tplink/buildroot-marvell/build/tl-sx3016f/host/usr/include -o out/conftest2.o conftest.cpp >&5
configure:16737: $? = 0
configure:16759: result: yes
configure:16764: checking if /usr/bin/g++ supports -c -o file.o
configure:16811: result: yes
configure:16841: checking whether the /usr/bin/g++ linker (/usr/bin/ld) supports shared libraries
configure:16881: result: yes
configure:17022: checking dynamic linker characteristics
configure:17767: result: GNU/Linux ld.so
configure:17832: checking how to hardcode library paths into programs
configure:17857: result: immediate
configure:17950: checking for g77
configure:17980: result: no
configure:17950: checking for xlf
configure:17980: result: no
configure:17950: checking for f77
configure:17980: result: no
configure:17950: checking for frt
configure:17980: result: no
configure:17950: checking for pgf77
configure:17980: result: no
configure:17950: checking for cf77
configure:17980: result: no
configure:17950: checking for fort77
configure:17980: result: no
configure:17950: checking for fl32
configure:17980: result: no
configure:17950: checking for af77
configure:17980: result: no
configure:17950: checking for xlf90
configure:17980: result: no
configure:17950: checking for f90
configure:17980: result: no
configure:17950: checking for pgf90
configure:17980: result: no
configure:17950: checking for pghpf
configure:17980: result: no
configure:17950: checking for epcf90
configure:17980: result: no
configure:17950: checking for gfortran
configure:17980: result: no
configure:17950: checking for g95
configure:17980: result: no
configure:17950: checking for xlf95
configure:17980: result: no
configure:17950: checking for f95
configure:17980: result: no
configure:17950: checking for fort
configure:17980: result: no
configure:17950: checking for ifort
configure:17980: result: no
configure:17950: checking for ifc
configure:17980: result: no
configure:17950: checking for efc
configure:17980: result: no
configure:17950: checking for pgfortran
configure:17980: result: no
configure:17950: checking for pgf95
configure:17980: result: no
configure:17950: checking for lf95
configure:17980: result: no
configure:17950: checking for ftn
configure:17980: result: no
configure:17950: checking for nagfor
configure:17980: result: no
configure:18003: checking for Fortran 77 compiler version
configure:18012:  --version >&5
./configure: line 18014: --version: command not found
configure:18023: $? = 127
configure:18012:  -v >&5
./configure: line 18014: -v: command not found
configure:18023: $? = 127
configure:18012:  -V >&5
./configure: line 18014: -V: command not found
configure:18023: $? = 127
configure:18012:  -qversion >&5
./configure: line 18014: -qversion: command not found
configure:18023: $? = 127
configure:18032: checking whether we are using the GNU Fortran 77 compiler
configure:18045:  -c  conftest.F >&5
./configure: line 2092: -c: command not found
configure:18045: $? = 127
configure: failed program was:
|       program main
| #ifndef __GNUC__
|        choke me
| #endif
| 
|       end
configure:18054: result: no
configure:18060: checking whether  accepts -g
configure:18071:  -c -g conftest.f >&5
./configure: line 2092: -c: command not found
configure:18071: $? = 127
configure: failed program was:
|       program main
| 
|       end
configure:18079: result: no
configure:21103: checking for gfortran
configure:21133: result: no
configure:21103: checking for g95
configure:21133: result: no
configure:21103: checking for xlf95
configure:21133: result: no
configure:21103: checking for f95
configure:21133: result: no
configure:21103: checking for fort
configure:21133: result: no
configure:21103: checking for ifort
configure:21133: result: no
configure:21103: checking for ifc
configure:21133: result: no
configure:21103: checking for efc
configure:21133: result: no
configure:21103: checking for pgfortran
configure:21133: result: no
configure:21103: checking for pgf95
configure:21133: result: no
configure:21103: checking for lf95
configure:21133: result: no
configure:21103: checking for ftn
configure:21133: result: no
configure:21103: checking for nagfor
configure:21133: result: no
configure:21103: checking for xlf90
configure:21133: result: no
configure:21103: checking for f90
configure:21133: result: no
configure:21103: checking for pgf90
configure:21133: result: no
configure:21103: checking for pghpf
configure:21133: result: no
configure:21103: checking for epcf90
configure:21133: result: no
configure:21103: checking for g77
configure:21133: result: no
configure:21103: checking for xlf
configure:21133: result: no
configure:21103: checking for f77
configure:21133: result: no
configure:21103: checking for frt
configure:21133: result: no
configure:21103: checking for pgf77
configure:21133: result: no
configure:21103: checking for cf77
configure:21133: result: no
configure:21103: checking for fort77
configure:21133: result: no
configure:21103: checking for fl32
configure:21133: result: no
configure:21103: checking for af77
configure:21133: result: no
configure:21156: checking for Fortran compiler version
configure:21165:  --version >&5
./configure: line 21167: --version: command not found
configure:21176: $? = 127
configure:21165:  -v >&5
./configure: line 21167: -v: command not found
configure:21176: $? = 127
configure:21165:  -V >&5
./configure: line 21167: -V: command not found
configure:21176: $? = 127
configure:21165:  -qversion >&5
./configure: line 21167: -qversion: command not found
configure:21176: $? = 127
configure:21185: checking whether we are using the GNU Fortran compiler
configure:21198:  -c   conftest.F >&5
./configure: line 2176: -c: command not found
configure:21198: $? = 127
configure: failed program was:
|       program main
| #ifndef __GNUC__
|        choke me
| #endif
| 
|       end
configure:21207: result: no
configure:21213: checking whether  accepts -g
configure:21224:  -c -g  conftest.f >&5
./configure: line 2176: -c: command not found
configure:21224: $? = 127
configure: failed program was:
|       program main
| 
|       end
configure:21232: result: no
configure:24394: checking for gccgo
configure:24424: result: no
configure:26620: checking for gcj
configure:26650: result: no
configure:28847: checking for windres
configure:28877: result: no
configure:29177: checking that generated files are newer than configure
configure:29183: result: done
configure:29257: creating ./config.status

## ---------------------- ##
## Running config.status. ##
## ---------------------- ##

This file was extended by GNU Libtool config.status 2.4.6, which was
generated by GNU Autoconf 2.69.  Invocation command line was

  CONFIG_FILES    = 
  CONFIG_HEADERS  = 
  CONFIG_LINKS    = 
  CONFIG_COMMANDS = 
  $ ./config.status 

on ubuntu

config.status:1487: creating Makefile
config.status:1487: creating config.h
config.status:1747: executing tests/atconfig commands
config.status:1747: executing depfiles commands
config.status:1747: executing libtool commands
configure:32926: WARNING: unrecognized options: --disable-gtk-doc, --disable-gtk-doc-html, --disable-doc, --disable-docs, --disable-documentation, --disable-debug, --with-xmlto, --with-fop

## ---------------- ##
## Cache variables. ##
## ---------------- ##

ac_cv_build=i686-pc-linux-gnu
ac_cv_c_compiler_gnu=yes
ac_cv_cxx_compiler_gnu=yes
ac_cv_env_CCC_set=
ac_cv_env_CCC_value=
ac_cv_env_CC_set=set
ac_cv_env_CC_value=/usr/bin/gcc
ac_cv_env_CFLAGS_set=set
ac_cv_env_CFLAGS_value='-O2 -I/home/ubuntu/tp-link/TL-SX3016F_trunk/tplink/buildroot-marvell/build/tl-sx3016f/host/usr/include'
ac_cv_env_CPPFLAGS_set=set
ac_cv_env_CPPFLAGS_value=-I/home/ubuntu/tp-link/TL-SX3016F_trunk/tplink/buildroot-marvell/build/tl-sx3016f/host/usr/include
ac_cv_env_CPP_set=set
ac_cv_env_CPP_value=/usr/bin/cpp
ac_cv_env_CXXCPP_set=
ac_cv_env_CXXCPP_value=
ac_cv_env_CXXFLAGS_set=set
ac_cv_env_CXXFLAGS_value='-O2 -I/home/ubuntu/tp-link/TL-SX3016F_trunk/tplink/buildroot-marvell/build/tl-sx3016f/host/usr/include'
ac_cv_env_CXX_set=set
ac_cv_env_CXX_value=/usr/bin/g++
ac_cv_env_F77_set=
ac_cv_env_F77_value=
ac_cv_env_FCFLAGS_set=
ac_cv_env_FCFLAGS_value=
ac_cv_env_FC_set=
ac_cv_env_FC_value=
ac_cv_env_FFLAGS_set=
ac_cv_env_FFLAGS_value=
ac_cv_env_LDFLAGS_set=set
ac_cv_env_LDFLAGS_value='-L/home/ubuntu/tp-link/TL-SX3016F_trunk/tplink/buildroot-marvell/build/tl-sx3016f/host/lib -L/home/ubuntu/tp-link/TL-SX3016F_trunk/tplink/buildroot-marvell/build/tl-sx3016f/host/usr/lib -Wl,-rpath,/home/ubuntu/tp-link/TL-SX3016F_trunk/tplink/buildroot-marvell/build/tl-sx3016f/host/usr/lib'
ac_cv_env_LIBS_set=
ac_cv_env_LIBS_value=
ac_cv_env_LT_SYS_LIBRARY_PATH_set=
ac_cv_env_LT_SYS_LIBRARY_PATH_value=
ac_cv_env_M4_set=
ac_cv_env_M4_value=
ac_cv_env_build_alias_set=
ac_cv_env_build_alias_value=
ac_cv_env_host_alias_set=
ac_cv_env_host_alias_value=
ac_cv_env_target_alias_set=
ac_cv_env_target_alias_value=
ac_cv_f77_compiler_gnu=no
ac_cv_fc_compiler_gnu=no
ac_cv_func_argz_add=yes
ac_cv_func_argz_append=yes
ac_cv_func_argz_count=yes
ac_cv_func_argz_create_sep=yes
ac_cv_func_argz_insert=yes
ac_cv_func_argz_next=yes
ac_cv_func_argz_stringify=yes
ac_cv_func_closedir=yes
ac_cv_func_dlerror=yes
ac_cv_func_dlopen=no
ac_cv_func_opendir=yes
ac_cv_func_readdir=yes
ac_cv_func_shl_load=no
ac_cv_func_strlcat=no
ac_cv_func_strlcpy=no
ac_cv_header_argz_h=yes
ac_cv_header_dirent_h=yes
ac_cv_header_dl_h=no
ac_cv_header_dld_h=no
ac_cv_header_dlfcn_h=yes
ac_cv_header_inttypes_h=yes
ac_cv_header_mach_o_dyld_h=no
ac_cv_header_memory_h=yes
ac_cv_header_stdc=yes
ac_cv_header_stdint_h=yes
ac_cv_header_stdlib_h=yes
ac_cv_header_string_h=yes
ac_cv_header_strings_h=yes
ac_cv_header_sys_dl_h=no
ac_cv_header_sys_stat_h=yes
ac_cv_header_sys_types_h=yes
ac_cv_header_unistd_h=yes
ac_cv_host=i686-pc-linux-gnu
ac_cv_lib_dl_dlopen=yes
ac_cv_lib_dld_dld_link=no
ac_cv_lib_dld_shl_load=no
ac_cv_objext=o
ac_cv_path_EGREP='/bin/grep -E'
ac_cv_path_FGREP='/bin/grep -F'
ac_cv_path_GREP=/bin/grep
ac_cv_path_M4=/home/ubuntu/tp-link/TL-SX3016F_trunk/tplink/buildroot-marvell/build/tl-sx3016f/host/usr/bin/m4
ac_cv_path_SED=/bin/sed
ac_cv_path_install='/usr/bin/install -c'
ac_cv_path_lt_DD=/bin/dd
ac_cv_path_mkdir=/bin/mkdir
ac_cv_prog_AWK=gawk
ac_cv_prog_CPP=/usr/bin/cpp
ac_cv_prog_CXXCPP='/usr/bin/g++ -E'
ac_cv_prog_ac_ct_CC=/usr/bin/gcc
ac_cv_prog_ac_ct_MANIFEST_TOOL=mt
ac_cv_prog_ac_ct_OBJDUMP=objdump
ac_cv_prog_ac_ct_RANLIB=/usr/bin/ranlib
ac_cv_prog_ac_ct_STRIP=strip
ac_cv_prog_cc_c89=
ac_cv_prog_cc_g=yes
ac_cv_prog_cxx_g=yes
ac_cv_prog_f77_g=no
ac_cv_prog_fc_g=no
ac_cv_prog_gnu_m4_debugfile=--debugfile
ac_cv_prog_gnu_m4_gnu=yes
ac_cv_prog_make_make_set=yes
ac_cv_search_dlopen=-ldl
ac_cv_type_error_t=yes
am_cv_CC_dependencies_compiler_type=none
am_cv_CXX_dependencies_compiler_type=none
am_cv_make_support_nested_variables=yes
am_cv_prog_cc_c_o=yes
gl_cv_c_amsterdam_compiler=no
libltdl_cv_lib_dl_dlopen=yes
libltdl_cv_preloaded_symbols=yes
libltdl_cv_shlibext=.so
libltdl_cv_shrext=.so
lt_cv_ar_at_file=@
lt_cv_archive_cmds_need_lc=no
lt_cv_deplibs_check_method=pass_all
lt_cv_dlopen=dlopen
lt_cv_dlopen_libs=-ldl
lt_cv_dlopen_self=yes
lt_cv_dlopen_self_static=no
lt_cv_file_magic_cmd='$MAGIC_CMD'
lt_cv_file_magic_test_file=
lt_cv_ld_reload_flag=-r
lt_cv_module_path_var=LD_LIBRARY_PATH
lt_cv_nm_interface='BSD nm'
lt_cv_objdir=.libs
lt_cv_path_LD=/usr/bin/ld
lt_cv_path_LDCXX=/usr/bin/ld
lt_cv_path_NM=/usr/bin/nm
lt_cv_path_mainfest_tool=no
lt_cv_prog_compiler_c_o=yes
lt_cv_prog_compiler_c_o_CXX=yes
lt_cv_prog_compiler_c_o_RC=yes
lt_cv_prog_compiler_pic='-fPIC -DPIC'
lt_cv_prog_compiler_pic_CXX='-fPIC -DPIC'
lt_cv_prog_compiler_pic_works=yes
lt_cv_prog_compiler_pic_works_CXX=yes
lt_cv_prog_compiler_rtti_exceptions=no
lt_cv_prog_compiler_static_works=yes
lt_cv_prog_compiler_static_works_CXX=yes
lt_cv_prog_gnu_ld=yes
lt_cv_prog_gnu_ldcxx=yes
lt_cv_sharedlib_from_linklib_cmd='printf %s\n'
lt_cv_shlibpath_overrides_runpath=no
lt_cv_sys_argz_works=yes
lt_cv_sys_dlopen_deplibs=yes
lt_cv_sys_dlsearch_path='/lib /usr/lib /usr/lib/i386-linux-gnu/mesa-egl /usr/lib/i386-linux-gnu/mesa /lib/i386-linux-gnu /usr/lib/i386-linux-gnu /lib/i686-linux-gnu /usr/lib/i686-linux-gnu /usr/local/lib /usr/lib/vmware-tools/lib32/libvmGuestLib.so /usr/lib/vmware-tools/lib64/libvmGuestLib.so /usr/lib/vmware-tools/lib32/libvmGuestLibJava.so /usr/lib/vmware-tools/lib64/libvmGuestLibJava.so /usr/lib/vmware-tools/lib32/libDeployPkg.so /usr/lib/vmware-tools/lib64/libDeployPkg.so '
lt_cv_sys_global_symbol_pipe='sed -n -e '\''s/^.*[	 ]\([ABCDGIRSTW][ABCDGIRSTW]*\)[	 ][	 ]*\([_A-Za-z][_A-Za-z0-9]*\)$/\1 \2 \2/p'\'' | sed '\''/ __gnu_lto/d'\'''
lt_cv_sys_global_symbol_to_c_name_address='sed -n -e '\''s/^: \(.*\) .*$/  {"\1", (void *) 0},/p'\'' -e '\''s/^[ABCDGIRSTW][ABCDGIRSTW]* .* \(.*\)$/  {"\1", (void *) \&\1},/p'\'''
lt_cv_sys_global_symbol_to_c_name_address_lib_prefix='sed -n -e '\''s/^: \(.*\) .*$/  {"\1", (void *) 0},/p'\'' -e '\''s/^[ABCDGIRSTW][ABCDGIRSTW]* .* \(lib.*\)$/  {"\1", (void *) \&\1},/p'\'' -e '\''s/^[ABCDGIRSTW][ABCDGIRSTW]* .* \(.*\)$/  {"lib\1", (void *) \&\1},/p'\'''
lt_cv_sys_global_symbol_to_cdecl='sed -n -e '\''s/^T .* \(.*\)$/extern int \1();/p'\'' -e '\''s/^[ABCDGIRSTW][ABCDGIRSTW]* .* \(.*\)$/extern char \1;/p'\'''
lt_cv_sys_global_symbol_to_import=
lt_cv_sys_max_cmd_len=1572864
lt_cv_sys_symbol_underscore=no
lt_cv_to_host_file_cmd=func_convert_file_noop
lt_cv_to_tool_file_cmd=func_convert_file_noop
lt_cv_truncate_bin='/bin/dd bs=4096 count=1'

## ----------------- ##
## Output variables. ##
## ----------------- ##

ACLOCAL='${SHELL} /home/ubuntu/tp-link/TL-SX3016F_trunk/tplink/buildroot-marvell/build/tl-sx3016f/build/host-libtool-2.4.6/build-aux/missing aclocal-1.15'
AMDEPBACKSLASH=''
AMDEP_FALSE=''
AMDEP_TRUE='#'
AMTAR='$${TAR-tar}'
AM_BACKSLASH='\'
AM_DEFAULT_V='$(AM_DEFAULT_VERBOSITY)'
AM_DEFAULT_VERBOSITY='0'
AM_V='$(V)'
AR='/usr/bin/ar'
ARFLAGS='cru'
AS='/usr/bin/as'
AUTOCONF='${SHELL} /home/ubuntu/tp-link/TL-SX3016F_trunk/tplink/buildroot-marvell/build/tl-sx3016f/build/host-libtool-2.4.6/build-aux/missing autoconf'
AUTOHEADER='${SHELL} /home/ubuntu/tp-link/TL-SX3016F_trunk/tplink/buildroot-marvell/build/tl-sx3016f/build/host-libtool-2.4.6/build-aux/missing autoheader'
AUTOM4TE='autom4te'
AUTOMAKE='${SHELL} /home/ubuntu/tp-link/TL-SX3016F_trunk/tplink/buildroot-marvell/build/tl-sx3016f/build/host-libtool-2.4.6/build-aux/missing automake-1.15'
AUTOTEST='$(AUTOM4TE) --language=autotest'
AWK='gawk'
CC='/usr/bin/gcc'
CCDEPMODE='depmode=none'
CFLAGS='-O2 -I/home/ubuntu/tp-link/TL-SX3016F_trunk/tplink/buildroot-marvell/build/tl-sx3016f/host/usr/include'
CONFIG_INCLUDE='config.h'
CONFIG_STATUS_DEPENDENCIES='$(srcdir)/.version'
CONVENIENCE_LTDL_FALSE=''
CONVENIENCE_LTDL_TRUE='#'
CPP='/usr/bin/cpp'
CPPFLAGS='-I/home/ubuntu/tp-link/TL-SX3016F_trunk/tplink/buildroot-marvell/build/tl-sx3016f/host/usr/include'
CXX='/usr/bin/g++'
CXXCPP='/usr/bin/g++ -E'
CXXDEPMODE='depmode=none'
CXXFLAGS='-O2 -I/home/ubuntu/tp-link/TL-SX3016F_trunk/tplink/buildroot-marvell/build/tl-sx3016f/host/usr/include'
CYGPATH_W='echo'
DEFS='-DHAVE_CONFIG_H'
DEPDIR='.deps'
DLLTOOL='false'
DSYMUTIL=''
DUMPBIN=''
ECHO_C=''
ECHO_N='-n'
ECHO_T=''
EGREP='/bin/grep -E'
EXEEXT=''
F77=''
FC=''
FCFLAGS=''
FFLAGS=''
FGREP='/bin/grep -F'
GCJ=''
GCJFLAGS='-g -O2'
GL_COND_LIBTOOL_FALSE='#'
GL_COND_LIBTOOL_TRUE=''
GL_LIBOBJS=''
GL_LTLIBOBJS=''
GLtests_LIBOBJS=''
GLtests_LTLIBOBJS=''
GLtests_WITNESS='IN_LIBTOOL_GNULIB_TESTS'
GOC=''
GREP='/bin/grep'
HELP2MAN='${SHELL} /home/ubuntu/tp-link/TL-SX3016F_trunk/tplink/buildroot-marvell/build/tl-sx3016f/build/host-libtool-2.4.6/build-aux/missing help2man'
INSTALL_DATA='${INSTALL} -m 644'
INSTALL_LTDL_FALSE='#'
INSTALL_LTDL_TRUE=''
INSTALL_PROGRAM='${INSTALL}'
INSTALL_SCRIPT='${INSTALL}'
INSTALL_STRIP_PROGRAM='$(install_sh) -c -s'
LD='/usr/bin/ld'
LDFLAGS='-L/home/ubuntu/tp-link/TL-SX3016F_trunk/tplink/buildroot-marvell/build/tl-sx3016f/host/lib -L/home/ubuntu/tp-link/TL-SX3016F_trunk/tplink/buildroot-marvell/build/tl-sx3016f/host/usr/lib -Wl,-rpath,/home/ubuntu/tp-link/TL-SX3016F_trunk/tplink/buildroot-marvell/build/tl-sx3016f/host/usr/lib'
LIBADD_DL='-ldl '
LIBADD_DLD_LINK=''
LIBADD_DLOPEN='-ldl'
LIBADD_SHL_LOAD=''
LIBOBJS=' ${LIBOBJDIR}lt__strl$U.o'
LIBS=''
LIBTOOL='$(SHELL) $(top_builddir)/libtool'
LIPO=''
LN_S='ln -s'
LTDLOPEN='libltdl'
LTLIBOBJS=' ${LIBOBJDIR}lt__strl$U.lo'
LT_ARGZ_H=''
LT_CONFIG_H='config.h'
LT_DLLOADERS=' libltdl/dlopen.la'
LT_DLPREOPEN='-dlpreopen libltdl/dlopen.la '
LT_SYS_LIBRARY_PATH=''
M4='/home/ubuntu/tp-link/TL-SX3016F_trunk/tplink/buildroot-marvell/build/tl-sx3016f/host/usr/bin/m4'
M4_DEBUGFILE='--debugfile'
M4_GNU='--gnu'
MAKEINFO='true'
MANIFEST_TOOL=':'
MKDIR_P='/bin/mkdir -p'
NM='/usr/bin/nm'
NMEDIT=''
OBJDUMP='objdump'
OBJEXT='o'
OTOOL64=''
OTOOL=''
PACKAGE='libtool'
PACKAGE_BUGREPORT='bug-libtool@gnu.org'
PACKAGE_NAME='GNU Libtool'
PACKAGE_STRING='GNU Libtool 2.4.6'
PACKAGE_TARNAME='libtool'
PACKAGE_URL='http://www.gnu.org/software/libtool/'
PACKAGE_VERSION='2.4.6'
PATH_SEPARATOR=':'
RANLIB='/usr/bin/ranlib'
RC=''
SED='/bin/sed'
SET_MAKE=''
SHELL='/bin/sh'
STRIP='strip'
VERSION='2.4.6'
ac_ct_AR=''
ac_ct_CC='/usr/bin/gcc'
ac_ct_CXX=''
ac_ct_DUMPBIN=''
ac_ct_F77=''
ac_ct_FC=''
aclocaldir='$(datadir)/aclocal'
am__EXEEXT_FALSE=''
am__EXEEXT_TRUE='#'
am__fastdepCC_FALSE=''
am__fastdepCC_TRUE='#'
am__fastdepCXX_FALSE=''
am__fastdepCXX_TRUE='#'
am__include='include'
am__isrc=''
am__leading_dot='.'
am__nodep=''
am__quote=''
am__tar='$${TAR-tar} chof - "$$tardir"'
am__untar='$${TAR-tar} xf -'
aux_dir='build-aux'
bindir='${exec_prefix}/bin'
build='i686-pc-linux-gnu'
build_alias=''
build_cpu='i686'
build_os='linux-gnu'
build_vendor='pc'
datadir='${datarootdir}'
datarootdir='${prefix}/share'
docdir='${datarootdir}/doc/${PACKAGE_TARNAME}'
dvidir='${docdir}'
exec_prefix='${prefix}'
host='i686-pc-linux-gnu'
host_alias=''
host_cpu='i686'
host_os='linux-gnu'
host_vendor='pc'
htmldir='${docdir}'
includedir='${prefix}/include'
infodir='${datarootdir}/info'
install_sh='${SHELL} /home/ubuntu/tp-link/TL-SX3016F_trunk/tplink/buildroot-marvell/build/tl-sx3016f/build/host-libtool-2.4.6/build-aux/install-sh'
libdir='${exec_prefix}/lib'
libexecdir='${exec_prefix}/libexec'
localedir='${datarootdir}/locale'
localstatedir='/home/ubuntu/tp-link/TL-SX3016F_trunk/tplink/buildroot-marvell/build/tl-sx3016f/host/var'
ltdl_dir='libltdl'
macro_dir='m4'
mandir='${datarootdir}/man'
mkdir_p='$(MKDIR_P)'
oldincludedir='/usr/include'
package_revision='2.4.6'
pdfdir='${docdir}'
pkgaux_scripts='compile config.guess config.sub depcomp install-sh missing'
pkgdatadir='$(datadir)/libtool'
prefix='/home/ubuntu/tp-link/TL-SX3016F_trunk/tplink/buildroot-marvell/build/tl-sx3016f/host/usr'
program_transform_name='s,x,x,'
psdir='${docdir}'
sbindir='${exec_prefix}/sbin'
sharedstatedir='${prefix}/com'
sys_symbol_underscore='no'
sysconfdir='/home/ubuntu/tp-link/TL-SX3016F_trunk/tplink/buildroot-marvell/build/tl-sx3016f/host/etc'
target_alias=''
to_host_file_cmd='func_convert_file_noop'
to_tool_file_cmd='func_convert_file_noop'
with_aix_soname='aix'

## ----------- ##
## confdefs.h. ##
## ----------- ##

/* confdefs.h */
#define PACKAGE_NAME "GNU Libtool"
#define PACKAGE_TARNAME "libtool"
#define PACKAGE_VERSION "2.4.6"
#define PACKAGE_STRING "GNU Libtool 2.4.6"
#define PACKAGE_BUGREPORT "bug-libtool@gnu.org"
#define PACKAGE_URL "http://www.gnu.org/software/libtool/"
#define PACKAGE "libtool"
#define VERSION "2.4.6"
#define STDC_HEADERS 1
#define HAVE_SYS_TYPES_H 1
#define HAVE_SYS_STAT_H 1
#define HAVE_STDLIB_H 1
#define HAVE_STRING_H 1
#define HAVE_MEMORY_H 1
#define HAVE_STRINGS_H 1
#define HAVE_INTTYPES_H 1
#define HAVE_STDINT_H 1
#define HAVE_UNISTD_H 1
#define HAVE_DLFCN_H 1
#define LT_OBJDIR ".libs/"
#define LT_MODULE_EXT ".so"
#define LT_MODULE_PATH_VAR "LD_LIBRARY_PATH"
#define LT_DLSEARCH_PATH "/lib:/usr/lib:/usr/lib/i386-linux-gnu/mesa-egl:/usr/lib/i386-linux-gnu/mesa:/lib/i386-linux-gnu:/usr/lib/i386-linux-gnu:/lib/i686-linux-gnu:/usr/lib/i686-linux-gnu:/usr/local/lib:/usr/lib/vmware-tools/lib32/libvmGuestLib.so:/usr/lib/vmware-tools/lib64/libvmGuestLib.so:/usr/lib/vmware-tools/lib32/libvmGuestLibJava.so:/usr/lib/vmware-tools/lib64/libvmGuestLibJava.so:/usr/lib/vmware-tools/lib32/libDeployPkg.so:/usr/lib/vmware-tools/lib64/libDeployPkg.so"
#define HAVE_LIBDL 1
#define HAVE_DLERROR 1
#define HAVE_LIBDLLOADER 1
#define HAVE_ARGZ_H 1
#define HAVE_ERROR_T 1
#define HAVE_ARGZ_ADD 1
#define HAVE_ARGZ_APPEND 1
#define HAVE_ARGZ_COUNT 1
#define HAVE_ARGZ_CREATE_SEP 1
#define HAVE_ARGZ_INSERT 1
#define HAVE_ARGZ_NEXT 1
#define HAVE_ARGZ_STRINGIFY 1
#define HAVE_WORKING_ARGZ 1
#define HAVE_PRELOADED_SYMBOLS 1
#define HAVE_UNISTD_H 1
#define HAVE_DIRENT_H 1
#define HAVE_CLOSEDIR 1
#define HAVE_OPENDIR 1
#define HAVE_READDIR 1
#define LT_LIBEXT "a"
#define LT_LIBPREFIX "lib"

configure: exit 0
