This file contains any messages produced by compilers while
running configure, to aid debugging if configure makes a mistake.

It was created by fakeroot configure 1.18.4, which was
generated by GNU Autoconf 2.69.  Invocation command line was

  $ ./configure --prefix=/project/trunk/MV-AC3_GPL/tplink/buildroot-marvell/build/mv-ac3/host/usr --sysconfdir=/project/trunk/MV-AC3_GPL/tplink/buildroot-marvell/build/mv-ac3/host/etc --localstatedir=/project/trunk/MV-AC3_GPL/tplink/buildroot-marvell/build/mv-ac3/host/var --enable-shared --disable-static --disable-gtk-doc --disable-gtk-doc-html --disable-doc --disable-docs --disable-documentation --disable-debug --with-xmlto=no --with-fop=no --disable-dependency-tracking

## --------- ##
## Platform. ##
## --------- ##

hostname = ubuntu
uname -m = i686
uname -r = 4.4.0-148-generic
uname -s = Linux
uname -v = #174~14.04.1-Ubuntu SMP Thu May 9 08:18:11 UTC 2019

/usr/bin/uname -p = unknown
/bin/uname -X     = unknown

/bin/arch              = unknown
/usr/bin/arch -k       = unknown
/usr/convex/getsysinfo = unknown
/usr/bin/hostinfo      = unknown
/bin/machine           = unknown
/usr/bin/oslevel       = unknown
/bin/universe          = unknown

PATH: /project/trunk/MV-AC3_GPL/tplink/buildroot-marvell/build/mv-ac3/host/bin
PATH: /project/trunk/MV-AC3_GPL/tplink/buildroot-marvell/build/mv-ac3/host/sbin
PATH: /project/trunk/MV-AC3_GPL/tplink/buildroot-marvell/build/mv-ac3/host/usr/bin
PATH: /project/trunk/MV-AC3_GPL/tplink/buildroot-marvell/build/mv-ac3/host/usr/sbin
PATH: /usr/local/sbin
PATH: /usr/local/bin
PATH: /usr/sbin
PATH: /usr/bin
PATH: /sbin
PATH: /bin
PATH: /snap/bin


## ----------- ##
## Core tests. ##
## ----------- ##

configure:2359: checking build system type
configure:2373: result: i686-pc-linux-gnu
configure:2393: checking host system type
configure:2406: result: i686-pc-linux-gnu
configure:2426: checking target system type
configure:2439: result: i686-pc-linux-gnu
configure:2481: checking for a BSD-compatible install
configure:2549: result: /usr/bin/install -c
configure:2560: checking whether build environment is sane
configure:2610: result: yes
configure:2751: checking for a thread-safe mkdir -p
configure:2790: result: /bin/mkdir -p
configure:2803: checking for gawk
configure:2819: found /usr/bin/gawk
configure:2830: result: gawk
configure:2841: checking whether make sets $(MAKE)
configure:2863: result: yes
configure:2944: checking whether to enable maintainer-specific portions of Makefiles
configure:2953: result: no
configure:2968: checking whether make sets $(MAKE)
configure:2990: result: yes
configure:3045: checking how to print strings
configure:3072: result: printf
configure:3105: checking for style of include used by make
configure:3133: result: GNU
configure:3204: checking for gcc
configure:3231: result: /usr/bin/gcc
configure:3460: checking for C compiler version
configure:3469: /usr/bin/gcc --version >&5
gcc (Ubuntu 4.8.4-2ubuntu1~14.04.4) 4.8.4
Copyright (C) 2013 Free Software Foundation, Inc.
This is free software; see the source for copying conditions.  There is NO
warranty; not even for MERCHANTABILITY or FITNESS FOR A PARTICULAR PURPOSE.

configure:3480: $? = 0
configure:3469: /usr/bin/gcc -v >&5
Using built-in specs.
COLLECT_GCC=/usr/bin/gcc
COLLECT_LTO_WRAPPER=/usr/lib/gcc/i686-linux-gnu/4.8/lto-wrapper
Target: i686-linux-gnu
Configured with: ../src/configure -v --with-pkgversion='Ubuntu 4.8.4-2ubuntu1~14.04.4' --with-bugurl=file:///usr/share/doc/gcc-4.8/README.Bugs --enable-languages=c,c++,java,go,d,fortran,objc,obj-c++ --prefix=/usr --program-suffix=-4.8 --enable-shared --enable-linker-build-id --libexecdir=/usr/lib --without-included-gettext --enable-threads=posix --with-gxx-include-dir=/usr/include/c++/4.8 --libdir=/usr/lib --enable-nls --with-sysroot=/ --enable-clocale=gnu --enable-libstdcxx-debug --enable-libstdcxx-time=yes --enable-gnu-unique-object --disable-libmudflap --enable-plugin --with-system-zlib --disable-browser-plugin --enable-java-awt=gtk --enable-gtk-cairo --with-java-home=/usr/lib/jvm/java-1.5.0-gcj-4.8-i386/jre --enable-java-home --with-jvm-root-dir=/usr/lib/jvm/java-1.5.0-gcj-4.8-i386 --with-jvm-jar-dir=/usr/lib/jvm-exports/java-1.5.0-gcj-4.8-i386 --with-arch-directory=i386 --with-ecj-jar=/usr/share/java/eclipse-ecj.jar --enable-objc-gc --enable-targets=all --enable-multiarch --disable-werror --with-arch-32=i686 --with-multilib-list=m32,m64,mx32 --with-tune=generic --enable-checking=release --build=i686-linux-gnu --host=i686-linux-gnu --target=i686-linux-gnu
Thread model: posix
gcc version 4.8.4 (Ubuntu 4.8.4-2ubuntu1~14.04.4) 
configure:3480: $? = 0
configure:3469: /usr/bin/gcc -V >&5
gcc: error: unrecognized command line option '-V'
gcc: fatal error: no input files
compilation terminated.
configure:3480: $? = 4
configure:3469: /usr/bin/gcc -qversion >&5
gcc: error: unrecognized command line option '-qversion'
gcc: fatal error: no input files
compilation terminated.
configure:3480: $? = 4
configure:3500: checking whether the C compiler works
configure:3522: /usr/bin/gcc -O2 -I/project/trunk/MV-AC3_GPL/tplink/buildroot-marvell/build/mv-ac3/host/usr/include -I/project/trunk/MV-AC3_GPL/tplink/buildroot-marvell/build/mv-ac3/host/usr/include -L/project/trunk/MV-AC3_GPL/tplink/buildroot-marvell/build/mv-ac3/host/lib -L/project/trunk/MV-AC3_GPL/tplink/buildroot-marvell/build/mv-ac3/host/usr/lib -Wl,-rpath,/project/trunk/MV-AC3_GPL/tplink/buildroot-marvell/build/mv-ac3/host/usr/lib conftest.c  >&5
configure:3526: $? = 0
configure:3574: result: yes
configure:3577: checking for C compiler default output file name
configure:3579: result: a.out
configure:3585: checking for suffix of executables
configure:3592: /usr/bin/gcc -o conftest -O2 -I/project/trunk/MV-AC3_GPL/tplink/buildroot-marvell/build/mv-ac3/host/usr/include -I/project/trunk/MV-AC3_GPL/tplink/buildroot-marvell/build/mv-ac3/host/usr/include -L/project/trunk/MV-AC3_GPL/tplink/buildroot-marvell/build/mv-ac3/host/lib -L/project/trunk/MV-AC3_GPL/tplink/buildroot-marvell/build/mv-ac3/host/usr/lib -Wl,-rpath,/project/trunk/MV-AC3_GPL/tplink/buildroot-marvell/build/mv-ac3/host/usr/lib conftest.c  >&5
configure:3596: $? = 0
configure:3618: result: 
configure:3640: checking whether we are cross compiling
configure:3648: /usr/bin/gcc -o conftest -O2 -I/project/trunk/MV-AC3_GPL/tplink/buildroot-marvell/build/mv-ac3/host/usr/include -I/project/trunk/MV-AC3_GPL/tplink/buildroot-marvell/build/mv-ac3/host/usr/include -L/project/trunk/MV-AC3_GPL/tplink/buildroot-marvell/build/mv-ac3/host/lib -L/project/trunk/MV-AC3_GPL/tplink/buildroot-marvell/build/mv-ac3/host/usr/lib -Wl,-rpath,/project/trunk/MV-AC3_GPL/tplink/buildroot-marvell/build/mv-ac3/host/usr/lib conftest.c  >&5
configure:3652: $? = 0
configure:3659: ./conftest
configure:3663: $? = 0
configure:3678: result: no
configure:3683: checking for suffix of object files
configure:3705: /usr/bin/gcc -c -O2 -I/project/trunk/MV-AC3_GPL/tplink/buildroot-marvell/build/mv-ac3/host/usr/include -I/project/trunk/MV-AC3_GPL/tplink/buildroot-marvell/build/mv-ac3/host/usr/include conftest.c >&5
configure:3709: $? = 0
configure:3730: result: o
configure:3734: checking whether we are using the GNU C compiler
configure:3753: /usr/bin/gcc -c -O2 -I/project/trunk/MV-AC3_GPL/tplink/buildroot-marvell/build/mv-ac3/host/usr/include -I/project/trunk/MV-AC3_GPL/tplink/buildroot-marvell/build/mv-ac3/host/usr/include conftest.c >&5
configure:3753: $? = 0
configure:3762: result: yes
configure:3771: checking whether /usr/bin/gcc accepts -g
configure:3791: /usr/bin/gcc -c -g -I/project/trunk/MV-AC3_GPL/tplink/buildroot-marvell/build/mv-ac3/host/usr/include conftest.c >&5
configure:3791: $? = 0
configure:3832: result: yes
configure:3849: checking for /usr/bin/gcc option to accept ISO C89
configure:3912: /usr/bin/gcc  -c -O2 -I/project/trunk/MV-AC3_GPL/tplink/buildroot-marvell/build/mv-ac3/host/usr/include -I/project/trunk/MV-AC3_GPL/tplink/buildroot-marvell/build/mv-ac3/host/usr/include conftest.c >&5
configure:3912: $? = 0
configure:3925: result: none needed
configure:3947: checking dependency style of /usr/bin/gcc
configure:4058: result: none
configure:4073: checking for a sed that does not truncate output
configure:4137: result: /bin/sed
configure:4155: checking for grep that handles long lines and -e
configure:4213: result: /bin/grep
configure:4218: checking for egrep
configure:4280: result: /bin/grep -E
configure:4285: checking for fgrep
configure:4347: result: /bin/grep -F
configure:4382: checking for ld used by /usr/bin/gcc
configure:4449: result: /usr/bin/ld
configure:4456: checking if the linker (/usr/bin/ld) is GNU ld
configure:4471: result: yes
configure:4483: checking for BSD- or MS-compatible name lister (nm)
configure:4532: result: /usr/bin/nm
configure:4662: checking the name lister (/usr/bin/nm) interface
configure:4669: /usr/bin/gcc -c -O2 -I/project/trunk/MV-AC3_GPL/tplink/buildroot-marvell/build/mv-ac3/host/usr/include -I/project/trunk/MV-AC3_GPL/tplink/buildroot-marvell/build/mv-ac3/host/usr/include conftest.c >&5
configure:4672: /usr/bin/nm "conftest.o"
configure:4675: output
00000000 B some_variable
configure:4682: result: BSD nm
configure:4685: checking whether ln -s works
configure:4689: result: yes
configure:4697: checking the maximum length of command line arguments
configure:4827: result: 1572864
configure:4844: checking whether the shell understands some XSI constructs
configure:4854: result: yes
configure:4858: checking whether the shell understands "+="
configure:4864: result: yes
configure:4899: checking how to convert i686-pc-linux-gnu file names to i686-pc-linux-gnu format
configure:4939: result: func_convert_file_noop
configure:4946: checking how to convert i686-pc-linux-gnu file names to toolchain format
configure:4966: result: func_convert_file_noop
configure:4973: checking for /usr/bin/ld option to reload object files
configure:4980: result: -r
configure:5054: checking for objdump
configure:5070: found /usr/bin/objdump
configure:5081: result: objdump
configure:5113: checking how to recognize dependent libraries
configure:5315: result: pass_all
configure:5400: checking for dlltool
configure:5430: result: no
configure:5460: checking how to associate runtime and link libraries
configure:5487: result: printf %s\n
configure:5612: checking for archiver @FILE support
configure:5629: /usr/bin/gcc -c -O2 -I/project/trunk/MV-AC3_GPL/tplink/buildroot-marvell/build/mv-ac3/host/usr/include -I/project/trunk/MV-AC3_GPL/tplink/buildroot-marvell/build/mv-ac3/host/usr/include conftest.c >&5
configure:5629: $? = 0
configure:5632: /usr/bin/ar cru libconftest.a @conftest.lst >&5
configure:5635: $? = 0
configure:5640: /usr/bin/ar cru libconftest.a @conftest.lst >&5
/usr/bin/ar: conftest.o: No such file or directory
configure:5643: $? = 1
configure:5655: result: @
configure:5713: checking for strip
configure:5729: found /usr/bin/strip
configure:5740: result: strip
configure:5812: checking for ranlib
configure:5839: result: /usr/bin/ranlib
configure:5941: checking command to parse /usr/bin/nm output from /usr/bin/gcc object
configure:6061: /usr/bin/gcc -c -O2 -I/project/trunk/MV-AC3_GPL/tplink/buildroot-marvell/build/mv-ac3/host/usr/include -I/project/trunk/MV-AC3_GPL/tplink/buildroot-marvell/build/mv-ac3/host/usr/include conftest.c >&5
configure:6064: $? = 0
configure:6068: /usr/bin/nm conftest.o \| sed -n -e 's/^.*[ ]\([ABCDGIRSTW][ABCDGIRSTW]*\)[ ][ ]*\([_A-Za-z][_A-Za-z0-9]*\)$/\1 \2 \2/p' | sed '/ __gnu_lto/d' \> conftest.nm
configure:6071: $? = 0
configure:6137: /usr/bin/gcc -o conftest -O2 -I/project/trunk/MV-AC3_GPL/tplink/buildroot-marvell/build/mv-ac3/host/usr/include -I/project/trunk/MV-AC3_GPL/tplink/buildroot-marvell/build/mv-ac3/host/usr/include -L/project/trunk/MV-AC3_GPL/tplink/buildroot-marvell/build/mv-ac3/host/lib -L/project/trunk/MV-AC3_GPL/tplink/buildroot-marvell/build/mv-ac3/host/usr/lib -Wl,-rpath,/project/trunk/MV-AC3_GPL/tplink/buildroot-marvell/build/mv-ac3/host/usr/lib conftest.c conftstm.o >&5
configure:6140: $? = 0
configure:6178: result: ok
configure:6215: checking for sysroot
configure:6245: result: no
configure:6501: checking for mt
configure:6517: found /bin/mt
configure:6528: result: mt
configure:6551: checking if mt is a manifest tool
configure:6557: mt '-?'
configure:6565: result: no
configure:7207: checking how to run the C preprocessor
configure:7277: result: /usr/bin/cpp
configure:7297: /usr/bin/cpp -I/project/trunk/MV-AC3_GPL/tplink/buildroot-marvell/build/mv-ac3/host/usr/include conftest.c
configure:7297: $? = 0
configure:7311: /usr/bin/cpp -I/project/trunk/MV-AC3_GPL/tplink/buildroot-marvell/build/mv-ac3/host/usr/include conftest.c
conftest.c:11:28: fatal error: ac_nonexistent.h: No such file or directory
 #include <ac_nonexistent.h>
                            ^
compilation terminated.
configure:7311: $? = 1
configure: failed program was:
| /* confdefs.h */
| #define PACKAGE_NAME "fakeroot"
| #define PACKAGE_TARNAME "fakeroot"
| #define PACKAGE_VERSION "1.18.4"
| #define PACKAGE_STRING "fakeroot 1.18.4"
| #define PACKAGE_BUGREPORT "clint@debian.org"
| #define PACKAGE_URL ""
| #define PACKAGE "fakeroot"
| #define VERSION "1.18.4"
| /* end confdefs.h.  */
| #include <ac_nonexistent.h>
configure:7340: checking for ANSI C header files
configure:7360: /usr/bin/gcc -c -O2 -I/project/trunk/MV-AC3_GPL/tplink/buildroot-marvell/build/mv-ac3/host/usr/include -I/project/trunk/MV-AC3_GPL/tplink/buildroot-marvell/build/mv-ac3/host/usr/include conftest.c >&5
configure:7360: $? = 0
configure:7433: /usr/bin/gcc -o conftest -O2 -I/project/trunk/MV-AC3_GPL/tplink/buildroot-marvell/build/mv-ac3/host/usr/include -I/project/trunk/MV-AC3_GPL/tplink/buildroot-marvell/build/mv-ac3/host/usr/include -L/project/trunk/MV-AC3_GPL/tplink/buildroot-marvell/build/mv-ac3/host/lib -L/project/trunk/MV-AC3_GPL/tplink/buildroot-marvell/build/mv-ac3/host/usr/lib -Wl,-rpath,/project/trunk/MV-AC3_GPL/tplink/buildroot-marvell/build/mv-ac3/host/usr/lib conftest.c  >&5
configure:7433: $? = 0
configure:7433: ./conftest
configure:7433: $? = 0
configure:7444: result: yes
configure:7457: checking for sys/types.h
configure:7457: /usr/bin/gcc -c -O2 -I/project/trunk/MV-AC3_GPL/tplink/buildroot-marvell/build/mv-ac3/host/usr/include -I/project/trunk/MV-AC3_GPL/tplink/buildroot-marvell/build/mv-ac3/host/usr/include conftest.c >&5
configure:7457: $? = 0
configure:7457: result: yes
configure:7457: checking for sys/stat.h
configure:7457: /usr/bin/gcc -c -O2 -I/project/trunk/MV-AC3_GPL/tplink/buildroot-marvell/build/mv-ac3/host/usr/include -I/project/trunk/MV-AC3_GPL/tplink/buildroot-marvell/build/mv-ac3/host/usr/include conftest.c >&5
configure:7457: $? = 0
configure:7457: result: yes
configure:7457: checking for stdlib.h
configure:7457: /usr/bin/gcc -c -O2 -I/project/trunk/MV-AC3_GPL/tplink/buildroot-marvell/build/mv-ac3/host/usr/include -I/project/trunk/MV-AC3_GPL/tplink/buildroot-marvell/build/mv-ac3/host/usr/include conftest.c >&5
configure:7457: $? = 0
configure:7457: result: yes
configure:7457: checking for string.h
configure:7457: /usr/bin/gcc -c -O2 -I/project/trunk/MV-AC3_GPL/tplink/buildroot-marvell/build/mv-ac3/host/usr/include -I/project/trunk/MV-AC3_GPL/tplink/buildroot-marvell/build/mv-ac3/host/usr/include conftest.c >&5
configure:7457: $? = 0
configure:7457: result: yes
configure:7457: checking for memory.h
configure:7457: /usr/bin/gcc -c -O2 -I/project/trunk/MV-AC3_GPL/tplink/buildroot-marvell/build/mv-ac3/host/usr/include -I/project/trunk/MV-AC3_GPL/tplink/buildroot-marvell/build/mv-ac3/host/usr/include conftest.c >&5
configure:7457: $? = 0
configure:7457: result: yes
configure:7457: checking for strings.h
configure:7457: /usr/bin/gcc -c -O2 -I/project/trunk/MV-AC3_GPL/tplink/buildroot-marvell/build/mv-ac3/host/usr/include -I/project/trunk/MV-AC3_GPL/tplink/buildroot-marvell/build/mv-ac3/host/usr/include conftest.c >&5
configure:7457: $? = 0
configure:7457: result: yes
configure:7457: checking for inttypes.h
configure:7457: /usr/bin/gcc -c -O2 -I/project/trunk/MV-AC3_GPL/tplink/buildroot-marvell/build/mv-ac3/host/usr/include -I/project/trunk/MV-AC3_GPL/tplink/buildroot-marvell/build/mv-ac3/host/usr/include conftest.c >&5
configure:7457: $? = 0
configure:7457: result: yes
configure:7457: checking for stdint.h
configure:7457: /usr/bin/gcc -c -O2 -I/project/trunk/MV-AC3_GPL/tplink/buildroot-marvell/build/mv-ac3/host/usr/include -I/project/trunk/MV-AC3_GPL/tplink/buildroot-marvell/build/mv-ac3/host/usr/include conftest.c >&5
configure:7457: $? = 0
configure:7457: result: yes
configure:7457: checking for unistd.h
configure:7457: /usr/bin/gcc -c -O2 -I/project/trunk/MV-AC3_GPL/tplink/buildroot-marvell/build/mv-ac3/host/usr/include -I/project/trunk/MV-AC3_GPL/tplink/buildroot-marvell/build/mv-ac3/host/usr/include conftest.c >&5
configure:7457: $? = 0
configure:7457: result: yes
configure:7471: checking for dlfcn.h
configure:7471: /usr/bin/gcc -c -O2 -I/project/trunk/MV-AC3_GPL/tplink/buildroot-marvell/build/mv-ac3/host/usr/include -I/project/trunk/MV-AC3_GPL/tplink/buildroot-marvell/build/mv-ac3/host/usr/include conftest.c >&5
configure:7471: $? = 0
configure:7471: result: yes
configure:7677: checking for objdir
configure:7692: result: .libs
configure:7963: checking if /usr/bin/gcc supports -fno-rtti -fno-exceptions
configure:7981: /usr/bin/gcc -c -O2 -I/project/trunk/MV-AC3_GPL/tplink/buildroot-marvell/build/mv-ac3/host/usr/include -I/project/trunk/MV-AC3_GPL/tplink/buildroot-marvell/build/mv-ac3/host/usr/include -fno-rtti -fno-exceptions conftest.c >&5
cc1: warning: command line option '-fno-rtti' is valid for C++/ObjC++ but not for C [enabled by default]
configure:7985: $? = 0
configure:7998: result: no
configure:8325: checking for /usr/bin/gcc option to produce PIC
configure:8332: result: -fPIC -DPIC
configure:8340: checking if /usr/bin/gcc PIC flag -fPIC -DPIC works
configure:8358: /usr/bin/gcc -c -O2 -I/project/trunk/MV-AC3_GPL/tplink/buildroot-marvell/build/mv-ac3/host/usr/include -I/project/trunk/MV-AC3_GPL/tplink/buildroot-marvell/build/mv-ac3/host/usr/include -fPIC -DPIC -DPIC conftest.c >&5
configure:8362: $? = 0
configure:8375: result: yes
configure:8404: checking if /usr/bin/gcc static flag -static works
configure:8432: result: yes
configure:8447: checking if /usr/bin/gcc supports -c -o file.o
configure:8468: /usr/bin/gcc -c -O2 -I/project/trunk/MV-AC3_GPL/tplink/buildroot-marvell/build/mv-ac3/host/usr/include -I/project/trunk/MV-AC3_GPL/tplink/buildroot-marvell/build/mv-ac3/host/usr/include -o out/conftest2.o conftest.c >&5
configure:8472: $? = 0
configure:8494: result: yes
configure:8502: checking if /usr/bin/gcc supports -c -o file.o
configure:8549: result: yes
configure:8582: checking whether the /usr/bin/gcc linker (/usr/bin/ld) supports shared libraries
configure:9739: result: yes
configure:9776: checking whether -lc should be explicitly linked in
configure:9784: /usr/bin/gcc -c -O2 -I/project/trunk/MV-AC3_GPL/tplink/buildroot-marvell/build/mv-ac3/host/usr/include -I/project/trunk/MV-AC3_GPL/tplink/buildroot-marvell/build/mv-ac3/host/usr/include conftest.c >&5
configure:9787: $? = 0
configure:9802: /usr/bin/gcc -shared  -fPIC -DPIC conftest.o  -v -Wl,-soname -Wl,conftest -o conftest 2\>\&1 \| /bin/grep  -lc  \>/dev/null 2\>\&1
configure:9805: $? = 0
configure:9819: result: no
configure:9979: checking dynamic linker characteristics
configure:10490: /usr/bin/gcc -o conftest -O2 -I/project/trunk/MV-AC3_GPL/tplink/buildroot-marvell/build/mv-ac3/host/usr/include -I/project/trunk/MV-AC3_GPL/tplink/buildroot-marvell/build/mv-ac3/host/usr/include -L/project/trunk/MV-AC3_GPL/tplink/buildroot-marvell/build/mv-ac3/host/lib -L/project/trunk/MV-AC3_GPL/tplink/buildroot-marvell/build/mv-ac3/host/usr/lib -Wl,-rpath,/project/trunk/MV-AC3_GPL/tplink/buildroot-marvell/build/mv-ac3/host/usr/lib -Wl,-rpath -Wl,/foo conftest.c  >&5
configure:10490: $? = 0
configure:10724: result: GNU/Linux ld.so
configure:10831: checking how to hardcode library paths into programs
configure:10856: result: immediate
configure:11396: checking whether stripping libraries is possible
configure:11401: result: yes
configure:11436: checking if libtool supports shared libraries
configure:11438: result: yes
configure:11441: checking whether to build shared libraries
configure:11462: result: yes
configure:11465: checking whether to build static libraries
configure:11469: result: no
configure:11519: checking which IPC method to use
configure:11526: result: sysv
configure:11538: checking which database format to use
configure:11545: result: inode
configure:11557: checking for dlopen in -ldl
configure:11582: /usr/bin/gcc -o conftest -O2 -I/project/trunk/MV-AC3_GPL/tplink/buildroot-marvell/build/mv-ac3/host/usr/include -I/project/trunk/MV-AC3_GPL/tplink/buildroot-marvell/build/mv-ac3/host/usr/include -L/project/trunk/MV-AC3_GPL/tplink/buildroot-marvell/build/mv-ac3/host/lib -L/project/trunk/MV-AC3_GPL/tplink/buildroot-marvell/build/mv-ac3/host/usr/lib -Wl,-rpath,/project/trunk/MV-AC3_GPL/tplink/buildroot-marvell/build/mv-ac3/host/usr/lib conftest.c -ldl   >&5
configure:11582: $? = 0
configure:11591: result: yes
configure:11708: checking for dirent.h that defines DIR
configure:11727: /usr/bin/gcc -c -O2 -I/project/trunk/MV-AC3_GPL/tplink/buildroot-marvell/build/mv-ac3/host/usr/include -I/project/trunk/MV-AC3_GPL/tplink/buildroot-marvell/build/mv-ac3/host/usr/include conftest.c >&5
configure:11727: $? = 0
configure:11735: result: yes
configure:11748: checking for library containing opendir
configure:11779: /usr/bin/gcc -o conftest -O2 -I/project/trunk/MV-AC3_GPL/tplink/buildroot-marvell/build/mv-ac3/host/usr/include -I/project/trunk/MV-AC3_GPL/tplink/buildroot-marvell/build/mv-ac3/host/usr/include -L/project/trunk/MV-AC3_GPL/tplink/buildroot-marvell/build/mv-ac3/host/lib -L/project/trunk/MV-AC3_GPL/tplink/buildroot-marvell/build/mv-ac3/host/usr/lib -Wl,-rpath,/project/trunk/MV-AC3_GPL/tplink/buildroot-marvell/build/mv-ac3/host/usr/lib conftest.c -ldl  >&5
configure:11779: $? = 0
configure:11796: result: none required
configure:11863: checking for ANSI C header files
configure:11967: result: yes
configure:11978: checking fcntl.h usability
configure:11978: /usr/bin/gcc -c -O2 -I/project/trunk/MV-AC3_GPL/tplink/buildroot-marvell/build/mv-ac3/host/usr/include -I/project/trunk/MV-AC3_GPL/tplink/buildroot-marvell/build/mv-ac3/host/usr/include conftest.c >&5
configure:11978: $? = 0
configure:11978: result: yes
configure:11978: checking fcntl.h presence
configure:11978: /usr/bin/cpp -I/project/trunk/MV-AC3_GPL/tplink/buildroot-marvell/build/mv-ac3/host/usr/include conftest.c
configure:11978: $? = 0
configure:11978: result: yes
configure:11978: checking for fcntl.h
configure:11978: result: yes
configure:11978: checking for unistd.h
configure:11978: result: yes
configure:11978: checking features.h usability
configure:11978: /usr/bin/gcc -c -O2 -I/project/trunk/MV-AC3_GPL/tplink/buildroot-marvell/build/mv-ac3/host/usr/include -I/project/trunk/MV-AC3_GPL/tplink/buildroot-marvell/build/mv-ac3/host/usr/include conftest.c >&5
configure:11978: $? = 0
configure:11978: result: yes
configure:11978: checking features.h presence
configure:11978: /usr/bin/cpp -I/project/trunk/MV-AC3_GPL/tplink/buildroot-marvell/build/mv-ac3/host/usr/include conftest.c
configure:11978: $? = 0
configure:11978: result: yes
configure:11978: checking for features.h
configure:11978: result: yes
configure:11978: checking sys/feature_tests.h usability
configure:11978: /usr/bin/gcc -c -O2 -I/project/trunk/MV-AC3_GPL/tplink/buildroot-marvell/build/mv-ac3/host/usr/include -I/project/trunk/MV-AC3_GPL/tplink/buildroot-marvell/build/mv-ac3/host/usr/include conftest.c >&5
conftest.c:62:31: fatal error: sys/feature_tests.h: No such file or directory
 #include <sys/feature_tests.h>
                               ^
compilation terminated.
configure:11978: $? = 1
configure: failed program was:
| /* confdefs.h */
| #define PACKAGE_NAME "fakeroot"
| #define PACKAGE_TARNAME "fakeroot"
| #define PACKAGE_VERSION "1.18.4"
| #define PACKAGE_STRING "fakeroot 1.18.4"
| #define PACKAGE_BUGREPORT "clint@debian.org"
| #define PACKAGE_URL ""
| #define PACKAGE "fakeroot"
| #define VERSION "1.18.4"
| #define STDC_HEADERS 1
| #define HAVE_SYS_TYPES_H 1
| #define HAVE_SYS_STAT_H 1
| #define HAVE_STDLIB_H 1
| #define HAVE_STRING_H 1
| #define HAVE_MEMORY_H 1
| #define HAVE_STRINGS_H 1
| #define HAVE_INTTYPES_H 1
| #define HAVE_STDINT_H 1
| #define HAVE_UNISTD_H 1
| #define HAVE_DLFCN_H 1
| #define LT_OBJDIR ".libs/"
| #define HAVE_LIBDL 1
| #define HAVE_DIRENT_H 1
| #define STDC_HEADERS 1
| #define HAVE_FCNTL_H 1
| #define HAVE_UNISTD_H 1
| #define HAVE_FEATURES_H 1
| /* end confdefs.h.  */
| #include <stdio.h>
| #ifdef HAVE_SYS_TYPES_H
| # include <sys/types.h>
| #endif
| #ifdef HAVE_SYS_STAT_H
| # include <sys/stat.h>
| #endif
| #ifdef STDC_HEADERS
| # include <stdlib.h>
| # include <stddef.h>
| #else
| # ifdef HAVE_STDLIB_H
| #  include <stdlib.h>
| # endif
| #endif
| #ifdef HAVE_STRING_H
| # if !defined STDC_HEADERS && defined HAVE_MEMORY_H
| #  include <memory.h>
| # endif
| # include <string.h>
| #endif
| #ifdef HAVE_STRINGS_H
| # include <strings.h>
| #endif
| #ifdef HAVE_INTTYPES_H
| # include <inttypes.h>
| #endif
| #ifdef HAVE_STDINT_H
| # include <stdint.h>
| #endif
| #ifdef HAVE_UNISTD_H
| # include <unistd.h>
| #endif
| #include <sys/feature_tests.h>
configure:11978: result: no
configure:11978: checking sys/feature_tests.h presence
configure:11978: /usr/bin/cpp -I/project/trunk/MV-AC3_GPL/tplink/buildroot-marvell/build/mv-ac3/host/usr/include conftest.c
conftest.c:29:31: fatal error: sys/feature_tests.h: No such file or directory
 #include <sys/feature_tests.h>
                               ^
compilation terminated.
configure:11978: $? = 1
configure: failed program was:
| /* confdefs.h */
| #define PACKAGE_NAME "fakeroot"
| #define PACKAGE_TARNAME "fakeroot"
| #define PACKAGE_VERSION "1.18.4"
| #define PACKAGE_STRING "fakeroot 1.18.4"
| #define PACKAGE_BUGREPORT "clint@debian.org"
| #define PACKAGE_URL ""
| #define PACKAGE "fakeroot"
| #define VERSION "1.18.4"
| #define STDC_HEADERS 1
| #define HAVE_SYS_TYPES_H 1
| #define HAVE_SYS_STAT_H 1
| #define HAVE_STDLIB_H 1
| #define HAVE_STRING_H 1
| #define HAVE_MEMORY_H 1
| #define HAVE_STRINGS_H 1
| #define HAVE_INTTYPES_H 1
| #define HAVE_STDINT_H 1
| #define HAVE_UNISTD_H 1
| #define HAVE_DLFCN_H 1
| #define LT_OBJDIR ".libs/"
| #define HAVE_LIBDL 1
| #define HAVE_DIRENT_H 1
| #define STDC_HEADERS 1
| #define HAVE_FCNTL_H 1
| #define HAVE_UNISTD_H 1
| #define HAVE_FEATURES_H 1
| /* end confdefs.h.  */
| #include <sys/feature_tests.h>
configure:11978: result: no
configure:11978: checking for sys/feature_tests.h
configure:11978: result: no
configure:11978: checking pthread.h usability
configure:11978: /usr/bin/gcc -c -O2 -I/project/trunk/MV-AC3_GPL/tplink/buildroot-marvell/build/mv-ac3/host/usr/include -I/project/trunk/MV-AC3_GPL/tplink/buildroot-marvell/build/mv-ac3/host/usr/include conftest.c >&5
configure:11978: $? = 0
configure:11978: result: yes
configure:11978: checking pthread.h presence
configure:11978: /usr/bin/cpp -I/project/trunk/MV-AC3_GPL/tplink/buildroot-marvell/build/mv-ac3/host/usr/include conftest.c
configure:11978: $? = 0
configure:11978: result: yes
configure:11978: checking for pthread.h
configure:11978: result: yes
configure:11978: checking for stdint.h
configure:11978: result: yes
configure:11978: checking for inttypes.h
configure:11978: result: yes
configure:11978: checking grp.h usability
configure:11978: /usr/bin/gcc -c -O2 -I/project/trunk/MV-AC3_GPL/tplink/buildroot-marvell/build/mv-ac3/host/usr/include -I/project/trunk/MV-AC3_GPL/tplink/buildroot-marvell/build/mv-ac3/host/usr/include conftest.c >&5
configure:11978: $? = 0
configure:11978: result: yes
configure:11978: checking grp.h presence
configure:11978: /usr/bin/cpp -I/project/trunk/MV-AC3_GPL/tplink/buildroot-marvell/build/mv-ac3/host/usr/include conftest.c
configure:11978: $? = 0
configure:11978: result: yes
configure:11978: checking for grp.h
configure:11978: result: yes
configure:11978: checking endian.h usability
configure:11978: /usr/bin/gcc -c -O2 -I/project/trunk/MV-AC3_GPL/tplink/buildroot-marvell/build/mv-ac3/host/usr/include -I/project/trunk/MV-AC3_GPL/tplink/buildroot-marvell/build/mv-ac3/host/usr/include conftest.c >&5
configure:11978: $? = 0
configure:11978: result: yes
configure:11978: checking endian.h presence
configure:11978: /usr/bin/cpp -I/project/trunk/MV-AC3_GPL/tplink/buildroot-marvell/build/mv-ac3/host/usr/include conftest.c
configure:11978: $? = 0
configure:11978: result: yes
configure:11978: checking for endian.h
configure:11978: result: yes
configure:11978: checking sys/sysmacros.h usability
configure:11978: /usr/bin/gcc -c -O2 -I/project/trunk/MV-AC3_GPL/tplink/buildroot-marvell/build/mv-ac3/host/usr/include -I/project/trunk/MV-AC3_GPL/tplink/buildroot-marvell/build/mv-ac3/host/usr/include conftest.c >&5
configure:11978: $? = 0
configure:11978: result: yes
configure:11978: checking sys/sysmacros.h presence
configure:11978: /usr/bin/cpp -I/project/trunk/MV-AC3_GPL/tplink/buildroot-marvell/build/mv-ac3/host/usr/include conftest.c
configure:11978: $? = 0
configure:11978: result: yes
configure:11978: checking for sys/sysmacros.h
configure:11978: result: yes
configure:11978: checking sys/socket.h usability
configure:11978: /usr/bin/gcc -c -O2 -I/project/trunk/MV-AC3_GPL/tplink/buildroot-marvell/build/mv-ac3/host/usr/include -I/project/trunk/MV-AC3_GPL/tplink/buildroot-marvell/build/mv-ac3/host/usr/include conftest.c >&5
configure:11978: $? = 0
configure:11978: result: yes
configure:11978: checking sys/socket.h presence
configure:11978: /usr/bin/cpp -I/project/trunk/MV-AC3_GPL/tplink/buildroot-marvell/build/mv-ac3/host/usr/include conftest.c
configure:11978: $? = 0
configure:11978: result: yes
configure:11978: checking for sys/socket.h
configure:11978: result: yes
configure:11978: checking sys/acl.h usability
configure:11978: /usr/bin/gcc -c -O2 -I/project/trunk/MV-AC3_GPL/tplink/buildroot-marvell/build/mv-ac3/host/usr/include -I/project/trunk/MV-AC3_GPL/tplink/buildroot-marvell/build/mv-ac3/host/usr/include conftest.c >&5
conftest.c:69:21: fatal error: sys/acl.h: No such file or directory
 #include <sys/acl.h>
                     ^
compilation terminated.
configure:11978: $? = 1
configure: failed program was:
| /* confdefs.h */
| #define PACKAGE_NAME "fakeroot"
| #define PACKAGE_TARNAME "fakeroot"
| #define PACKAGE_VERSION "1.18.4"
| #define PACKAGE_STRING "fakeroot 1.18.4"
| #define PACKAGE_BUGREPORT "clint@debian.org"
| #define PACKAGE_URL ""
| #define PACKAGE "fakeroot"
| #define VERSION "1.18.4"
| #define STDC_HEADERS 1
| #define HAVE_SYS_TYPES_H 1
| #define HAVE_SYS_STAT_H 1
| #define HAVE_STDLIB_H 1
| #define HAVE_STRING_H 1
| #define HAVE_MEMORY_H 1
| #define HAVE_STRINGS_H 1
| #define HAVE_INTTYPES_H 1
| #define HAVE_STDINT_H 1
| #define HAVE_UNISTD_H 1
| #define HAVE_DLFCN_H 1
| #define LT_OBJDIR ".libs/"
| #define HAVE_LIBDL 1
| #define HAVE_DIRENT_H 1
| #define STDC_HEADERS 1
| #define HAVE_FCNTL_H 1
| #define HAVE_UNISTD_H 1
| #define HAVE_FEATURES_H 1
| #define HAVE_PTHREAD_H 1
| #define HAVE_STDINT_H 1
| #define HAVE_INTTYPES_H 1
| #define HAVE_GRP_H 1
| #define HAVE_ENDIAN_H 1
| #define HAVE_SYS_SYSMACROS_H 1
| #define HAVE_SYS_SOCKET_H 1
| /* end confdefs.h.  */
| #include <stdio.h>
| #ifdef HAVE_SYS_TYPES_H
| # include <sys/types.h>
| #endif
| #ifdef HAVE_SYS_STAT_H
| # include <sys/stat.h>
| #endif
| #ifdef STDC_HEADERS
| # include <stdlib.h>
| # include <stddef.h>
| #else
| # ifdef HAVE_STDLIB_H
| #  include <stdlib.h>
| # endif
| #endif
| #ifdef HAVE_STRING_H
| # if !defined STDC_HEADERS && defined HAVE_MEMORY_H
| #  include <memory.h>
| # endif
| # include <string.h>
| #endif
| #ifdef HAVE_STRINGS_H
| # include <strings.h>
| #endif
| #ifdef HAVE_INTTYPES_H
| # include <inttypes.h>
| #endif
| #ifdef HAVE_STDINT_H
| # include <stdint.h>
| #endif
| #ifdef HAVE_UNISTD_H
| # include <unistd.h>
| #endif
| #include <sys/acl.h>
configure:11978: result: no
configure:11978: checking sys/acl.h presence
configure:11978: /usr/bin/cpp -I/project/trunk/MV-AC3_GPL/tplink/buildroot-marvell/build/mv-ac3/host/usr/include conftest.c
conftest.c:36:21: fatal error: sys/acl.h: No such file or directory
 #include <sys/acl.h>
                     ^
compilation terminated.
configure:11978: $? = 1
configure: failed program was:
| /* confdefs.h */
| #define PACKAGE_NAME "fakeroot"
| #define PACKAGE_TARNAME "fakeroot"
| #define PACKAGE_VERSION "1.18.4"
| #define PACKAGE_STRING "fakeroot 1.18.4"
| #define PACKAGE_BUGREPORT "clint@debian.org"
| #define PACKAGE_URL ""
| #define PACKAGE "fakeroot"
| #define VERSION "1.18.4"
| #define STDC_HEADERS 1
| #define HAVE_SYS_TYPES_H 1
| #define HAVE_SYS_STAT_H 1
| #define HAVE_STDLIB_H 1
| #define HAVE_STRING_H 1
| #define HAVE_MEMORY_H 1
| #define HAVE_STRINGS_H 1
| #define HAVE_INTTYPES_H 1
| #define HAVE_STDINT_H 1
| #define HAVE_UNISTD_H 1
| #define HAVE_DLFCN_H 1
| #define LT_OBJDIR ".libs/"
| #define HAVE_LIBDL 1
| #define HAVE_DIRENT_H 1
| #define STDC_HEADERS 1
| #define HAVE_FCNTL_H 1
| #define HAVE_UNISTD_H 1
| #define HAVE_FEATURES_H 1
| #define HAVE_PTHREAD_H 1
| #define HAVE_STDINT_H 1
| #define HAVE_INTTYPES_H 1
| #define HAVE_GRP_H 1
| #define HAVE_ENDIAN_H 1
| #define HAVE_SYS_SYSMACROS_H 1
| #define HAVE_SYS_SOCKET_H 1
| /* end confdefs.h.  */
| #include <sys/acl.h>
configure:11978: result: no
configure:11978: checking for sys/acl.h
configure:11978: result: no
configure:11978: checking fts.h usability
configure:11978: /usr/bin/gcc -c -O2 -I/project/trunk/MV-AC3_GPL/tplink/buildroot-marvell/build/mv-ac3/host/usr/include -I/project/trunk/MV-AC3_GPL/tplink/buildroot-marvell/build/mv-ac3/host/usr/include conftest.c >&5
configure:11978: $? = 0
configure:11978: result: yes
configure:11978: checking fts.h presence
configure:11978: /usr/bin/cpp -I/project/trunk/MV-AC3_GPL/tplink/buildroot-marvell/build/mv-ac3/host/usr/include conftest.c
configure:11978: $? = 0
configure:11978: result: yes
configure:11978: checking for fts.h
configure:11978: result: yes
configure:11989: checking for an ANSI C-conforming const
configure:12055: /usr/bin/gcc -c -O2 -I/project/trunk/MV-AC3_GPL/tplink/buildroot-marvell/build/mv-ac3/host/usr/include -I/project/trunk/MV-AC3_GPL/tplink/buildroot-marvell/build/mv-ac3/host/usr/include conftest.c >&5
configure:12055: $? = 0
configure:12062: result: yes
configure:12070: checking for mode_t
configure:12070: /usr/bin/gcc -c -O2 -I/project/trunk/MV-AC3_GPL/tplink/buildroot-marvell/build/mv-ac3/host/usr/include -I/project/trunk/MV-AC3_GPL/tplink/buildroot-marvell/build/mv-ac3/host/usr/include conftest.c >&5
configure:12070: $? = 0
configure:12070: /usr/bin/gcc -c -O2 -I/project/trunk/MV-AC3_GPL/tplink/buildroot-marvell/build/mv-ac3/host/usr/include -I/project/trunk/MV-AC3_GPL/tplink/buildroot-marvell/build/mv-ac3/host/usr/include conftest.c >&5
conftest.c: In function 'main':
conftest.c:73:21: error: expected expression before ')' token
 if (sizeof ((mode_t)))
                     ^
configure:12070: $? = 1
configure: failed program was:
| /* confdefs.h */
| #define PACKAGE_NAME "fakeroot"
| #define PACKAGE_TARNAME "fakeroot"
| #define PACKAGE_VERSION "1.18.4"
| #define PACKAGE_STRING "fakeroot 1.18.4"
| #define PACKAGE_BUGREPORT "clint@debian.org"
| #define PACKAGE_URL ""
| #define PACKAGE "fakeroot"
| #define VERSION "1.18.4"
| #define STDC_HEADERS 1
| #define HAVE_SYS_TYPES_H 1
| #define HAVE_SYS_STAT_H 1
| #define HAVE_STDLIB_H 1
| #define HAVE_STRING_H 1
| #define HAVE_MEMORY_H 1
| #define HAVE_STRINGS_H 1
| #define HAVE_INTTYPES_H 1
| #define HAVE_STDINT_H 1
| #define HAVE_UNISTD_H 1
| #define HAVE_DLFCN_H 1
| #define LT_OBJDIR ".libs/"
| #define HAVE_LIBDL 1
| #define HAVE_DIRENT_H 1
| #define STDC_HEADERS 1
| #define HAVE_FCNTL_H 1
| #define HAVE_UNISTD_H 1
| #define HAVE_FEATURES_H 1
| #define HAVE_PTHREAD_H 1
| #define HAVE_STDINT_H 1
| #define HAVE_INTTYPES_H 1
| #define HAVE_GRP_H 1
| #define HAVE_ENDIAN_H 1
| #define HAVE_SYS_SYSMACROS_H 1
| #define HAVE_SYS_SOCKET_H 1
| #define HAVE_FTS_H 1
| /* end confdefs.h.  */
| #include <stdio.h>
| #ifdef HAVE_SYS_TYPES_H
| # include <sys/types.h>
| #endif
| #ifdef HAVE_SYS_STAT_H
| # include <sys/stat.h>
| #endif
| #ifdef STDC_HEADERS
| # include <stdlib.h>
| # include <stddef.h>
| #else
| # ifdef HAVE_STDLIB_H
| #  include <stdlib.h>
| # endif
| #endif
| #ifdef HAVE_STRING_H
| # if !defined STDC_HEADERS && defined HAVE_MEMORY_H
| #  include <memory.h>
| # endif
| # include <string.h>
| #endif
| #ifdef HAVE_STRINGS_H
| # include <strings.h>
| #endif
| #ifdef HAVE_INTTYPES_H
| # include <inttypes.h>
| #endif
| #ifdef HAVE_STDINT_H
| # include <stdint.h>
| #endif
| #ifdef HAVE_UNISTD_H
| # include <unistd.h>
| #endif
| int
| main ()
| {
| if (sizeof ((mode_t)))
| 	    return 0;
|   ;
|   return 0;
| }
configure:12070: result: yes
configure:12081: checking for off_t
configure:12081: /usr/bin/gcc -c -O2 -I/project/trunk/MV-AC3_GPL/tplink/buildroot-marvell/build/mv-ac3/host/usr/include -I/project/trunk/MV-AC3_GPL/tplink/buildroot-marvell/build/mv-ac3/host/usr/include conftest.c >&5
configure:12081: $? = 0
configure:12081: /usr/bin/gcc -c -O2 -I/project/trunk/MV-AC3_GPL/tplink/buildroot-marvell/build/mv-ac3/host/usr/include -I/project/trunk/MV-AC3_GPL/tplink/buildroot-marvell/build/mv-ac3/host/usr/include conftest.c >&5
conftest.c: In function 'main':
conftest.c:73:20: error: expected expression before ')' token
 if (sizeof ((off_t)))
                    ^
configure:12081: $? = 1
configure: failed program was:
| /* confdefs.h */
| #define PACKAGE_NAME "fakeroot"
| #define PACKAGE_TARNAME "fakeroot"
| #define PACKAGE_VERSION "1.18.4"
| #define PACKAGE_STRING "fakeroot 1.18.4"
| #define PACKAGE_BUGREPORT "clint@debian.org"
| #define PACKAGE_URL ""
| #define PACKAGE "fakeroot"
| #define VERSION "1.18.4"
| #define STDC_HEADERS 1
| #define HAVE_SYS_TYPES_H 1
| #define HAVE_SYS_STAT_H 1
| #define HAVE_STDLIB_H 1
| #define HAVE_STRING_H 1
| #define HAVE_MEMORY_H 1
| #define HAVE_STRINGS_H 1
| #define HAVE_INTTYPES_H 1
| #define HAVE_STDINT_H 1
| #define HAVE_UNISTD_H 1
| #define HAVE_DLFCN_H 1
| #define LT_OBJDIR ".libs/"
| #define HAVE_LIBDL 1
| #define HAVE_DIRENT_H 1
| #define STDC_HEADERS 1
| #define HAVE_FCNTL_H 1
| #define HAVE_UNISTD_H 1
| #define HAVE_FEATURES_H 1
| #define HAVE_PTHREAD_H 1
| #define HAVE_STDINT_H 1
| #define HAVE_INTTYPES_H 1
| #define HAVE_GRP_H 1
| #define HAVE_ENDIAN_H 1
| #define HAVE_SYS_SYSMACROS_H 1
| #define HAVE_SYS_SOCKET_H 1
| #define HAVE_FTS_H 1
| /* end confdefs.h.  */
| #include <stdio.h>
| #ifdef HAVE_SYS_TYPES_H
| # include <sys/types.h>
| #endif
| #ifdef HAVE_SYS_STAT_H
| # include <sys/stat.h>
| #endif
| #ifdef STDC_HEADERS
| # include <stdlib.h>
| # include <stddef.h>
| #else
| # ifdef HAVE_STDLIB_H
| #  include <stdlib.h>
| # endif
| #endif
| #ifdef HAVE_STRING_H
| # if !defined STDC_HEADERS && defined HAVE_MEMORY_H
| #  include <memory.h>
| # endif
| # include <string.h>
| #endif
| #ifdef HAVE_STRINGS_H
| # include <strings.h>
| #endif
| #ifdef HAVE_INTTYPES_H
| # include <inttypes.h>
| #endif
| #ifdef HAVE_STDINT_H
| # include <stdint.h>
| #endif
| #ifdef HAVE_UNISTD_H
| # include <unistd.h>
| #endif
| int
| main ()
| {
| if (sizeof ((off_t)))
| 	    return 0;
|   ;
|   return 0;
| }
configure:12081: result: yes
configure:12092: checking for size_t
configure:12092: /usr/bin/gcc -c -O2 -I/project/trunk/MV-AC3_GPL/tplink/buildroot-marvell/build/mv-ac3/host/usr/include -I/project/trunk/MV-AC3_GPL/tplink/buildroot-marvell/build/mv-ac3/host/usr/include conftest.c >&5
configure:12092: $? = 0
configure:12092: /usr/bin/gcc -c -O2 -I/project/trunk/MV-AC3_GPL/tplink/buildroot-marvell/build/mv-ac3/host/usr/include -I/project/trunk/MV-AC3_GPL/tplink/buildroot-marvell/build/mv-ac3/host/usr/include conftest.c >&5
conftest.c: In function 'main':
conftest.c:73:21: error: expected expression before ')' token
 if (sizeof ((size_t)))
                     ^
configure:12092: $? = 1
configure: failed program was:
| /* confdefs.h */
| #define PACKAGE_NAME "fakeroot"
| #define PACKAGE_TARNAME "fakeroot"
| #define PACKAGE_VERSION "1.18.4"
| #define PACKAGE_STRING "fakeroot 1.18.4"
| #define PACKAGE_BUGREPORT "clint@debian.org"
| #define PACKAGE_URL ""
| #define PACKAGE "fakeroot"
| #define VERSION "1.18.4"
| #define STDC_HEADERS 1
| #define HAVE_SYS_TYPES_H 1
| #define HAVE_SYS_STAT_H 1
| #define HAVE_STDLIB_H 1
| #define HAVE_STRING_H 1
| #define HAVE_MEMORY_H 1
| #define HAVE_STRINGS_H 1
| #define HAVE_INTTYPES_H 1
| #define HAVE_STDINT_H 1
| #define HAVE_UNISTD_H 1
| #define HAVE_DLFCN_H 1
| #define LT_OBJDIR ".libs/"
| #define HAVE_LIBDL 1
| #define HAVE_DIRENT_H 1
| #define STDC_HEADERS 1
| #define HAVE_FCNTL_H 1
| #define HAVE_UNISTD_H 1
| #define HAVE_FEATURES_H 1
| #define HAVE_PTHREAD_H 1
| #define HAVE_STDINT_H 1
| #define HAVE_INTTYPES_H 1
| #define HAVE_GRP_H 1
| #define HAVE_ENDIAN_H 1
| #define HAVE_SYS_SYSMACROS_H 1
| #define HAVE_SYS_SOCKET_H 1
| #define HAVE_FTS_H 1
| /* end confdefs.h.  */
| #include <stdio.h>
| #ifdef HAVE_SYS_TYPES_H
| # include <sys/types.h>
| #endif
| #ifdef HAVE_SYS_STAT_H
| # include <sys/stat.h>
| #endif
| #ifdef STDC_HEADERS
| # include <stdlib.h>
| # include <stddef.h>
| #else
| # ifdef HAVE_STDLIB_H
| #  include <stdlib.h>
| # endif
| #endif
| #ifdef HAVE_STRING_H
| # if !defined STDC_HEADERS && defined HAVE_MEMORY_H
| #  include <memory.h>
| # endif
| # include <string.h>
| #endif
| #ifdef HAVE_STRINGS_H
| # include <strings.h>
| #endif
| #ifdef HAVE_INTTYPES_H
| # include <inttypes.h>
| #endif
| #ifdef HAVE_STDINT_H
| # include <stdint.h>
| #endif
| #ifdef HAVE_UNISTD_H
| # include <unistd.h>
| #endif
| int
| main ()
| {
| if (sizeof ((size_t)))
| 	    return 0;
|   ;
|   return 0;
| }
configure:12092: result: yes
configure:12118: checking for return value and second and third argument of readlink
configure:12137: /usr/bin/gcc -c -O2 -I/project/trunk/MV-AC3_GPL/tplink/buildroot-marvell/build/mv-ac3/host/usr/include -I/project/trunk/MV-AC3_GPL/tplink/buildroot-marvell/build/mv-ac3/host/usr/include conftest.c >&5
conftest.c:39:17: error: conflicting types for 'readlink'
         ssize_t readlink(const char *path, void *buf, size_t bufsiz);
                 ^
In file included from /usr/include/features.h:374:0,
                 from /usr/include/unistd.h:25,
                 from conftest.c:38:
/usr/include/i386-linux-gnu/bits/unistd.h:139:1: note: previous definition of 'readlink' was here
 __NTH (readlink (const char *__restrict __path, char *__restrict __buf,
 ^
configure:12137: $? = 1
configure: failed program was:
| /* confdefs.h */
| #define PACKAGE_NAME "fakeroot"
| #define PACKAGE_TARNAME "fakeroot"
| #define PACKAGE_VERSION "1.18.4"
| #define PACKAGE_STRING "fakeroot 1.18.4"
| #define PACKAGE_BUGREPORT "clint@debian.org"
| #define PACKAGE_URL ""
| #define PACKAGE "fakeroot"
| #define VERSION "1.18.4"
| #define STDC_HEADERS 1
| #define HAVE_SYS_TYPES_H 1
| #define HAVE_SYS_STAT_H 1
| #define HAVE_STDLIB_H 1
| #define HAVE_STRING_H 1
| #define HAVE_MEMORY_H 1
| #define HAVE_STRINGS_H 1
| #define HAVE_INTTYPES_H 1
| #define HAVE_STDINT_H 1
| #define HAVE_UNISTD_H 1
| #define HAVE_DLFCN_H 1
| #define LT_OBJDIR ".libs/"
| #define HAVE_LIBDL 1
| #define HAVE_DIRENT_H 1
| #define STDC_HEADERS 1
| #define HAVE_FCNTL_H 1
| #define HAVE_UNISTD_H 1
| #define HAVE_FEATURES_H 1
| #define HAVE_PTHREAD_H 1
| #define HAVE_STDINT_H 1
| #define HAVE_INTTYPES_H 1
| #define HAVE_GRP_H 1
| #define HAVE_ENDIAN_H 1
| #define HAVE_SYS_SYSMACROS_H 1
| #define HAVE_SYS_SOCKET_H 1
| #define HAVE_FTS_H 1
| #define FAKEROOT_ATTR(x) __attribute__ ((x))
| /* end confdefs.h.  */
| #include <unistd.h>
|         ssize_t readlink(const char *path, void *buf, size_t bufsiz);
| int
| main ()
| {
| puts("hello, world");
|   ;
|   return 0;
| }
configure:12137: /usr/bin/gcc -c -O2 -I/project/trunk/MV-AC3_GPL/tplink/buildroot-marvell/build/mv-ac3/host/usr/include -I/project/trunk/MV-AC3_GPL/tplink/buildroot-marvell/build/mv-ac3/host/usr/include conftest.c >&5
conftest.c:39:17: error: conflicting types for 'readlink'
         ssize_t readlink(const char *path, void *buf, int bufsiz);
                 ^
In file included from /usr/include/features.h:374:0,
                 from /usr/include/unistd.h:25,
                 from conftest.c:38:
/usr/include/i386-linux-gnu/bits/unistd.h:139:1: note: previous definition of 'readlink' was here
 __NTH (readlink (const char *__restrict __path, char *__restrict __buf,
 ^
configure:12137: $? = 1
configure: failed program was:
| /* confdefs.h */
| #define PACKAGE_NAME "fakeroot"
| #define PACKAGE_TARNAME "fakeroot"
| #define PACKAGE_VERSION "1.18.4"
| #define PACKAGE_STRING "fakeroot 1.18.4"
| #define PACKAGE_BUGREPORT "clint@debian.org"
| #define PACKAGE_URL ""
| #define PACKAGE "fakeroot"
| #define VERSION "1.18.4"
| #define STDC_HEADERS 1
| #define HAVE_SYS_TYPES_H 1
| #define HAVE_SYS_STAT_H 1
| #define HAVE_STDLIB_H 1
| #define HAVE_STRING_H 1
| #define HAVE_MEMORY_H 1
| #define HAVE_STRINGS_H 1
| #define HAVE_INTTYPES_H 1
| #define HAVE_STDINT_H 1
| #define HAVE_UNISTD_H 1
| #define HAVE_DLFCN_H 1
| #define LT_OBJDIR ".libs/"
| #define HAVE_LIBDL 1
| #define HAVE_DIRENT_H 1
| #define STDC_HEADERS 1
| #define HAVE_FCNTL_H 1
| #define HAVE_UNISTD_H 1
| #define HAVE_FEATURES_H 1
| #define HAVE_PTHREAD_H 1
| #define HAVE_STDINT_H 1
| #define HAVE_INTTYPES_H 1
| #define HAVE_GRP_H 1
| #define HAVE_ENDIAN_H 1
| #define HAVE_SYS_SYSMACROS_H 1
| #define HAVE_SYS_SOCKET_H 1
| #define HAVE_FTS_H 1
| #define FAKEROOT_ATTR(x) __attribute__ ((x))
| /* end confdefs.h.  */
| #include <unistd.h>
|         ssize_t readlink(const char *path, void *buf, int bufsiz);
| int
| main ()
| {
| puts("hello, world");
|   ;
|   return 0;
| }
configure:12137: /usr/bin/gcc -c -O2 -I/project/trunk/MV-AC3_GPL/tplink/buildroot-marvell/build/mv-ac3/host/usr/include -I/project/trunk/MV-AC3_GPL/tplink/buildroot-marvell/build/mv-ac3/host/usr/include conftest.c >&5
configure:12137: $? = 0
configure:12137: /usr/bin/gcc -c -O2 -I/project/trunk/MV-AC3_GPL/tplink/buildroot-marvell/build/mv-ac3/host/usr/include -I/project/trunk/MV-AC3_GPL/tplink/buildroot-marvell/build/mv-ac3/host/usr/include conftest.c >&5
conftest.c:39:17: error: conflicting types for 'readlink'
         ssize_t readlink(const char *path, char *buf, int bufsiz);
                 ^
In file included from /usr/include/features.h:374:0,
                 from /usr/include/unistd.h:25,
                 from conftest.c:38:
/usr/include/i386-linux-gnu/bits/unistd.h:139:1: note: previous definition of 'readlink' was here
 __NTH (readlink (const char *__restrict __path, char *__restrict __buf,
 ^
configure:12137: $? = 1
configure: failed program was:
| /* confdefs.h */
| #define PACKAGE_NAME "fakeroot"
| #define PACKAGE_TARNAME "fakeroot"
| #define PACKAGE_VERSION "1.18.4"
| #define PACKAGE_STRING "fakeroot 1.18.4"
| #define PACKAGE_BUGREPORT "clint@debian.org"
| #define PACKAGE_URL ""
| #define PACKAGE "fakeroot"
| #define VERSION "1.18.4"
| #define STDC_HEADERS 1
| #define HAVE_SYS_TYPES_H 1
| #define HAVE_SYS_STAT_H 1
| #define HAVE_STDLIB_H 1
| #define HAVE_STRING_H 1
| #define HAVE_MEMORY_H 1
| #define HAVE_STRINGS_H 1
| #define HAVE_INTTYPES_H 1
| #define HAVE_STDINT_H 1
| #define HAVE_UNISTD_H 1
| #define HAVE_DLFCN_H 1
| #define LT_OBJDIR ".libs/"
| #define HAVE_LIBDL 1
| #define HAVE_DIRENT_H 1
| #define STDC_HEADERS 1
| #define HAVE_FCNTL_H 1
| #define HAVE_UNISTD_H 1
| #define HAVE_FEATURES_H 1
| #define HAVE_PTHREAD_H 1
| #define HAVE_STDINT_H 1
| #define HAVE_INTTYPES_H 1
| #define HAVE_GRP_H 1
| #define HAVE_ENDIAN_H 1
| #define HAVE_SYS_SYSMACROS_H 1
| #define HAVE_SYS_SOCKET_H 1
| #define HAVE_FTS_H 1
| #define FAKEROOT_ATTR(x) __attribute__ ((x))
| /* end confdefs.h.  */
| #include <unistd.h>
|         ssize_t readlink(const char *path, char *buf, int bufsiz);
| int
| main ()
| {
| puts("hello, world");
|   ;
|   return 0;
| }
configure:12137: /usr/bin/gcc -c -O2 -I/project/trunk/MV-AC3_GPL/tplink/buildroot-marvell/build/mv-ac3/host/usr/include -I/project/trunk/MV-AC3_GPL/tplink/buildroot-marvell/build/mv-ac3/host/usr/include conftest.c >&5
conftest.c:39:13: error: conflicting types for 'readlink'
         int readlink(const char *path, void *buf, size_t bufsiz);
             ^
In file included from /usr/include/features.h:374:0,
                 from /usr/include/unistd.h:25,
                 from conftest.c:38:
/usr/include/i386-linux-gnu/bits/unistd.h:139:1: note: previous definition of 'readlink' was here
 __NTH (readlink (const char *__restrict __path, char *__restrict __buf,
 ^
configure:12137: $? = 1
configure: failed program was:
| /* confdefs.h */
| #define PACKAGE_NAME "fakeroot"
| #define PACKAGE_TARNAME "fakeroot"
| #define PACKAGE_VERSION "1.18.4"
| #define PACKAGE_STRING "fakeroot 1.18.4"
| #define PACKAGE_BUGREPORT "clint@debian.org"
| #define PACKAGE_URL ""
| #define PACKAGE "fakeroot"
| #define VERSION "1.18.4"
| #define STDC_HEADERS 1
| #define HAVE_SYS_TYPES_H 1
| #define HAVE_SYS_STAT_H 1
| #define HAVE_STDLIB_H 1
| #define HAVE_STRING_H 1
| #define HAVE_MEMORY_H 1
| #define HAVE_STRINGS_H 1
| #define HAVE_INTTYPES_H 1
| #define HAVE_STDINT_H 1
| #define HAVE_UNISTD_H 1
| #define HAVE_DLFCN_H 1
| #define LT_OBJDIR ".libs/"
| #define HAVE_LIBDL 1
| #define HAVE_DIRENT_H 1
| #define STDC_HEADERS 1
| #define HAVE_FCNTL_H 1
| #define HAVE_UNISTD_H 1
| #define HAVE_FEATURES_H 1
| #define HAVE_PTHREAD_H 1
| #define HAVE_STDINT_H 1
| #define HAVE_INTTYPES_H 1
| #define HAVE_GRP_H 1
| #define HAVE_ENDIAN_H 1
| #define HAVE_SYS_SYSMACROS_H 1
| #define HAVE_SYS_SOCKET_H 1
| #define HAVE_FTS_H 1
| #define FAKEROOT_ATTR(x) __attribute__ ((x))
| /* end confdefs.h.  */
| #include <unistd.h>
|         int readlink(const char *path, void *buf, size_t bufsiz);
| int
| main ()
| {
| puts("hello, world");
|   ;
|   return 0;
| }
configure:12137: /usr/bin/gcc -c -O2 -I/project/trunk/MV-AC3_GPL/tplink/buildroot-marvell/build/mv-ac3/host/usr/include -I/project/trunk/MV-AC3_GPL/tplink/buildroot-marvell/build/mv-ac3/host/usr/include conftest.c >&5
conftest.c:39:13: error: conflicting types for 'readlink'
         int readlink(const char *path, void *buf, int bufsiz);
             ^
In file included from /usr/include/features.h:374:0,
                 from /usr/include/unistd.h:25,
                 from conftest.c:38:
/usr/include/i386-linux-gnu/bits/unistd.h:139:1: note: previous definition of 'readlink' was here
 __NTH (readlink (const char *__restrict __path, char *__restrict __buf,
 ^
configure:12137: $? = 1
configure: failed program was:
| /* confdefs.h */
| #define PACKAGE_NAME "fakeroot"
| #define PACKAGE_TARNAME "fakeroot"
| #define PACKAGE_VERSION "1.18.4"
| #define PACKAGE_STRING "fakeroot 1.18.4"
| #define PACKAGE_BUGREPORT "clint@debian.org"
| #define PACKAGE_URL ""
| #define PACKAGE "fakeroot"
| #define VERSION "1.18.4"
| #define STDC_HEADERS 1
| #define HAVE_SYS_TYPES_H 1
| #define HAVE_SYS_STAT_H 1
| #define HAVE_STDLIB_H 1
| #define HAVE_STRING_H 1
| #define HAVE_MEMORY_H 1
| #define HAVE_STRINGS_H 1
| #define HAVE_INTTYPES_H 1
| #define HAVE_STDINT_H 1
| #define HAVE_UNISTD_H 1
| #define HAVE_DLFCN_H 1
| #define LT_OBJDIR ".libs/"
| #define HAVE_LIBDL 1
| #define HAVE_DIRENT_H 1
| #define STDC_HEADERS 1
| #define HAVE_FCNTL_H 1
| #define HAVE_UNISTD_H 1
| #define HAVE_FEATURES_H 1
| #define HAVE_PTHREAD_H 1
| #define HAVE_STDINT_H 1
| #define HAVE_INTTYPES_H 1
| #define HAVE_GRP_H 1
| #define HAVE_ENDIAN_H 1
| #define HAVE_SYS_SYSMACROS_H 1
| #define HAVE_SYS_SOCKET_H 1
| #define HAVE_FTS_H 1
| #define FAKEROOT_ATTR(x) __attribute__ ((x))
| /* end confdefs.h.  */
| #include <unistd.h>
|         int readlink(const char *path, void *buf, int bufsiz);
| int
| main ()
| {
| puts("hello, world");
|   ;
|   return 0;
| }
configure:12137: /usr/bin/gcc -c -O2 -I/project/trunk/MV-AC3_GPL/tplink/buildroot-marvell/build/mv-ac3/host/usr/include -I/project/trunk/MV-AC3_GPL/tplink/buildroot-marvell/build/mv-ac3/host/usr/include conftest.c >&5
configure:12137: $? = 0
configure:12137: /usr/bin/gcc -c -O2 -I/project/trunk/MV-AC3_GPL/tplink/buildroot-marvell/build/mv-ac3/host/usr/include -I/project/trunk/MV-AC3_GPL/tplink/buildroot-marvell/build/mv-ac3/host/usr/include conftest.c >&5
conftest.c:39:13: error: conflicting types for 'readlink'
         int readlink(const char *path, char *buf, int bufsiz);
             ^
In file included from /usr/include/features.h:374:0,
                 from /usr/include/unistd.h:25,
                 from conftest.c:38:
/usr/include/i386-linux-gnu/bits/unistd.h:139:1: note: previous definition of 'readlink' was here
 __NTH (readlink (const char *__restrict __path, char *__restrict __buf,
 ^
configure:12137: $? = 1
configure: failed program was:
| /* confdefs.h */
| #define PACKAGE_NAME "fakeroot"
| #define PACKAGE_TARNAME "fakeroot"
| #define PACKAGE_VERSION "1.18.4"
| #define PACKAGE_STRING "fakeroot 1.18.4"
| #define PACKAGE_BUGREPORT "clint@debian.org"
| #define PACKAGE_URL ""
| #define PACKAGE "fakeroot"
| #define VERSION "1.18.4"
| #define STDC_HEADERS 1
| #define HAVE_SYS_TYPES_H 1
| #define HAVE_SYS_STAT_H 1
| #define HAVE_STDLIB_H 1
| #define HAVE_STRING_H 1
| #define HAVE_MEMORY_H 1
| #define HAVE_STRINGS_H 1
| #define HAVE_INTTYPES_H 1
| #define HAVE_STDINT_H 1
| #define HAVE_UNISTD_H 1
| #define HAVE_DLFCN_H 1
| #define LT_OBJDIR ".libs/"
| #define HAVE_LIBDL 1
| #define HAVE_DIRENT_H 1
| #define STDC_HEADERS 1
| #define HAVE_FCNTL_H 1
| #define HAVE_UNISTD_H 1
| #define HAVE_FEATURES_H 1
| #define HAVE_PTHREAD_H 1
| #define HAVE_STDINT_H 1
| #define HAVE_INTTYPES_H 1
| #define HAVE_GRP_H 1
| #define HAVE_ENDIAN_H 1
| #define HAVE_SYS_SYSMACROS_H 1
| #define HAVE_SYS_SOCKET_H 1
| #define HAVE_FTS_H 1
| #define FAKEROOT_ATTR(x) __attribute__ ((x))
| /* end confdefs.h.  */
| #include <unistd.h>
|         int readlink(const char *path, char *buf, int bufsiz);
| int
| main ()
| {
| puts("hello, world");
|   ;
|   return 0;
| }
configure:12147: result: int, char, size_t
configure:12165: checking for first argument of setgroups
configure:12188: /usr/bin/gcc -c -O2 -I/project/trunk/MV-AC3_GPL/tplink/buildroot-marvell/build/mv-ac3/host/usr/include -I/project/trunk/MV-AC3_GPL/tplink/buildroot-marvell/build/mv-ac3/host/usr/include conftest.c >&5
configure:12188: $? = 0
configure:12188: /usr/bin/gcc -c -O2 -I/project/trunk/MV-AC3_GPL/tplink/buildroot-marvell/build/mv-ac3/host/usr/include -I/project/trunk/MV-AC3_GPL/tplink/buildroot-marvell/build/mv-ac3/host/usr/include conftest.c >&5
conftest.c:49:7: error: conflicting types for 'setgroups'
   int setgroups(int size, const gid_t *list);
       ^
In file included from conftest.c:47:0:
/usr/include/grp.h:180:12: note: previous declaration of 'setgroups' was here
 extern int setgroups (size_t __n, const __gid_t *__groups) __THROW;
            ^
configure:12188: $? = 1
configure: failed program was:
| /* confdefs.h */
| #define PACKAGE_NAME "fakeroot"
| #define PACKAGE_TARNAME "fakeroot"
| #define PACKAGE_VERSION "1.18.4"
| #define PACKAGE_STRING "fakeroot 1.18.4"
| #define PACKAGE_BUGREPORT "clint@debian.org"
| #define PACKAGE_URL ""
| #define PACKAGE "fakeroot"
| #define VERSION "1.18.4"
| #define STDC_HEADERS 1
| #define HAVE_SYS_TYPES_H 1
| #define HAVE_SYS_STAT_H 1
| #define HAVE_STDLIB_H 1
| #define HAVE_STRING_H 1
| #define HAVE_MEMORY_H 1
| #define HAVE_STRINGS_H 1
| #define HAVE_INTTYPES_H 1
| #define HAVE_STDINT_H 1
| #define HAVE_UNISTD_H 1
| #define HAVE_DLFCN_H 1
| #define LT_OBJDIR ".libs/"
| #define HAVE_LIBDL 1
| #define HAVE_DIRENT_H 1
| #define STDC_HEADERS 1
| #define HAVE_FCNTL_H 1
| #define HAVE_UNISTD_H 1
| #define HAVE_FEATURES_H 1
| #define HAVE_PTHREAD_H 1
| #define HAVE_STDINT_H 1
| #define HAVE_INTTYPES_H 1
| #define HAVE_GRP_H 1
| #define HAVE_ENDIAN_H 1
| #define HAVE_SYS_SYSMACROS_H 1
| #define HAVE_SYS_SOCKET_H 1
| #define HAVE_FTS_H 1
| #define FAKEROOT_ATTR(x) __attribute__ ((x))
| #define READLINK_RETVAL_TYPE int
| #define READLINK_BUF_TYPE char
| #define READLINK_BUFSIZE_TYPE size_t
| /* end confdefs.h.  */
| #define _BSD_SOURCE
| #ifdef HAVE_SYS_TYPES_H
| #include <sys/types.h>
| #endif
| #include <unistd.h>
| #ifdef HAVE_GRP_H
| #include <grp.h>
| #endif
|   int setgroups(int size, const gid_t *list);
| int
| main ()
| {
| puts("hello, world");
|   ;
|   return 0;
| }
configure:12193: result: size_t
configure:12203: checking for union semun
configure:12222: /usr/bin/gcc -c -O2 -I/project/trunk/MV-AC3_GPL/tplink/buildroot-marvell/build/mv-ac3/host/usr/include -I/project/trunk/MV-AC3_GPL/tplink/buildroot-marvell/build/mv-ac3/host/usr/include conftest.c >&5
conftest.c: In function 'main':
conftest.c:51:20: error: storage size of 's' isn't known
        union semun s;
                    ^
configure:12222: $? = 1
configure: failed program was:
| /* confdefs.h */
| #define PACKAGE_NAME "fakeroot"
| #define PACKAGE_TARNAME "fakeroot"
| #define PACKAGE_VERSION "1.18.4"
| #define PACKAGE_STRING "fakeroot 1.18.4"
| #define PACKAGE_BUGREPORT "clint@debian.org"
| #define PACKAGE_URL ""
| #define PACKAGE "fakeroot"
| #define VERSION "1.18.4"
| #define STDC_HEADERS 1
| #define HAVE_SYS_TYPES_H 1
| #define HAVE_SYS_STAT_H 1
| #define HAVE_STDLIB_H 1
| #define HAVE_STRING_H 1
| #define HAVE_MEMORY_H 1
| #define HAVE_STRINGS_H 1
| #define HAVE_INTTYPES_H 1
| #define HAVE_STDINT_H 1
| #define HAVE_UNISTD_H 1
| #define HAVE_DLFCN_H 1
| #define LT_OBJDIR ".libs/"
| #define HAVE_LIBDL 1
| #define HAVE_DIRENT_H 1
| #define STDC_HEADERS 1
| #define HAVE_FCNTL_H 1
| #define HAVE_UNISTD_H 1
| #define HAVE_FEATURES_H 1
| #define HAVE_PTHREAD_H 1
| #define HAVE_STDINT_H 1
| #define HAVE_INTTYPES_H 1
| #define HAVE_GRP_H 1
| #define HAVE_ENDIAN_H 1
| #define HAVE_SYS_SYSMACROS_H 1
| #define HAVE_SYS_SOCKET_H 1
| #define HAVE_FTS_H 1
| #define FAKEROOT_ATTR(x) __attribute__ ((x))
| #define READLINK_RETVAL_TYPE int
| #define READLINK_BUF_TYPE char
| #define READLINK_BUFSIZE_TYPE size_t
| #define SETGROUPS_SIZE_TYPE size_t
| /* end confdefs.h.  */
| 
|        # include <sys/types.h>
|        # include <sys/ipc.h>
|        # include <sys/sem.h>
| 
| int
| main ()
| {
| 
|        union semun s;
| 
|   ;
|   return 0;
| }
configure:12229: result: no
configure:12236: checking for type of arg of __xmknod
configure:12258: /usr/bin/gcc -c -O2 -I/project/trunk/MV-AC3_GPL/tplink/buildroot-marvell/build/mv-ac3/host/usr/include -I/project/trunk/MV-AC3_GPL/tplink/buildroot-marvell/build/mv-ac3/host/usr/include conftest.c >&5
conftest.c: In function 'main':
conftest.c:52:12: error: conflicting types for '__xmknod'
        int __xmknod  ( int ver,
            ^
In file included from conftest.c:44:0:
/usr/include/i386-linux-gnu/sys/stat.h:442:12: note: previous declaration of '__xmknod' was here
 extern int __xmknod (int __ver, const char *__path, __mode_t __mode,
            ^
configure:12258: $? = 1
configure: failed program was:
| /* confdefs.h */
| #define PACKAGE_NAME "fakeroot"
| #define PACKAGE_TARNAME "fakeroot"
| #define PACKAGE_VERSION "1.18.4"
| #define PACKAGE_STRING "fakeroot 1.18.4"
| #define PACKAGE_BUGREPORT "clint@debian.org"
| #define PACKAGE_URL ""
| #define PACKAGE "fakeroot"
| #define VERSION "1.18.4"
| #define STDC_HEADERS 1
| #define HAVE_SYS_TYPES_H 1
| #define HAVE_SYS_STAT_H 1
| #define HAVE_STDLIB_H 1
| #define HAVE_STRING_H 1
| #define HAVE_MEMORY_H 1
| #define HAVE_STRINGS_H 1
| #define HAVE_INTTYPES_H 1
| #define HAVE_STDINT_H 1
| #define HAVE_UNISTD_H 1
| #define HAVE_DLFCN_H 1
| #define LT_OBJDIR ".libs/"
| #define HAVE_LIBDL 1
| #define HAVE_DIRENT_H 1
| #define STDC_HEADERS 1
| #define HAVE_FCNTL_H 1
| #define HAVE_UNISTD_H 1
| #define HAVE_FEATURES_H 1
| #define HAVE_PTHREAD_H 1
| #define HAVE_STDINT_H 1
| #define HAVE_INTTYPES_H 1
| #define HAVE_GRP_H 1
| #define HAVE_ENDIAN_H 1
| #define HAVE_SYS_SYSMACROS_H 1
| #define HAVE_SYS_SOCKET_H 1
| #define HAVE_FTS_H 1
| #define FAKEROOT_ATTR(x) __attribute__ ((x))
| #define READLINK_RETVAL_TYPE int
| #define READLINK_BUF_TYPE char
| #define READLINK_BUFSIZE_TYPE size_t
| #define SETGROUPS_SIZE_TYPE size_t
| /* end confdefs.h.  */
| 
|        #include <sys/types.h>
|        #include <sys/stat.h>
|        #include <fcntl.h>
|        #include <unistd.h>
| 
| int
| main ()
| {
| 
|        int __xmknod  ( int ver,
|                        const char *pathname ,
|                        mode_t  mode ,  dev_t dev);
| 
|   ;
|   return 0;
| }
configure:12269: result: needs *
configure:12277: checking for type of arg of __xmknodat
configure:12300: /usr/bin/gcc -c -O2 -I/project/trunk/MV-AC3_GPL/tplink/buildroot-marvell/build/mv-ac3/host/usr/include -I/project/trunk/MV-AC3_GPL/tplink/buildroot-marvell/build/mv-ac3/host/usr/include conftest.c >&5
conftest.c: In function 'main':
conftest.c:53:12: error: conflicting types for '__xmknodat'
        int __xmknodat  ( int ver,
            ^
In file included from conftest.c:45:0:
/usr/include/i386-linux-gnu/sys/stat.h:445:12: note: previous declaration of '__xmknodat' was here
 extern int __xmknodat (int __ver, int __fd, const char *__path,
            ^
configure:12300: $? = 1
configure: failed program was:
| /* confdefs.h */
| #define PACKAGE_NAME "fakeroot"
| #define PACKAGE_TARNAME "fakeroot"
| #define PACKAGE_VERSION "1.18.4"
| #define PACKAGE_STRING "fakeroot 1.18.4"
| #define PACKAGE_BUGREPORT "clint@debian.org"
| #define PACKAGE_URL ""
| #define PACKAGE "fakeroot"
| #define VERSION "1.18.4"
| #define STDC_HEADERS 1
| #define HAVE_SYS_TYPES_H 1
| #define HAVE_SYS_STAT_H 1
| #define HAVE_STDLIB_H 1
| #define HAVE_STRING_H 1
| #define HAVE_MEMORY_H 1
| #define HAVE_STRINGS_H 1
| #define HAVE_INTTYPES_H 1
| #define HAVE_STDINT_H 1
| #define HAVE_UNISTD_H 1
| #define HAVE_DLFCN_H 1
| #define LT_OBJDIR ".libs/"
| #define HAVE_LIBDL 1
| #define HAVE_DIRENT_H 1
| #define STDC_HEADERS 1
| #define HAVE_FCNTL_H 1
| #define HAVE_UNISTD_H 1
| #define HAVE_FEATURES_H 1
| #define HAVE_PTHREAD_H 1
| #define HAVE_STDINT_H 1
| #define HAVE_INTTYPES_H 1
| #define HAVE_GRP_H 1
| #define HAVE_ENDIAN_H 1
| #define HAVE_SYS_SYSMACROS_H 1
| #define HAVE_SYS_SOCKET_H 1
| #define HAVE_FTS_H 1
| #define FAKEROOT_ATTR(x) __attribute__ ((x))
| #define READLINK_RETVAL_TYPE int
| #define READLINK_BUF_TYPE char
| #define READLINK_BUFSIZE_TYPE size_t
| #define SETGROUPS_SIZE_TYPE size_t
| #define XMKNOD_FRTH_ARG *
| /* end confdefs.h.  */
| 
|        #include <sys/types.h>
|        #include <sys/stat.h>
|        #include <fcntl.h>
|        #include <unistd.h>
| 
| int
| main ()
| {
| 
|        int __xmknodat  ( int ver,
|                          int dirfd,
|                          const char *pathname ,
|                          mode_t  mode ,  dev_t dev);
| 
|   ;
|   return 0;
| }
configure:12311: result: needs *
configure:12319: checking for type of arg of initgroups
configure:12337: /usr/bin/gcc -c -O2 -I/project/trunk/MV-AC3_GPL/tplink/buildroot-marvell/build/mv-ac3/host/usr/include -I/project/trunk/MV-AC3_GPL/tplink/buildroot-marvell/build/mv-ac3/host/usr/include conftest.c >&5
configure:12337: $? = 0
configure:12341: result: gid_t
configure:12355: checking for type of arg of setreuid
configure:12373: /usr/bin/gcc -c -O2 -I/project/trunk/MV-AC3_GPL/tplink/buildroot-marvell/build/mv-ac3/host/usr/include -I/project/trunk/MV-AC3_GPL/tplink/buildroot-marvell/build/mv-ac3/host/usr/include conftest.c >&5
configure:12373: $? = 0
configure:12377: result: gid_t
configure:12391: checking for type of arg of setregid
configure:12409: /usr/bin/gcc -c -O2 -I/project/trunk/MV-AC3_GPL/tplink/buildroot-marvell/build/mv-ac3/host/usr/include -I/project/trunk/MV-AC3_GPL/tplink/buildroot-marvell/build/mv-ac3/host/usr/include conftest.c >&5
configure:12409: $? = 0
configure:12413: result: gid_t
configure:12427: checking for type of second arg to stat
configure:12446: /usr/bin/gcc -c -O2 -I/project/trunk/MV-AC3_GPL/tplink/buildroot-marvell/build/mv-ac3/host/usr/include -I/project/trunk/MV-AC3_GPL/tplink/buildroot-marvell/build/mv-ac3/host/usr/include conftest.c >&5
configure:12446: $? = 0
configure:12450: result: struct stat *
configure:12490: checking for d_off in struct dirent
configure:12510: /usr/bin/gcc -c -O2 -I/project/trunk/MV-AC3_GPL/tplink/buildroot-marvell/build/mv-ac3/host/usr/include -I/project/trunk/MV-AC3_GPL/tplink/buildroot-marvell/build/mv-ac3/host/usr/include conftest.c >&5
configure:12510: $? = 0
configure:12515: result: yes
configure:12490: checking for d_type in struct dirent
configure:12510: /usr/bin/gcc -c -O2 -I/project/trunk/MV-AC3_GPL/tplink/buildroot-marvell/build/mv-ac3/host/usr/include -I/project/trunk/MV-AC3_GPL/tplink/buildroot-marvell/build/mv-ac3/host/usr/include conftest.c >&5
configure:12510: $? = 0
configure:12515: result: yes
configure:12527: checking for acl_t struct
configure:12545: /usr/bin/gcc -c -O2 -I/project/trunk/MV-AC3_GPL/tplink/buildroot-marvell/build/mv-ac3/host/usr/include -I/project/trunk/MV-AC3_GPL/tplink/buildroot-marvell/build/mv-ac3/host/usr/include conftest.c >&5
conftest.c:52:28: fatal error: sys/acl.h: No such file or directory
        #include <sys/acl.h>
                            ^
compilation terminated.
configure:12545: $? = 1
configure: failed program was:
| /* confdefs.h */
| #define PACKAGE_NAME "fakeroot"
| #define PACKAGE_TARNAME "fakeroot"
| #define PACKAGE_VERSION "1.18.4"
| #define PACKAGE_STRING "fakeroot 1.18.4"
| #define PACKAGE_BUGREPORT "clint@debian.org"
| #define PACKAGE_URL ""
| #define PACKAGE "fakeroot"
| #define VERSION "1.18.4"
| #define STDC_HEADERS 1
| #define HAVE_SYS_TYPES_H 1
| #define HAVE_SYS_STAT_H 1
| #define HAVE_STDLIB_H 1
| #define HAVE_STRING_H 1
| #define HAVE_MEMORY_H 1
| #define HAVE_STRINGS_H 1
| #define HAVE_INTTYPES_H 1
| #define HAVE_STDINT_H 1
| #define HAVE_UNISTD_H 1
| #define HAVE_DLFCN_H 1
| #define LT_OBJDIR ".libs/"
| #define HAVE_LIBDL 1
| #define HAVE_DIRENT_H 1
| #define STDC_HEADERS 1
| #define HAVE_FCNTL_H 1
| #define HAVE_UNISTD_H 1
| #define HAVE_FEATURES_H 1
| #define HAVE_PTHREAD_H 1
| #define HAVE_STDINT_H 1
| #define HAVE_INTTYPES_H 1
| #define HAVE_GRP_H 1
| #define HAVE_ENDIAN_H 1
| #define HAVE_SYS_SYSMACROS_H 1
| #define HAVE_SYS_SOCKET_H 1
| #define HAVE_FTS_H 1
| #define FAKEROOT_ATTR(x) __attribute__ ((x))
| #define READLINK_RETVAL_TYPE int
| #define READLINK_BUF_TYPE char
| #define READLINK_BUFSIZE_TYPE size_t
| #define SETGROUPS_SIZE_TYPE size_t
| #define XMKNOD_FRTH_ARG *
| #define XMKNODAT_FIFTH_ARG *
| #define INITGROUPS_SECOND_ARG gid_t
| #define SETREUID_ARG gid_t
| #define SETREGID_ARG gid_t
| #define STAT_SECOND_ARG struct stat *
| #define STAT_HAS_d_off 1
| #define STAT_HAS_d_type 1
| /* end confdefs.h.  */
| 
|        #include <sys/types.h>
|        #include <sys/acl.h>
| 
| int
| main ()
| {
| 
|        acl_t t;
| 
|   ;
|   return 0;
| }
configure:12554: result: no
configure:12563: checking for fchmodat
configure:12563: /usr/bin/gcc -o conftest -O2 -I/project/trunk/MV-AC3_GPL/tplink/buildroot-marvell/build/mv-ac3/host/usr/include -I/project/trunk/MV-AC3_GPL/tplink/buildroot-marvell/build/mv-ac3/host/usr/include -L/project/trunk/MV-AC3_GPL/tplink/buildroot-marvell/build/mv-ac3/host/lib -L/project/trunk/MV-AC3_GPL/tplink/buildroot-marvell/build/mv-ac3/host/usr/lib -Wl,-rpath,/project/trunk/MV-AC3_GPL/tplink/buildroot-marvell/build/mv-ac3/host/usr/lib conftest.c -ldl  >&5
configure:12563: $? = 0
configure:12563: result: yes
configure:12563: checking for fchownat
configure:12563: /usr/bin/gcc -o conftest -O2 -I/project/trunk/MV-AC3_GPL/tplink/buildroot-marvell/build/mv-ac3/host/usr/include -I/project/trunk/MV-AC3_GPL/tplink/buildroot-marvell/build/mv-ac3/host/usr/include -L/project/trunk/MV-AC3_GPL/tplink/buildroot-marvell/build/mv-ac3/host/lib -L/project/trunk/MV-AC3_GPL/tplink/buildroot-marvell/build/mv-ac3/host/usr/lib -Wl,-rpath,/project/trunk/MV-AC3_GPL/tplink/buildroot-marvell/build/mv-ac3/host/usr/lib conftest.c -ldl  >&5
configure:12563: $? = 0
configure:12563: result: yes
configure:12563: checking for fstatat
configure:12563: /usr/bin/gcc -o conftest -O2 -I/project/trunk/MV-AC3_GPL/tplink/buildroot-marvell/build/mv-ac3/host/usr/include -I/project/trunk/MV-AC3_GPL/tplink/buildroot-marvell/build/mv-ac3/host/usr/include -L/project/trunk/MV-AC3_GPL/tplink/buildroot-marvell/build/mv-ac3/host/lib -L/project/trunk/MV-AC3_GPL/tplink/buildroot-marvell/build/mv-ac3/host/usr/lib -Wl,-rpath,/project/trunk/MV-AC3_GPL/tplink/buildroot-marvell/build/mv-ac3/host/usr/lib conftest.c -ldl  >&5
configure:12563: $? = 0
configure:12563: result: yes
configure:12563: checking for mkdirat
configure:12563: /usr/bin/gcc -o conftest -O2 -I/project/trunk/MV-AC3_GPL/tplink/buildroot-marvell/build/mv-ac3/host/usr/include -I/project/trunk/MV-AC3_GPL/tplink/buildroot-marvell/build/mv-ac3/host/usr/include -L/project/trunk/MV-AC3_GPL/tplink/buildroot-marvell/build/mv-ac3/host/lib -L/project/trunk/MV-AC3_GPL/tplink/buildroot-marvell/build/mv-ac3/host/usr/lib -Wl,-rpath,/project/trunk/MV-AC3_GPL/tplink/buildroot-marvell/build/mv-ac3/host/usr/lib conftest.c -ldl  >&5
configure:12563: $? = 0
configure:12563: result: yes
configure:12563: checking for mknodat
configure:12563: /usr/bin/gcc -o conftest -O2 -I/project/trunk/MV-AC3_GPL/tplink/buildroot-marvell/build/mv-ac3/host/usr/include -I/project/trunk/MV-AC3_GPL/tplink/buildroot-marvell/build/mv-ac3/host/usr/include -L/project/trunk/MV-AC3_GPL/tplink/buildroot-marvell/build/mv-ac3/host/lib -L/project/trunk/MV-AC3_GPL/tplink/buildroot-marvell/build/mv-ac3/host/usr/lib -Wl,-rpath,/project/trunk/MV-AC3_GPL/tplink/buildroot-marvell/build/mv-ac3/host/usr/lib conftest.c -ldl  >&5
configure:12563: $? = 0
configure:12563: result: yes
configure:12563: checking for openat
configure:12563: /usr/bin/gcc -o conftest -O2 -I/project/trunk/MV-AC3_GPL/tplink/buildroot-marvell/build/mv-ac3/host/usr/include -I/project/trunk/MV-AC3_GPL/tplink/buildroot-marvell/build/mv-ac3/host/usr/include -L/project/trunk/MV-AC3_GPL/tplink/buildroot-marvell/build/mv-ac3/host/lib -L/project/trunk/MV-AC3_GPL/tplink/buildroot-marvell/build/mv-ac3/host/usr/lib -Wl,-rpath,/project/trunk/MV-AC3_GPL/tplink/buildroot-marvell/build/mv-ac3/host/usr/lib conftest.c -ldl  >&5
configure:12563: $? = 0
configure:12563: result: yes
configure:12563: checking for renameat
configure:12563: /usr/bin/gcc -o conftest -O2 -I/project/trunk/MV-AC3_GPL/tplink/buildroot-marvell/build/mv-ac3/host/usr/include -I/project/trunk/MV-AC3_GPL/tplink/buildroot-marvell/build/mv-ac3/host/usr/include -L/project/trunk/MV-AC3_GPL/tplink/buildroot-marvell/build/mv-ac3/host/lib -L/project/trunk/MV-AC3_GPL/tplink/buildroot-marvell/build/mv-ac3/host/usr/lib -Wl,-rpath,/project/trunk/MV-AC3_GPL/tplink/buildroot-marvell/build/mv-ac3/host/usr/lib conftest.c -ldl  >&5
configure:12563: $? = 0
configure:12563: result: yes
configure:12563: checking for unlinkat
configure:12563: /usr/bin/gcc -o conftest -O2 -I/project/trunk/MV-AC3_GPL/tplink/buildroot-marvell/build/mv-ac3/host/usr/include -I/project/trunk/MV-AC3_GPL/tplink/buildroot-marvell/build/mv-ac3/host/usr/include -L/project/trunk/MV-AC3_GPL/tplink/buildroot-marvell/build/mv-ac3/host/lib -L/project/trunk/MV-AC3_GPL/tplink/buildroot-marvell/build/mv-ac3/host/usr/lib -Wl,-rpath,/project/trunk/MV-AC3_GPL/tplink/buildroot-marvell/build/mv-ac3/host/usr/lib conftest.c -ldl  >&5
configure:12563: $? = 0
configure:12563: result: yes
configure:12563: checking for lchmod
configure:12563: /usr/bin/gcc -o conftest -O2 -I/project/trunk/MV-AC3_GPL/tplink/buildroot-marvell/build/mv-ac3/host/usr/include -I/project/trunk/MV-AC3_GPL/tplink/buildroot-marvell/build/mv-ac3/host/usr/include -L/project/trunk/MV-AC3_GPL/tplink/buildroot-marvell/build/mv-ac3/host/lib -L/project/trunk/MV-AC3_GPL/tplink/buildroot-marvell/build/mv-ac3/host/usr/lib -Wl,-rpath,/project/trunk/MV-AC3_GPL/tplink/buildroot-marvell/build/mv-ac3/host/usr/lib conftest.c -ldl  >&5
conftest.c:86:1: error: unknown type name 'choke'
 choke me
 ^
conftest.c:89:1: error: expected '=', ',', ';', 'asm' or '__attribute__' before 'int'
 int
 ^
configure:12563: $? = 1
configure: failed program was:
| /* confdefs.h */
| #define PACKAGE_NAME "fakeroot"
| #define PACKAGE_TARNAME "fakeroot"
| #define PACKAGE_VERSION "1.18.4"
| #define PACKAGE_STRING "fakeroot 1.18.4"
| #define PACKAGE_BUGREPORT "clint@debian.org"
| #define PACKAGE_URL ""
| #define PACKAGE "fakeroot"
| #define VERSION "1.18.4"
| #define STDC_HEADERS 1
| #define HAVE_SYS_TYPES_H 1
| #define HAVE_SYS_STAT_H 1
| #define HAVE_STDLIB_H 1
| #define HAVE_STRING_H 1
| #define HAVE_MEMORY_H 1
| #define HAVE_STRINGS_H 1
| #define HAVE_INTTYPES_H 1
| #define HAVE_STDINT_H 1
| #define HAVE_UNISTD_H 1
| #define HAVE_DLFCN_H 1
| #define LT_OBJDIR ".libs/"
| #define HAVE_LIBDL 1
| #define HAVE_DIRENT_H 1
| #define STDC_HEADERS 1
| #define HAVE_FCNTL_H 1
| #define HAVE_UNISTD_H 1
| #define HAVE_FEATURES_H 1
| #define HAVE_PTHREAD_H 1
| #define HAVE_STDINT_H 1
| #define HAVE_INTTYPES_H 1
| #define HAVE_GRP_H 1
| #define HAVE_ENDIAN_H 1
| #define HAVE_SYS_SYSMACROS_H 1
| #define HAVE_SYS_SOCKET_H 1
| #define HAVE_FTS_H 1
| #define FAKEROOT_ATTR(x) __attribute__ ((x))
| #define READLINK_RETVAL_TYPE int
| #define READLINK_BUF_TYPE char
| #define READLINK_BUFSIZE_TYPE size_t
| #define SETGROUPS_SIZE_TYPE size_t
| #define XMKNOD_FRTH_ARG *
| #define XMKNODAT_FIFTH_ARG *
| #define INITGROUPS_SECOND_ARG gid_t
| #define SETREUID_ARG gid_t
| #define SETREGID_ARG gid_t
| #define STAT_SECOND_ARG struct stat *
| #define STAT_HAS_d_off 1
| #define STAT_HAS_d_type 1
| #define HAVE_FCHMODAT 1
| #define HAVE_FCHOWNAT 1
| #define HAVE_FSTATAT 1
| #define HAVE_MKDIRAT 1
| #define HAVE_MKNODAT 1
| #define HAVE_OPENAT 1
| #define HAVE_RENAMEAT 1
| #define HAVE_UNLINKAT 1
| /* end confdefs.h.  */
| /* Define lchmod to an innocuous variant, in case <limits.h> declares lchmod.
|    For example, HP-UX 11i <limits.h> declares gettimeofday.  */
| #define lchmod innocuous_lchmod
| 
| /* System header to define __stub macros and hopefully few prototypes,
|     which can conflict with char lchmod (); below.
|     Prefer <limits.h> to <assert.h> if __STDC__ is defined, since
|     <limits.h> exists even on freestanding compilers.  */
| 
| #ifdef __STDC__
| # include <limits.h>
| #else
| # include <assert.h>
| #endif
| 
| #undef lchmod
| 
| /* Override any GCC internal prototype to avoid an error.
|    Use char because int might match the return type of a GCC
|    builtin and then its argument prototype would still apply.  */
| #ifdef __cplusplus
| extern "C"
| #endif
| char lchmod ();
| /* The GNU C library defines this for functions which it implements
|     to always fail with ENOSYS.  Some functions are actually named
|     something starting with __ and the normal name is an alias.  */
| #if defined __stub_lchmod || defined __stub___lchmod
| choke me
| #endif
| 
| int
| main ()
| {
| return lchmod ();
|   ;
|   return 0;
| }
configure:12563: result: no
configure:12563: checking for fgetattrlist
configure:12563: /usr/bin/gcc -o conftest -O2 -I/project/trunk/MV-AC3_GPL/tplink/buildroot-marvell/build/mv-ac3/host/usr/include -I/project/trunk/MV-AC3_GPL/tplink/buildroot-marvell/build/mv-ac3/host/usr/include -L/project/trunk/MV-AC3_GPL/tplink/buildroot-marvell/build/mv-ac3/host/lib -L/project/trunk/MV-AC3_GPL/tplink/buildroot-marvell/build/mv-ac3/host/usr/lib -Wl,-rpath,/project/trunk/MV-AC3_GPL/tplink/buildroot-marvell/build/mv-ac3/host/usr/lib conftest.c -ldl  >&5
/tmp/cclyhKpw.o: In function `main':
conftest.c:(.text.startup+0x7): undefined reference to `fgetattrlist'
collect2: error: ld returned 1 exit status
configure:12563: $? = 1
configure: failed program was:
| /* confdefs.h */
| #define PACKAGE_NAME "fakeroot"
| #define PACKAGE_TARNAME "fakeroot"
| #define PACKAGE_VERSION "1.18.4"
| #define PACKAGE_STRING "fakeroot 1.18.4"
| #define PACKAGE_BUGREPORT "clint@debian.org"
| #define PACKAGE_URL ""
| #define PACKAGE "fakeroot"
| #define VERSION "1.18.4"
| #define STDC_HEADERS 1
| #define HAVE_SYS_TYPES_H 1
| #define HAVE_SYS_STAT_H 1
| #define HAVE_STDLIB_H 1
| #define HAVE_STRING_H 1
| #define HAVE_MEMORY_H 1
| #define HAVE_STRINGS_H 1
| #define HAVE_INTTYPES_H 1
| #define HAVE_STDINT_H 1
| #define HAVE_UNISTD_H 1
| #define HAVE_DLFCN_H 1
| #define LT_OBJDIR ".libs/"
| #define HAVE_LIBDL 1
| #define HAVE_DIRENT_H 1
| #define STDC_HEADERS 1
| #define HAVE_FCNTL_H 1
| #define HAVE_UNISTD_H 1
| #define HAVE_FEATURES_H 1
| #define HAVE_PTHREAD_H 1
| #define HAVE_STDINT_H 1
| #define HAVE_INTTYPES_H 1
| #define HAVE_GRP_H 1
| #define HAVE_ENDIAN_H 1
| #define HAVE_SYS_SYSMACROS_H 1
| #define HAVE_SYS_SOCKET_H 1
| #define HAVE_FTS_H 1
| #define FAKEROOT_ATTR(x) __attribute__ ((x))
| #define READLINK_RETVAL_TYPE int
| #define READLINK_BUF_TYPE char
| #define READLINK_BUFSIZE_TYPE size_t
| #define SETGROUPS_SIZE_TYPE size_t
| #define XMKNOD_FRTH_ARG *
| #define XMKNODAT_FIFTH_ARG *
| #define INITGROUPS_SECOND_ARG gid_t
| #define SETREUID_ARG gid_t
| #define SETREGID_ARG gid_t
| #define STAT_SECOND_ARG struct stat *
| #define STAT_HAS_d_off 1
| #define STAT_HAS_d_type 1
| #define HAVE_FCHMODAT 1
| #define HAVE_FCHOWNAT 1
| #define HAVE_FSTATAT 1
| #define HAVE_MKDIRAT 1
| #define HAVE_MKNODAT 1
| #define HAVE_OPENAT 1
| #define HAVE_RENAMEAT 1
| #define HAVE_UNLINKAT 1
| /* end confdefs.h.  */
| /* Define fgetattrlist to an innocuous variant, in case <limits.h> declares fgetattrlist.
|    For example, HP-UX 11i <limits.h> declares gettimeofday.  */
| #define fgetattrlist innocuous_fgetattrlist
| 
| /* System header to define __stub macros and hopefully few prototypes,
|     which can conflict with char fgetattrlist (); below.
|     Prefer <limits.h> to <assert.h> if __STDC__ is defined, since
|     <limits.h> exists even on freestanding compilers.  */
| 
| #ifdef __STDC__
| # include <limits.h>
| #else
| # include <assert.h>
| #endif
| 
| #undef fgetattrlist
| 
| /* Override any GCC internal prototype to avoid an error.
|    Use char because int might match the return type of a GCC
|    builtin and then its argument prototype would still apply.  */
| #ifdef __cplusplus
| extern "C"
| #endif
| char fgetattrlist ();
| /* The GNU C library defines this for functions which it implements
|     to always fail with ENOSYS.  Some functions are actually named
|     something starting with __ and the normal name is an alias.  */
| #if defined __stub_fgetattrlist || defined __stub___fgetattrlist
| choke me
| #endif
| 
| int
| main ()
| {
| return fgetattrlist ();
|   ;
|   return 0;
| }
configure:12563: result: no
configure:12584: checking for __xstat
configure:12584: /usr/bin/gcc -o conftest -O2 -I/project/trunk/MV-AC3_GPL/tplink/buildroot-marvell/build/mv-ac3/host/usr/include -I/project/trunk/MV-AC3_GPL/tplink/buildroot-marvell/build/mv-ac3/host/usr/include -L/project/trunk/MV-AC3_GPL/tplink/buildroot-marvell/build/mv-ac3/host/lib -L/project/trunk/MV-AC3_GPL/tplink/buildroot-marvell/build/mv-ac3/host/usr/lib -Wl,-rpath,/project/trunk/MV-AC3_GPL/tplink/buildroot-marvell/build/mv-ac3/host/usr/lib conftest.c -ldl  >&5
configure:12584: $? = 0
configure:12584: result: yes
configure:12584: checking for __fxstat
configure:12584: /usr/bin/gcc -o conftest -O2 -I/project/trunk/MV-AC3_GPL/tplink/buildroot-marvell/build/mv-ac3/host/usr/include -I/project/trunk/MV-AC3_GPL/tplink/buildroot-marvell/build/mv-ac3/host/usr/include -L/project/trunk/MV-AC3_GPL/tplink/buildroot-marvell/build/mv-ac3/host/lib -L/project/trunk/MV-AC3_GPL/tplink/buildroot-marvell/build/mv-ac3/host/usr/lib -Wl,-rpath,/project/trunk/MV-AC3_GPL/tplink/buildroot-marvell/build/mv-ac3/host/usr/lib conftest.c -ldl  >&5
configure:12584: $? = 0
configure:12584: result: yes
configure:12584: checking for __lxstat
configure:12584: /usr/bin/gcc -o conftest -O2 -I/project/trunk/MV-AC3_GPL/tplink/buildroot-marvell/build/mv-ac3/host/usr/include -I/project/trunk/MV-AC3_GPL/tplink/buildroot-marvell/build/mv-ac3/host/usr/include -L/project/trunk/MV-AC3_GPL/tplink/buildroot-marvell/build/mv-ac3/host/lib -L/project/trunk/MV-AC3_GPL/tplink/buildroot-marvell/build/mv-ac3/host/usr/lib -Wl,-rpath,/project/trunk/MV-AC3_GPL/tplink/buildroot-marvell/build/mv-ac3/host/usr/lib conftest.c -ldl  >&5
configure:12584: $? = 0
configure:12584: result: yes
configure:12584: checking for __fxstatat
configure:12584: /usr/bin/gcc -o conftest -O2 -I/project/trunk/MV-AC3_GPL/tplink/buildroot-marvell/build/mv-ac3/host/usr/include -I/project/trunk/MV-AC3_GPL/tplink/buildroot-marvell/build/mv-ac3/host/usr/include -L/project/trunk/MV-AC3_GPL/tplink/buildroot-marvell/build/mv-ac3/host/lib -L/project/trunk/MV-AC3_GPL/tplink/buildroot-marvell/build/mv-ac3/host/usr/lib -Wl,-rpath,/project/trunk/MV-AC3_GPL/tplink/buildroot-marvell/build/mv-ac3/host/usr/lib conftest.c -ldl  >&5
configure:12584: $? = 0
configure:12584: result: yes
configure:12584: checking for __xstat64
configure:12584: /usr/bin/gcc -o conftest -O2 -I/project/trunk/MV-AC3_GPL/tplink/buildroot-marvell/build/mv-ac3/host/usr/include -I/project/trunk/MV-AC3_GPL/tplink/buildroot-marvell/build/mv-ac3/host/usr/include -L/project/trunk/MV-AC3_GPL/tplink/buildroot-marvell/build/mv-ac3/host/lib -L/project/trunk/MV-AC3_GPL/tplink/buildroot-marvell/build/mv-ac3/host/usr/lib -Wl,-rpath,/project/trunk/MV-AC3_GPL/tplink/buildroot-marvell/build/mv-ac3/host/usr/lib conftest.c -ldl  >&5
configure:12584: $? = 0
configure:12584: result: yes
configure:12584: checking for __fxstat64
configure:12584: /usr/bin/gcc -o conftest -O2 -I/project/trunk/MV-AC3_GPL/tplink/buildroot-marvell/build/mv-ac3/host/usr/include -I/project/trunk/MV-AC3_GPL/tplink/buildroot-marvell/build/mv-ac3/host/usr/include -L/project/trunk/MV-AC3_GPL/tplink/buildroot-marvell/build/mv-ac3/host/lib -L/project/trunk/MV-AC3_GPL/tplink/buildroot-marvell/build/mv-ac3/host/usr/lib -Wl,-rpath,/project/trunk/MV-AC3_GPL/tplink/buildroot-marvell/build/mv-ac3/host/usr/lib conftest.c -ldl  >&5
configure:12584: $? = 0
configure:12584: result: yes
configure:12584: checking for __lxstat64
configure:12584: /usr/bin/gcc -o conftest -O2 -I/project/trunk/MV-AC3_GPL/tplink/buildroot-marvell/build/mv-ac3/host/usr/include -I/project/trunk/MV-AC3_GPL/tplink/buildroot-marvell/build/mv-ac3/host/usr/include -L/project/trunk/MV-AC3_GPL/tplink/buildroot-marvell/build/mv-ac3/host/lib -L/project/trunk/MV-AC3_GPL/tplink/buildroot-marvell/build/mv-ac3/host/usr/lib -Wl,-rpath,/project/trunk/MV-AC3_GPL/tplink/buildroot-marvell/build/mv-ac3/host/usr/lib conftest.c -ldl  >&5
configure:12584: $? = 0
configure:12584: result: yes
configure:12584: checking for __fxstatat64
configure:12584: /usr/bin/gcc -o conftest -O2 -I/project/trunk/MV-AC3_GPL/tplink/buildroot-marvell/build/mv-ac3/host/usr/include -I/project/trunk/MV-AC3_GPL/tplink/buildroot-marvell/build/mv-ac3/host/usr/include -L/project/trunk/MV-AC3_GPL/tplink/buildroot-marvell/build/mv-ac3/host/lib -L/project/trunk/MV-AC3_GPL/tplink/buildroot-marvell/build/mv-ac3/host/usr/lib -Wl,-rpath,/project/trunk/MV-AC3_GPL/tplink/buildroot-marvell/build/mv-ac3/host/usr/lib conftest.c -ldl  >&5
configure:12584: $? = 0
configure:12584: result: yes
configure:12584: checking for __xmknod
configure:12584: /usr/bin/gcc -o conftest -O2 -I/project/trunk/MV-AC3_GPL/tplink/buildroot-marvell/build/mv-ac3/host/usr/include -I/project/trunk/MV-AC3_GPL/tplink/buildroot-marvell/build/mv-ac3/host/usr/include -L/project/trunk/MV-AC3_GPL/tplink/buildroot-marvell/build/mv-ac3/host/lib -L/project/trunk/MV-AC3_GPL/tplink/buildroot-marvell/build/mv-ac3/host/usr/lib -Wl,-rpath,/project/trunk/MV-AC3_GPL/tplink/buildroot-marvell/build/mv-ac3/host/usr/lib conftest.c -ldl  >&5
configure:12584: $? = 0
configure:12584: result: yes
configure:12584: checking for __xmknodat
configure:12584: /usr/bin/gcc -o conftest -O2 -I/project/trunk/MV-AC3_GPL/tplink/buildroot-marvell/build/mv-ac3/host/usr/include -I/project/trunk/MV-AC3_GPL/tplink/buildroot-marvell/build/mv-ac3/host/usr/include -L/project/trunk/MV-AC3_GPL/tplink/buildroot-marvell/build/mv-ac3/host/lib -L/project/trunk/MV-AC3_GPL/tplink/buildroot-marvell/build/mv-ac3/host/usr/lib -Wl,-rpath,/project/trunk/MV-AC3_GPL/tplink/buildroot-marvell/build/mv-ac3/host/usr/lib conftest.c -ldl  >&5
configure:12584: $? = 0
configure:12584: result: yes
configure:12658: result: created fakerootconfig.h
configure:12731: checking for strdup
configure:12731: /usr/bin/gcc -o conftest -O2 -I/project/trunk/MV-AC3_GPL/tplink/buildroot-marvell/build/mv-ac3/host/usr/include -I/project/trunk/MV-AC3_GPL/tplink/buildroot-marvell/build/mv-ac3/host/usr/include -L/project/trunk/MV-AC3_GPL/tplink/buildroot-marvell/build/mv-ac3/host/lib -L/project/trunk/MV-AC3_GPL/tplink/buildroot-marvell/build/mv-ac3/host/usr/lib -Wl,-rpath,/project/trunk/MV-AC3_GPL/tplink/buildroot-marvell/build/mv-ac3/host/usr/lib conftest.c -ldl  >&5
conftest.c:142:6: warning: conflicting types for built-in function 'strdup' [enabled by default]
 char strdup ();
      ^
configure:12731: $? = 0
configure:12731: result: yes
configure:12731: checking for strstr
configure:12731: /usr/bin/gcc -o conftest -O2 -I/project/trunk/MV-AC3_GPL/tplink/buildroot-marvell/build/mv-ac3/host/usr/include -I/project/trunk/MV-AC3_GPL/tplink/buildroot-marvell/build/mv-ac3/host/usr/include -L/project/trunk/MV-AC3_GPL/tplink/buildroot-marvell/build/mv-ac3/host/lib -L/project/trunk/MV-AC3_GPL/tplink/buildroot-marvell/build/mv-ac3/host/usr/lib -Wl,-rpath,/project/trunk/MV-AC3_GPL/tplink/buildroot-marvell/build/mv-ac3/host/usr/lib conftest.c -ldl  >&5
conftest.c:143:6: warning: conflicting types for built-in function 'strstr' [enabled by default]
 char strstr ();
      ^
configure:12731: $? = 0
configure:12731: result: yes
configure:12731: checking for getresuid
configure:12731: /usr/bin/gcc -o conftest -O2 -I/project/trunk/MV-AC3_GPL/tplink/buildroot-marvell/build/mv-ac3/host/usr/include -I/project/trunk/MV-AC3_GPL/tplink/buildroot-marvell/build/mv-ac3/host/usr/include -L/project/trunk/MV-AC3_GPL/tplink/buildroot-marvell/build/mv-ac3/host/lib -L/project/trunk/MV-AC3_GPL/tplink/buildroot-marvell/build/mv-ac3/host/usr/lib -Wl,-rpath,/project/trunk/MV-AC3_GPL/tplink/buildroot-marvell/build/mv-ac3/host/usr/lib conftest.c -ldl  >&5
configure:12731: $? = 0
configure:12731: result: yes
configure:12731: checking for setresuid
configure:12731: /usr/bin/gcc -o conftest -O2 -I/project/trunk/MV-AC3_GPL/tplink/buildroot-marvell/build/mv-ac3/host/usr/include -I/project/trunk/MV-AC3_GPL/tplink/buildroot-marvell/build/mv-ac3/host/usr/include -L/project/trunk/MV-AC3_GPL/tplink/buildroot-marvell/build/mv-ac3/host/lib -L/project/trunk/MV-AC3_GPL/tplink/buildroot-marvell/build/mv-ac3/host/usr/lib -Wl,-rpath,/project/trunk/MV-AC3_GPL/tplink/buildroot-marvell/build/mv-ac3/host/usr/lib conftest.c -ldl  >&5
configure:12731: $? = 0
configure:12731: result: yes
configure:12731: checking for getresgid
configure:12731: /usr/bin/gcc -o conftest -O2 -I/project/trunk/MV-AC3_GPL/tplink/buildroot-marvell/build/mv-ac3/host/usr/include -I/project/trunk/MV-AC3_GPL/tplink/buildroot-marvell/build/mv-ac3/host/usr/include -L/project/trunk/MV-AC3_GPL/tplink/buildroot-marvell/build/mv-ac3/host/lib -L/project/trunk/MV-AC3_GPL/tplink/buildroot-marvell/build/mv-ac3/host/usr/lib -Wl,-rpath,/project/trunk/MV-AC3_GPL/tplink/buildroot-marvell/build/mv-ac3/host/usr/lib conftest.c -ldl  >&5
configure:12731: $? = 0
configure:12731: result: yes
configure:12731: checking for setresgid
configure:12731: /usr/bin/gcc -o conftest -O2 -I/project/trunk/MV-AC3_GPL/tplink/buildroot-marvell/build/mv-ac3/host/usr/include -I/project/trunk/MV-AC3_GPL/tplink/buildroot-marvell/build/mv-ac3/host/usr/include -L/project/trunk/MV-AC3_GPL/tplink/buildroot-marvell/build/mv-ac3/host/lib -L/project/trunk/MV-AC3_GPL/tplink/buildroot-marvell/build/mv-ac3/host/usr/lib -Wl,-rpath,/project/trunk/MV-AC3_GPL/tplink/buildroot-marvell/build/mv-ac3/host/usr/lib conftest.c -ldl  >&5
configure:12731: $? = 0
configure:12731: result: yes
configure:12731: checking for setfsuid
configure:12731: /usr/bin/gcc -o conftest -O2 -I/project/trunk/MV-AC3_GPL/tplink/buildroot-marvell/build/mv-ac3/host/usr/include -I/project/trunk/MV-AC3_GPL/tplink/buildroot-marvell/build/mv-ac3/host/usr/include -L/project/trunk/MV-AC3_GPL/tplink/buildroot-marvell/build/mv-ac3/host/lib -L/project/trunk/MV-AC3_GPL/tplink/buildroot-marvell/build/mv-ac3/host/usr/lib -Wl,-rpath,/project/trunk/MV-AC3_GPL/tplink/buildroot-marvell/build/mv-ac3/host/usr/lib conftest.c -ldl  >&5
configure:12731: $? = 0
configure:12731: result: yes
configure:12731: checking for setfsgid
configure:12731: /usr/bin/gcc -o conftest -O2 -I/project/trunk/MV-AC3_GPL/tplink/buildroot-marvell/build/mv-ac3/host/usr/include -I/project/trunk/MV-AC3_GPL/tplink/buildroot-marvell/build/mv-ac3/host/usr/include -L/project/trunk/MV-AC3_GPL/tplink/buildroot-marvell/build/mv-ac3/host/lib -L/project/trunk/MV-AC3_GPL/tplink/buildroot-marvell/build/mv-ac3/host/usr/lib -Wl,-rpath,/project/trunk/MV-AC3_GPL/tplink/buildroot-marvell/build/mv-ac3/host/usr/lib conftest.c -ldl  >&5
configure:12731: $? = 0
configure:12731: result: yes
configure:12731: checking for fts_read
configure:12731: /usr/bin/gcc -o conftest -O2 -I/project/trunk/MV-AC3_GPL/tplink/buildroot-marvell/build/mv-ac3/host/usr/include -I/project/trunk/MV-AC3_GPL/tplink/buildroot-marvell/build/mv-ac3/host/usr/include -L/project/trunk/MV-AC3_GPL/tplink/buildroot-marvell/build/mv-ac3/host/lib -L/project/trunk/MV-AC3_GPL/tplink/buildroot-marvell/build/mv-ac3/host/usr/lib -Wl,-rpath,/project/trunk/MV-AC3_GPL/tplink/buildroot-marvell/build/mv-ac3/host/usr/lib conftest.c -ldl  >&5
configure:12731: $? = 0
configure:12731: result: yes
configure:12731: checking for fts_children
configure:12731: /usr/bin/gcc -o conftest -O2 -I/project/trunk/MV-AC3_GPL/tplink/buildroot-marvell/build/mv-ac3/host/usr/include -I/project/trunk/MV-AC3_GPL/tplink/buildroot-marvell/build/mv-ac3/host/usr/include -L/project/trunk/MV-AC3_GPL/tplink/buildroot-marvell/build/mv-ac3/host/lib -L/project/trunk/MV-AC3_GPL/tplink/buildroot-marvell/build/mv-ac3/host/usr/lib -Wl,-rpath,/project/trunk/MV-AC3_GPL/tplink/buildroot-marvell/build/mv-ac3/host/usr/lib conftest.c -ldl  >&5
configure:12731: $? = 0
configure:12731: result: yes
configure:12741: checking whether setenv is declared
configure:12741: /usr/bin/gcc -c -O2 -I/project/trunk/MV-AC3_GPL/tplink/buildroot-marvell/build/mv-ac3/host/usr/include -I/project/trunk/MV-AC3_GPL/tplink/buildroot-marvell/build/mv-ac3/host/usr/include conftest.c >&5
configure:12741: $? = 0
configure:12741: result: yes
configure:12751: checking whether unsetenv is declared
configure:12751: /usr/bin/gcc -c -O2 -I/project/trunk/MV-AC3_GPL/tplink/buildroot-marvell/build/mv-ac3/host/usr/include -I/project/trunk/MV-AC3_GPL/tplink/buildroot-marvell/build/mv-ac3/host/usr/include conftest.c >&5
configure:12751: $? = 0
configure:12751: result: yes
configure:12762: checking for setenv
configure:12762: /usr/bin/gcc -o conftest -O2 -I/project/trunk/MV-AC3_GPL/tplink/buildroot-marvell/build/mv-ac3/host/usr/include -I/project/trunk/MV-AC3_GPL/tplink/buildroot-marvell/build/mv-ac3/host/usr/include -L/project/trunk/MV-AC3_GPL/tplink/buildroot-marvell/build/mv-ac3/host/lib -L/project/trunk/MV-AC3_GPL/tplink/buildroot-marvell/build/mv-ac3/host/usr/lib -Wl,-rpath,/project/trunk/MV-AC3_GPL/tplink/buildroot-marvell/build/mv-ac3/host/usr/lib conftest.c -ldl  >&5
configure:12762: $? = 0
configure:12762: result: yes
configure:12788: /usr/bin/gcc -o conftest -O2 -I/project/trunk/MV-AC3_GPL/tplink/buildroot-marvell/build/mv-ac3/host/usr/include -I/project/trunk/MV-AC3_GPL/tplink/buildroot-marvell/build/mv-ac3/host/usr/include -L/project/trunk/MV-AC3_GPL/tplink/buildroot-marvell/build/mv-ac3/host/lib -L/project/trunk/MV-AC3_GPL/tplink/buildroot-marvell/build/mv-ac3/host/usr/lib -Wl,-rpath,/project/trunk/MV-AC3_GPL/tplink/buildroot-marvell/build/mv-ac3/host/usr/lib conftest.c -ldl  >&5
configure:12788: $? = 0
configure:12828: checking for MacOS X/Darwin
configure:12845: /usr/bin/cpp -I/project/trunk/MV-AC3_GPL/tplink/buildroot-marvell/build/mv-ac3/host/usr/include conftest.c
conftest.c:135:9: error: #error We are somewhere better
        #error We are somewhere better
         ^
configure:12845: $? = 1
configure: failed program was:
| /* confdefs.h */
| #define PACKAGE_NAME "fakeroot"
| #define PACKAGE_TARNAME "fakeroot"
| #define PACKAGE_VERSION "1.18.4"
| #define PACKAGE_STRING "fakeroot 1.18.4"
| #define PACKAGE_BUGREPORT "clint@debian.org"
| #define PACKAGE_URL ""
| #define PACKAGE "fakeroot"
| #define VERSION "1.18.4"
| #define STDC_HEADERS 1
| #define HAVE_SYS_TYPES_H 1
| #define HAVE_SYS_STAT_H 1
| #define HAVE_STDLIB_H 1
| #define HAVE_STRING_H 1
| #define HAVE_MEMORY_H 1
| #define HAVE_STRINGS_H 1
| #define HAVE_INTTYPES_H 1
| #define HAVE_STDINT_H 1
| #define HAVE_UNISTD_H 1
| #define HAVE_DLFCN_H 1
| #define LT_OBJDIR ".libs/"
| #define HAVE_LIBDL 1
| #define HAVE_DIRENT_H 1
| #define STDC_HEADERS 1
| #define HAVE_FCNTL_H 1
| #define HAVE_UNISTD_H 1
| #define HAVE_FEATURES_H 1
| #define HAVE_PTHREAD_H 1
| #define HAVE_STDINT_H 1
| #define HAVE_INTTYPES_H 1
| #define HAVE_GRP_H 1
| #define HAVE_ENDIAN_H 1
| #define HAVE_SYS_SYSMACROS_H 1
| #define HAVE_SYS_SOCKET_H 1
| #define HAVE_FTS_H 1
| #define FAKEROOT_ATTR(x) __attribute__ ((x))
| #define READLINK_RETVAL_TYPE int
| #define READLINK_BUF_TYPE char
| #define READLINK_BUFSIZE_TYPE size_t
| #define SETGROUPS_SIZE_TYPE size_t
| #define XMKNOD_FRTH_ARG *
| #define XMKNODAT_FIFTH_ARG *
| #define INITGROUPS_SECOND_ARG gid_t
| #define SETREUID_ARG gid_t
| #define SETREGID_ARG gid_t
| #define STAT_SECOND_ARG struct stat *
| #define STAT_HAS_d_off 1
| #define STAT_HAS_d_type 1
| #define HAVE_FCHMODAT 1
| #define HAVE_FCHOWNAT 1
| #define HAVE_FSTATAT 1
| #define HAVE_MKDIRAT 1
| #define HAVE_MKNODAT 1
| #define HAVE_OPENAT 1
| #define HAVE_RENAMEAT 1
| #define HAVE_UNLINKAT 1
| #define HAVE___XSTAT 1
| #define WRAP_STAT __xstat
| #define WRAP_STAT_RAW __xstat
| #define WRAP_STAT_QUOTE "__xstat"
| #define TMP_STAT tmp___xstat
| #define NEXT_STAT_NOARG next___xstat
| #define HAVE___FXSTAT 1
| #define WRAP_FSTAT __fxstat
| #define WRAP_FSTAT_RAW __fxstat
| #define WRAP_FSTAT_QUOTE "__fxstat"
| #define TMP_FSTAT tmp___fxstat
| #define NEXT_FSTAT_NOARG next___fxstat
| #define HAVE___LXSTAT 1
| #define WRAP_LSTAT __lxstat
| #define WRAP_LSTAT_RAW __lxstat
| #define WRAP_LSTAT_QUOTE "__lxstat"
| #define TMP_LSTAT tmp___lxstat
| #define NEXT_LSTAT_NOARG next___lxstat
| #define HAVE___FXSTATAT 1
| #define WRAP_FSTATAT __fxstatat
| #define WRAP_FSTATAT_RAW __fxstatat
| #define WRAP_FSTATAT_QUOTE "__fxstatat"
| #define TMP_FSTATAT tmp___fxstatat
| #define NEXT_FSTATAT_NOARG next___fxstatat
| #define HAVE___XSTAT64 1
| #define WRAP_STAT64 __xstat64
| #define WRAP_STAT64_RAW __xstat64
| #define WRAP_STAT64_QUOTE "__xstat64"
| #define TMP_STAT64 tmp___xstat64
| #define NEXT_STAT64_NOARG next___xstat64
| #define HAVE___FXSTAT64 1
| #define WRAP_FSTAT64 __fxstat64
| #define WRAP_FSTAT64_RAW __fxstat64
| #define WRAP_FSTAT64_QUOTE "__fxstat64"
| #define TMP_FSTAT64 tmp___fxstat64
| #define NEXT_FSTAT64_NOARG next___fxstat64
| #define HAVE___LXSTAT64 1
| #define WRAP_LSTAT64 __lxstat64
| #define WRAP_LSTAT64_RAW __lxstat64
| #define WRAP_LSTAT64_QUOTE "__lxstat64"
| #define TMP_LSTAT64 tmp___lxstat64
| #define NEXT_LSTAT64_NOARG next___lxstat64
| #define HAVE___FXSTATAT64 1
| #define WRAP_FSTATAT64 __fxstatat64
| #define WRAP_FSTATAT64_RAW __fxstatat64
| #define WRAP_FSTATAT64_QUOTE "__fxstatat64"
| #define TMP_FSTATAT64 tmp___fxstatat64
| #define NEXT_FSTATAT64_NOARG next___fxstatat64
| #define HAVE___XMKNOD 1
| #define WRAP_MKNOD __xmknod
| #define WRAP_MKNOD_RAW __xmknod
| #define WRAP_MKNOD_QUOTE "__xmknod"
| #define TMP_MKNOD tmp___xmknod
| #define NEXT_MKNOD_NOARG next___xmknod
| #define HAVE___XMKNODAT 1
| #define WRAP_MKNODAT __xmknodat
| #define WRAP_MKNODAT_RAW __xmknodat
| #define WRAP_MKNODAT_QUOTE "__xmknodat"
| #define TMP_MKNODAT tmp___xmknodat
| #define NEXT_MKNODAT_NOARG next___xmknodat
| #define LIBCPATH "/lib/libc.so.6"
| #define HAVE_STRDUP 1
| #define HAVE_STRSTR 1
| #define HAVE_GETRESUID 1
| #define HAVE_SETRESUID 1
| #define HAVE_GETRESGID 1
| #define HAVE_SETRESGID 1
| #define HAVE_SETFSUID 1
| #define HAVE_SETFSGID 1
| #define HAVE_FTS_READ 1
| #define HAVE_FTS_CHILDREN 1
| #define HAVE_DECL_SETENV 1
| #define HAVE_DECL_UNSETENV 1
| #define HAVE_SETENV 1
| #define HAVE_BUILTIN_EXPECT 1
| /* end confdefs.h.  */
| 
|        #ifndef __APPLE__
|        #error We are somewhere better
|        #endif
| 
| int
| main ()
| {
| 
|   ;
|   return 0;
| }
configure:12850: result: no
configure:13005: creating ./config.status

## ---------------------- ##
## Running config.status. ##
## ---------------------- ##

This file was extended by fakeroot config.status 1.18.4, which was
generated by GNU Autoconf 2.69.  Invocation command line was

  CONFIG_FILES    = 
  CONFIG_HEADERS  = 
  CONFIG_LINKS    = 
  CONFIG_COMMANDS = 
  $ ./config.status 

on ubuntu

config.status:1212: creating Makefile
config.status:1212: creating scripts/Makefile
config.status:1212: creating doc/Makefile
config.status:1212: creating doc/de/Makefile
config.status:1212: creating doc/es/Makefile
config.status:1212: creating doc/fr/Makefile
config.status:1212: creating doc/nl/Makefile
config.status:1212: creating doc/sv/Makefile
config.status:1212: creating test/Makefile
config.status:1212: creating test/defs
config.status:1212: creating config.h
config.status:1441: executing depfiles commands
config.status:1441: executing libtool commands
configure:15236: WARNING: unrecognized options: --disable-gtk-doc, --disable-gtk-doc-html, --disable-doc, --disable-docs, --disable-documentation, --disable-debug, --with-xmlto, --with-fop

## ---------------- ##
## Cache variables. ##
## ---------------- ##

ac_cv_build=i686-pc-linux-gnu
ac_cv_c_compiler_gnu=yes
ac_cv_c_const=yes
ac_cv_dbformat=inode
ac_cv_env_CC_set=set
ac_cv_env_CC_value=/usr/bin/gcc
ac_cv_env_CFLAGS_set=set
ac_cv_env_CFLAGS_value='-O2 -I/project/trunk/MV-AC3_GPL/tplink/buildroot-marvell/build/mv-ac3/host/usr/include'
ac_cv_env_CPPFLAGS_set=set
ac_cv_env_CPPFLAGS_value=-I/project/trunk/MV-AC3_GPL/tplink/buildroot-marvell/build/mv-ac3/host/usr/include
ac_cv_env_CPP_set=set
ac_cv_env_CPP_value=/usr/bin/cpp
ac_cv_env_LDFLAGS_set=set
ac_cv_env_LDFLAGS_value='-L/project/trunk/MV-AC3_GPL/tplink/buildroot-marvell/build/mv-ac3/host/lib -L/project/trunk/MV-AC3_GPL/tplink/buildroot-marvell/build/mv-ac3/host/usr/lib -Wl,-rpath,/project/trunk/MV-AC3_GPL/tplink/buildroot-marvell/build/mv-ac3/host/usr/lib'
ac_cv_env_LIBS_set=
ac_cv_env_LIBS_value=
ac_cv_env_build_alias_set=
ac_cv_env_build_alias_value=
ac_cv_env_host_alias_set=
ac_cv_env_host_alias_value=
ac_cv_env_target_alias_set=
ac_cv_env_target_alias_value=
ac_cv_func___fxstat64=yes
ac_cv_func___fxstat=yes
ac_cv_func___fxstatat64=yes
ac_cv_func___fxstatat=yes
ac_cv_func___lxstat64=yes
ac_cv_func___lxstat=yes
ac_cv_func___xmknod=yes
ac_cv_func___xmknodat=yes
ac_cv_func___xstat64=yes
ac_cv_func___xstat=yes
ac_cv_func_fchmodat=yes
ac_cv_func_fchownat=yes
ac_cv_func_fgetattrlist=no
ac_cv_func_fstatat=yes
ac_cv_func_fts_children=yes
ac_cv_func_fts_read=yes
ac_cv_func_getresgid=yes
ac_cv_func_getresuid=yes
ac_cv_func_lchmod=no
ac_cv_func_mkdirat=yes
ac_cv_func_mknodat=yes
ac_cv_func_openat=yes
ac_cv_func_renameat=yes
ac_cv_func_setenv=yes
ac_cv_func_setfsgid=yes
ac_cv_func_setfsuid=yes
ac_cv_func_setresgid=yes
ac_cv_func_setresuid=yes
ac_cv_func_strdup=yes
ac_cv_func_strstr=yes
ac_cv_func_unlinkat=yes
ac_cv_have_decl_setenv=yes
ac_cv_have_decl_unsetenv=yes
ac_cv_header_dirent_dirent_h=yes
ac_cv_header_dlfcn_h=yes
ac_cv_header_endian_h=yes
ac_cv_header_fcntl_h=yes
ac_cv_header_features_h=yes
ac_cv_header_fts_h=yes
ac_cv_header_grp_h=yes
ac_cv_header_inttypes_h=yes
ac_cv_header_memory_h=yes
ac_cv_header_pthread_h=yes
ac_cv_header_stdc=yes
ac_cv_header_stdint_h=yes
ac_cv_header_stdlib_h=yes
ac_cv_header_string_h=yes
ac_cv_header_strings_h=yes
ac_cv_header_sys_acl_h=no
ac_cv_header_sys_feature_tests_h=no
ac_cv_header_sys_socket_h=yes
ac_cv_header_sys_stat_h=yes
ac_cv_header_sys_sysmacros_h=yes
ac_cv_header_sys_types_h=yes
ac_cv_header_unistd_h=yes
ac_cv_host=i686-pc-linux-gnu
ac_cv_lib_dl_dlopen=yes
ac_cv_objext=o
ac_cv_path_EGREP='/bin/grep -E'
ac_cv_path_FGREP='/bin/grep -F'
ac_cv_path_GREP=/bin/grep
ac_cv_path_SED=/bin/sed
ac_cv_path_install='/usr/bin/install -c'
ac_cv_path_mkdir=/bin/mkdir
ac_cv_prog_AWK=gawk
ac_cv_prog_CPP=/usr/bin/cpp
ac_cv_prog_ac_ct_CC=/usr/bin/gcc
ac_cv_prog_ac_ct_MANIFEST_TOOL=mt
ac_cv_prog_ac_ct_OBJDUMP=objdump
ac_cv_prog_ac_ct_RANLIB=/usr/bin/ranlib
ac_cv_prog_ac_ct_STRIP=strip
ac_cv_prog_cc_c89=
ac_cv_prog_cc_g=yes
ac_cv_prog_make_make_set=yes
ac_cv_search_opendir='none required'
ac_cv_target=i686-pc-linux-gnu
ac_cv_type_mode_t=yes
ac_cv_type_off_t=yes
ac_cv_type_size_t=yes
ac_cv_use_ipc=sysv
am_cv_CC_dependencies_compiler_type=none
lt_cv_ar_at_file=@
lt_cv_archive_cmds_need_lc=no
lt_cv_deplibs_check_method=pass_all
lt_cv_file_magic_cmd='$MAGIC_CMD'
lt_cv_file_magic_test_file=
lt_cv_ld_reload_flag=-r
lt_cv_nm_interface='BSD nm'
lt_cv_objdir=.libs
lt_cv_path_LD=/usr/bin/ld
lt_cv_path_NM=/usr/bin/nm
lt_cv_path_mainfest_tool=no
lt_cv_prog_compiler_c_o=yes
lt_cv_prog_compiler_pic='-fPIC -DPIC'
lt_cv_prog_compiler_pic_works=yes
lt_cv_prog_compiler_rtti_exceptions=no
lt_cv_prog_compiler_static_works=yes
lt_cv_prog_gnu_ld=yes
lt_cv_sharedlib_from_linklib_cmd='printf %s\n'
lt_cv_shlibpath_overrides_runpath=no
lt_cv_sys_global_symbol_pipe='sed -n -e '\''s/^.*[	 ]\([ABCDGIRSTW][ABCDGIRSTW]*\)[	 ][	 ]*\([_A-Za-z][_A-Za-z0-9]*\)$/\1 \2 \2/p'\'' | sed '\''/ __gnu_lto/d'\'''
lt_cv_sys_global_symbol_to_c_name_address='sed -n -e '\''s/^: \([^ ]*\)[ ]*$/  {\"\1\", (void *) 0},/p'\'' -e '\''s/^[ABCDGIRSTW]* \([^ ]*\) \([^ ]*\)$/  {"\2", (void *) \&\2},/p'\'''
lt_cv_sys_global_symbol_to_c_name_address_lib_prefix='sed -n -e '\''s/^: \([^ ]*\)[ ]*$/  {\"\1\", (void *) 0},/p'\'' -e '\''s/^[ABCDGIRSTW]* \([^ ]*\) \(lib[^ ]*\)$/  {"\2", (void *) \&\2},/p'\'' -e '\''s/^[ABCDGIRSTW]* \([^ ]*\) \([^ ]*\)$/  {"lib\2", (void *) \&\2},/p'\'''
lt_cv_sys_global_symbol_to_cdecl='sed -n -e '\''s/^T .* \(.*\)$/extern int \1();/p'\'' -e '\''s/^[ABCDGIRSTW]* .* \(.*\)$/extern char \1;/p'\'''
lt_cv_sys_max_cmd_len=1572864
lt_cv_to_host_file_cmd=func_convert_file_noop
lt_cv_to_tool_file_cmd=func_convert_file_noop

## ----------------- ##
## Output variables. ##
## ----------------- ##

ACLOCAL='${SHELL} /project/trunk/MV-AC3_GPL/tplink/buildroot-marvell/build/mv-ac3/build/host-fakeroot-1.18.4/missing --run aclocal-1.11'
AMDEPBACKSLASH=''
AMDEP_FALSE=''
AMDEP_TRUE='#'
AMTAR='$${TAR-tar}'
AR='/usr/bin/ar'
AUTOCONF='${SHELL} /project/trunk/MV-AC3_GPL/tplink/buildroot-marvell/build/mv-ac3/build/host-fakeroot-1.18.4/missing --run autoconf'
AUTOHEADER='${SHELL} /project/trunk/MV-AC3_GPL/tplink/buildroot-marvell/build/mv-ac3/build/host-fakeroot-1.18.4/missing --run autoheader'
AUTOMAKE='${SHELL} /project/trunk/MV-AC3_GPL/tplink/buildroot-marvell/build/mv-ac3/build/host-fakeroot-1.18.4/missing --run automake-1.11'
AWK='gawk'
CC='/usr/bin/gcc'
CCDEPMODE='depmode=none'
CFLAGS='-O2 -I/project/trunk/MV-AC3_GPL/tplink/buildroot-marvell/build/mv-ac3/host/usr/include'
CPP='/usr/bin/cpp'
CPPFLAGS='-I/project/trunk/MV-AC3_GPL/tplink/buildroot-marvell/build/mv-ac3/host/usr/include'
CYGPATH_W='echo'
DEFS='-DHAVE_CONFIG_H'
DEPDIR='.deps'
DLLTOOL='false'
DLSUFFIX='.so'
DSYMUTIL=''
DUMPBIN=''
ECHO_C=''
ECHO_N='-n'
ECHO_T=''
EGREP='/bin/grep -E'
EXEEXT=''
FGREP='/bin/grep -F'
GREP='/bin/grep'
INSTALL_DATA='${INSTALL} -m 644'
INSTALL_PROGRAM='${INSTALL}'
INSTALL_SCRIPT='${INSTALL}'
INSTALL_STRIP_PROGRAM='$(install_sh) -c -s'
LD='/usr/bin/ld'
LDEXTRAVAR=''
LDFLAGS='-L/project/trunk/MV-AC3_GPL/tplink/buildroot-marvell/build/mv-ac3/host/lib -L/project/trunk/MV-AC3_GPL/tplink/buildroot-marvell/build/mv-ac3/host/usr/lib -Wl,-rpath,/project/trunk/MV-AC3_GPL/tplink/buildroot-marvell/build/mv-ac3/host/usr/lib'
LDLIBPATHVAR='LD_LIBRARY_PATH'
LDPRELOADABS='0'
LDPRELOADVAR='LD_PRELOAD'
LIBOBJS=''
LIBS='-ldl '
LIBTOOL='$(SHELL) $(top_builddir)/libtool'
LIPO=''
LN_S='ln -s'
LTLIBOBJS=''
MACOSX_FALSE=''
MACOSX_TRUE='#'
MAINT='#'
MAINTAINER_MODE_FALSE=''
MAINTAINER_MODE_TRUE='#'
MAKEINFO='${SHELL} /project/trunk/MV-AC3_GPL/tplink/buildroot-marvell/build/mv-ac3/build/host-fakeroot-1.18.4/missing --run makeinfo'
MANIFEST_TOOL=':'
MKDIR_P='/bin/mkdir -p'
NM='/usr/bin/nm'
NMEDIT=''
OBJDUMP='objdump'
OBJEXT='o'
OTOOL64=''
OTOOL=''
PACKAGE='fakeroot'
PACKAGE_BUGREPORT='clint@debian.org'
PACKAGE_NAME='fakeroot'
PACKAGE_STRING='fakeroot 1.18.4'
PACKAGE_TARNAME='fakeroot'
PACKAGE_URL=''
PACKAGE_VERSION='1.18.4'
PATH_SEPARATOR=':'
RANLIB='/usr/bin/ranlib'
SED='/bin/sed'
SET_MAKE=''
SHELL='/bin/sh'
STRIP='strip'
VERSION='1.18.4'
ac_ct_AR=''
ac_ct_CC='/usr/bin/gcc'
ac_ct_DUMPBIN=''
am__EXEEXT_FALSE=''
am__EXEEXT_TRUE='#'
am__fastdepCC_FALSE=''
am__fastdepCC_TRUE='#'
am__include='include'
am__isrc=''
am__leading_dot='.'
am__nodep=''
am__quote=''
am__tar='$${TAR-tar} chof - "$$tardir"'
am__untar='$${TAR-tar} xf -'
bindir='${exec_prefix}/bin'
build='i686-pc-linux-gnu'
build_alias=''
build_cpu='i686'
build_os='linux-gnu'
build_vendor='pc'
datadir='${datarootdir}'
datarootdir='${prefix}/share'
docdir='${datarootdir}/doc/${PACKAGE_TARNAME}'
dvidir='${docdir}'
exec_prefix='${prefix}'
host='i686-pc-linux-gnu'
host_alias=''
host_cpu='i686'
host_os='linux-gnu'
host_vendor='pc'
htmldir='${docdir}'
includedir='${prefix}/include'
infodir='${datarootdir}/info'
install_sh='${SHELL} /project/trunk/MV-AC3_GPL/tplink/buildroot-marvell/build/mv-ac3/build/host-fakeroot-1.18.4/install-sh'
libdir='${exec_prefix}/lib'
libexecdir='${exec_prefix}/libexec'
localedir='${datarootdir}/locale'
localstatedir='/project/trunk/MV-AC3_GPL/tplink/buildroot-marvell/build/mv-ac3/host/var'
mandir='${datarootdir}/man'
mkdir_p='/bin/mkdir -p'
oldincludedir='/usr/include'
pdfdir='${docdir}'
prefix='/project/trunk/MV-AC3_GPL/tplink/buildroot-marvell/build/mv-ac3/host/usr'
program_transform_name='s,x,x,'
psdir='${docdir}'
sbindir='${exec_prefix}/sbin'
sharedstatedir='${prefix}/com'
signal='TERM'
sysconfdir='/project/trunk/MV-AC3_GPL/tplink/buildroot-marvell/build/mv-ac3/host/etc'
target='i686-pc-linux-gnu'
target_alias=''
target_cpu='i686'
target_os='linux-gnu'
target_vendor='pc'

## ----------- ##
## confdefs.h. ##
## ----------- ##

/* confdefs.h */
#define PACKAGE_NAME "fakeroot"
#define PACKAGE_TARNAME "fakeroot"
#define PACKAGE_VERSION "1.18.4"
#define PACKAGE_STRING "fakeroot 1.18.4"
#define PACKAGE_BUGREPORT "clint@debian.org"
#define PACKAGE_URL ""
#define PACKAGE "fakeroot"
#define VERSION "1.18.4"
#define STDC_HEADERS 1
#define HAVE_SYS_TYPES_H 1
#define HAVE_SYS_STAT_H 1
#define HAVE_STDLIB_H 1
#define HAVE_STRING_H 1
#define HAVE_MEMORY_H 1
#define HAVE_STRINGS_H 1
#define HAVE_INTTYPES_H 1
#define HAVE_STDINT_H 1
#define HAVE_UNISTD_H 1
#define HAVE_DLFCN_H 1
#define LT_OBJDIR ".libs/"
#define HAVE_LIBDL 1
#define HAVE_DIRENT_H 1
#define STDC_HEADERS 1
#define HAVE_FCNTL_H 1
#define HAVE_UNISTD_H 1
#define HAVE_FEATURES_H 1
#define HAVE_PTHREAD_H 1
#define HAVE_STDINT_H 1
#define HAVE_INTTYPES_H 1
#define HAVE_GRP_H 1
#define HAVE_ENDIAN_H 1
#define HAVE_SYS_SYSMACROS_H 1
#define HAVE_SYS_SOCKET_H 1
#define HAVE_FTS_H 1
#define FAKEROOT_ATTR(x) __attribute__ ((x))
#define READLINK_RETVAL_TYPE int
#define READLINK_BUF_TYPE char
#define READLINK_BUFSIZE_TYPE size_t
#define SETGROUPS_SIZE_TYPE size_t
#define XMKNOD_FRTH_ARG *
#define XMKNODAT_FIFTH_ARG *
#define INITGROUPS_SECOND_ARG gid_t
#define SETREUID_ARG gid_t
#define SETREGID_ARG gid_t
#define STAT_SECOND_ARG struct stat *
#define STAT_HAS_d_off 1
#define STAT_HAS_d_type 1
#define HAVE_FCHMODAT 1
#define HAVE_FCHOWNAT 1
#define HAVE_FSTATAT 1
#define HAVE_MKDIRAT 1
#define HAVE_MKNODAT 1
#define HAVE_OPENAT 1
#define HAVE_RENAMEAT 1
#define HAVE_UNLINKAT 1
#define HAVE___XSTAT 1
#define WRAP_STAT __xstat
#define WRAP_STAT_RAW __xstat
#define WRAP_STAT_QUOTE "__xstat"
#define TMP_STAT tmp___xstat
#define NEXT_STAT_NOARG next___xstat
#define HAVE___FXSTAT 1
#define WRAP_FSTAT __fxstat
#define WRAP_FSTAT_RAW __fxstat
#define WRAP_FSTAT_QUOTE "__fxstat"
#define TMP_FSTAT tmp___fxstat
#define NEXT_FSTAT_NOARG next___fxstat
#define HAVE___LXSTAT 1
#define WRAP_LSTAT __lxstat
#define WRAP_LSTAT_RAW __lxstat
#define WRAP_LSTAT_QUOTE "__lxstat"
#define TMP_LSTAT tmp___lxstat
#define NEXT_LSTAT_NOARG next___lxstat
#define HAVE___FXSTATAT 1
#define WRAP_FSTATAT __fxstatat
#define WRAP_FSTATAT_RAW __fxstatat
#define WRAP_FSTATAT_QUOTE "__fxstatat"
#define TMP_FSTATAT tmp___fxstatat
#define NEXT_FSTATAT_NOARG next___fxstatat
#define HAVE___XSTAT64 1
#define WRAP_STAT64 __xstat64
#define WRAP_STAT64_RAW __xstat64
#define WRAP_STAT64_QUOTE "__xstat64"
#define TMP_STAT64 tmp___xstat64
#define NEXT_STAT64_NOARG next___xstat64
#define HAVE___FXSTAT64 1
#define WRAP_FSTAT64 __fxstat64
#define WRAP_FSTAT64_RAW __fxstat64
#define WRAP_FSTAT64_QUOTE "__fxstat64"
#define TMP_FSTAT64 tmp___fxstat64
#define NEXT_FSTAT64_NOARG next___fxstat64
#define HAVE___LXSTAT64 1
#define WRAP_LSTAT64 __lxstat64
#define WRAP_LSTAT64_RAW __lxstat64
#define WRAP_LSTAT64_QUOTE "__lxstat64"
#define TMP_LSTAT64 tmp___lxstat64
#define NEXT_LSTAT64_NOARG next___lxstat64
#define HAVE___FXSTATAT64 1
#define WRAP_FSTATAT64 __fxstatat64
#define WRAP_FSTATAT64_RAW __fxstatat64
#define WRAP_FSTATAT64_QUOTE "__fxstatat64"
#define TMP_FSTATAT64 tmp___fxstatat64
#define NEXT_FSTATAT64_NOARG next___fxstatat64
#define HAVE___XMKNOD 1
#define WRAP_MKNOD __xmknod
#define WRAP_MKNOD_RAW __xmknod
#define WRAP_MKNOD_QUOTE "__xmknod"
#define TMP_MKNOD tmp___xmknod
#define NEXT_MKNOD_NOARG next___xmknod
#define HAVE___XMKNODAT 1
#define WRAP_MKNODAT __xmknodat
#define WRAP_MKNODAT_RAW __xmknodat
#define WRAP_MKNODAT_QUOTE "__xmknodat"
#define TMP_MKNODAT tmp___xmknodat
#define NEXT_MKNODAT_NOARG next___xmknodat
#define LIBCPATH "/lib/libc.so.6"
#define HAVE_STRDUP 1
#define HAVE_STRSTR 1
#define HAVE_GETRESUID 1
#define HAVE_SETRESUID 1
#define HAVE_GETRESGID 1
#define HAVE_SETRESGID 1
#define HAVE_SETFSUID 1
#define HAVE_SETFSGID 1
#define HAVE_FTS_READ 1
#define HAVE_FTS_CHILDREN 1
#define HAVE_DECL_SETENV 1
#define HAVE_DECL_UNSETENV 1
#define HAVE_SETENV 1
#define HAVE_BUILTIN_EXPECT 1

configure: exit 0
