This file contains any messages produced by compilers while
running configure, to aid debugging if configure makes a mistake.

It was created by pkgconf configure 0.9.12, which was
generated by GNU Autoconf 2.69.  Invocation command line was

  $ ./configure --prefix=/home/ubuntu/tp-link/TL-SX3016F_trunk/tplink/buildroot-marvell/build/tl-sx3016f/host/usr --sysconfdir=/home/ubuntu/tp-link/TL-SX3016F_trunk/tplink/buildroot-marvell/build/tl-sx3016f/host/etc --localstatedir=/home/ubuntu/tp-link/TL-SX3016F_trunk/tplink/buildroot-marvell/build/tl-sx3016f/host/var --enable-shared --disable-static --disable-gtk-doc --disable-gtk-doc-html --disable-doc --disable-docs --disable-documentation --disable-debug --with-xmlto=no --with-fop=no --disable-dependency-tracking

## --------- ##
## Platform. ##
## --------- ##

hostname = ubuntu
uname -m = i686
uname -r = 4.4.0-148-generic
uname -s = Linux
uname -v = #174~14.04.1-Ubuntu SMP Thu May 9 08:18:11 UTC 2019

/usr/bin/uname -p = unknown
/bin/uname -X     = unknown

/bin/arch              = unknown
/usr/bin/arch -k       = unknown
/usr/convex/getsysinfo = unknown
/usr/bin/hostinfo      = unknown
/bin/machine           = unknown
/usr/bin/oslevel       = unknown
/bin/universe          = unknown

PATH: /home/ubuntu/tp-link/TL-SX3016F_trunk/tplink/buildroot-marvell/build/tl-sx3016f/host/bin
PATH: /home/ubuntu/tp-link/TL-SX3016F_trunk/tplink/buildroot-marvell/build/tl-sx3016f/host/sbin
PATH: /home/ubuntu/tp-link/TL-SX3016F_trunk/tplink/buildroot-marvell/build/tl-sx3016f/host/usr/bin
PATH: /home/ubuntu/tp-link/TL-SX3016F_trunk/tplink/buildroot-marvell/build/tl-sx3016f/host/usr/sbin
PATH: /usr/local/sbin
PATH: /usr/local/bin
PATH: /usr/sbin
PATH: /usr/bin
PATH: /sbin
PATH: /bin
PATH: /usr/games
PATH: /usr/local/games


## ----------- ##
## Core tests. ##
## ----------- ##

configure:1965: checking for gcc
configure:1992: result: /usr/bin/gcc
configure:2221: checking for C compiler version
configure:2230: /usr/bin/gcc --version >&5
gcc (Ubuntu 4.8.4-2ubuntu1~14.04.4) 4.8.4
Copyright (C) 2013 Free Software Foundation, Inc.
This is free software; see the source for copying conditions.  There is NO
warranty; not even for MERCHANTABILITY or FITNESS FOR A PARTICULAR PURPOSE.

configure:2241: $? = 0
configure:2230: /usr/bin/gcc -v >&5
Using built-in specs.
COLLECT_GCC=/usr/bin/gcc
COLLECT_LTO_WRAPPER=/usr/lib/gcc/i686-linux-gnu/4.8/lto-wrapper
Target: i686-linux-gnu
Configured with: ../src/configure -v --with-pkgversion='Ubuntu 4.8.4-2ubuntu1~14.04.4' --with-bugurl=file:///usr/share/doc/gcc-4.8/README.Bugs --enable-languages=c,c++,java,go,d,fortran,objc,obj-c++ --prefix=/usr --program-suffix=-4.8 --enable-shared --enable-linker-build-id --libexecdir=/usr/lib --without-included-gettext --enable-threads=posix --with-gxx-include-dir=/usr/include/c++/4.8 --libdir=/usr/lib --enable-nls --with-sysroot=/ --enable-clocale=gnu --enable-libstdcxx-debug --enable-libstdcxx-time=yes --enable-gnu-unique-object --disable-libmudflap --enable-plugin --with-system-zlib --disable-browser-plugin --enable-java-awt=gtk --enable-gtk-cairo --with-java-home=/usr/lib/jvm/java-1.5.0-gcj-4.8-i386/jre --enable-java-home --with-jvm-root-dir=/usr/lib/jvm/java-1.5.0-gcj-4.8-i386 --with-jvm-jar-dir=/usr/lib/jvm-exports/java-1.5.0-gcj-4.8-i386 --with-arch-directory=i386 --with-ecj-jar=/usr/share/java/eclipse-ecj.jar --enable-objc-gc --enable-targets=all --enable-multiarch --disable-werror --with-arch-32=i686 --with-multilib-list=m32,m64,mx32 --with-tune=generic --enable-checking=release --build=i686-linux-gnu --host=i686-linux-gnu --target=i686-linux-gnu
Thread model: posix
gcc version 4.8.4 (Ubuntu 4.8.4-2ubuntu1~14.04.4) 
configure:2241: $? = 0
configure:2230: /usr/bin/gcc -V >&5
gcc: error: unrecognized command line option '-V'
gcc: fatal error: no input files
compilation terminated.
configure:2241: $? = 4
configure:2230: /usr/bin/gcc -qversion >&5
gcc: error: unrecognized command line option '-qversion'
gcc: fatal error: no input files
compilation terminated.
configure:2241: $? = 4
configure:2261: checking whether the C compiler works
configure:2283: /usr/bin/gcc -O2 -I/home/ubuntu/tp-link/TL-SX3016F_trunk/tplink/buildroot-marvell/build/tl-sx3016f/host/usr/include -I/home/ubuntu/tp-link/TL-SX3016F_trunk/tplink/buildroot-marvell/build/tl-sx3016f/host/usr/include -L/home/ubuntu/tp-link/TL-SX3016F_trunk/tplink/buildroot-marvell/build/tl-sx3016f/host/lib -L/home/ubuntu/tp-link/TL-SX3016F_trunk/tplink/buildroot-marvell/build/tl-sx3016f/host/usr/lib -Wl,-rpath,/home/ubuntu/tp-link/TL-SX3016F_trunk/tplink/buildroot-marvell/build/tl-sx3016f/host/usr/lib conftest.c  >&5
configure:2287: $? = 0
configure:2335: result: yes
configure:2338: checking for C compiler default output file name
configure:2340: result: a.out
configure:2346: checking for suffix of executables
configure:2353: /usr/bin/gcc -o conftest -O2 -I/home/ubuntu/tp-link/TL-SX3016F_trunk/tplink/buildroot-marvell/build/tl-sx3016f/host/usr/include -I/home/ubuntu/tp-link/TL-SX3016F_trunk/tplink/buildroot-marvell/build/tl-sx3016f/host/usr/include -L/home/ubuntu/tp-link/TL-SX3016F_trunk/tplink/buildroot-marvell/build/tl-sx3016f/host/lib -L/home/ubuntu/tp-link/TL-SX3016F_trunk/tplink/buildroot-marvell/build/tl-sx3016f/host/usr/lib -Wl,-rpath,/home/ubuntu/tp-link/TL-SX3016F_trunk/tplink/buildroot-marvell/build/tl-sx3016f/host/usr/lib conftest.c  >&5
configure:2357: $? = 0
configure:2379: result: 
configure:2401: checking whether we are cross compiling
configure:2409: /usr/bin/gcc -o conftest -O2 -I/home/ubuntu/tp-link/TL-SX3016F_trunk/tplink/buildroot-marvell/build/tl-sx3016f/host/usr/include -I/home/ubuntu/tp-link/TL-SX3016F_trunk/tplink/buildroot-marvell/build/tl-sx3016f/host/usr/include -L/home/ubuntu/tp-link/TL-SX3016F_trunk/tplink/buildroot-marvell/build/tl-sx3016f/host/lib -L/home/ubuntu/tp-link/TL-SX3016F_trunk/tplink/buildroot-marvell/build/tl-sx3016f/host/usr/lib -Wl,-rpath,/home/ubuntu/tp-link/TL-SX3016F_trunk/tplink/buildroot-marvell/build/tl-sx3016f/host/usr/lib conftest.c  >&5
configure:2413: $? = 0
configure:2420: ./conftest
configure:2424: $? = 0
configure:2439: result: no
configure:2444: checking for suffix of object files
configure:2466: /usr/bin/gcc -c -O2 -I/home/ubuntu/tp-link/TL-SX3016F_trunk/tplink/buildroot-marvell/build/tl-sx3016f/host/usr/include -I/home/ubuntu/tp-link/TL-SX3016F_trunk/tplink/buildroot-marvell/build/tl-sx3016f/host/usr/include conftest.c >&5
configure:2470: $? = 0
configure:2491: result: o
configure:2495: checking whether we are using the GNU C compiler
configure:2514: /usr/bin/gcc -c -O2 -I/home/ubuntu/tp-link/TL-SX3016F_trunk/tplink/buildroot-marvell/build/tl-sx3016f/host/usr/include -I/home/ubuntu/tp-link/TL-SX3016F_trunk/tplink/buildroot-marvell/build/tl-sx3016f/host/usr/include conftest.c >&5
configure:2514: $? = 0
configure:2523: result: yes
configure:2532: checking whether /usr/bin/gcc accepts -g
configure:2552: /usr/bin/gcc -c -g -I/home/ubuntu/tp-link/TL-SX3016F_trunk/tplink/buildroot-marvell/build/tl-sx3016f/host/usr/include conftest.c >&5
configure:2552: $? = 0
configure:2593: result: yes
configure:2610: checking for /usr/bin/gcc option to accept ISO C89
configure:2673: /usr/bin/gcc  -c -O2 -I/home/ubuntu/tp-link/TL-SX3016F_trunk/tplink/buildroot-marvell/build/tl-sx3016f/host/usr/include -I/home/ubuntu/tp-link/TL-SX3016F_trunk/tplink/buildroot-marvell/build/tl-sx3016f/host/usr/include conftest.c >&5
configure:2673: $? = 0
configure:2686: result: none needed
configure:2710: checking for strlcpy
configure:2710: /usr/bin/gcc -o conftest -O2 -I/home/ubuntu/tp-link/TL-SX3016F_trunk/tplink/buildroot-marvell/build/tl-sx3016f/host/usr/include -I/home/ubuntu/tp-link/TL-SX3016F_trunk/tplink/buildroot-marvell/build/tl-sx3016f/host/usr/include -L/home/ubuntu/tp-link/TL-SX3016F_trunk/tplink/buildroot-marvell/build/tl-sx3016f/host/lib -L/home/ubuntu/tp-link/TL-SX3016F_trunk/tplink/buildroot-marvell/build/tl-sx3016f/host/usr/lib -Wl,-rpath,/home/ubuntu/tp-link/TL-SX3016F_trunk/tplink/buildroot-marvell/build/tl-sx3016f/host/usr/lib conftest.c  >&5
/tmp/ccXu4k7C.o: In function `main':
conftest.c:(.text.startup+0x7): undefined reference to `strlcpy'
collect2: error: ld returned 1 exit status
configure:2710: $? = 1
configure: failed program was:
| /* confdefs.h */
| #define PACKAGE_NAME "pkgconf"
| #define PACKAGE_TARNAME "pkgconf"
| #define PACKAGE_VERSION "0.9.12"
| #define PACKAGE_STRING "pkgconf 0.9.12"
| #define PACKAGE_BUGREPORT "http://github.com/pkgconf/pkgconf/issues"
| #define PACKAGE_URL ""
| /* end confdefs.h.  */
| /* Define strlcpy to an innocuous variant, in case <limits.h> declares strlcpy.
|    For example, HP-UX 11i <limits.h> declares gettimeofday.  */
| #define strlcpy innocuous_strlcpy
| 
| /* System header to define __stub macros and hopefully few prototypes,
|     which can conflict with char strlcpy (); below.
|     Prefer <limits.h> to <assert.h> if __STDC__ is defined, since
|     <limits.h> exists even on freestanding compilers.  */
| 
| #ifdef __STDC__
| # include <limits.h>
| #else
| # include <assert.h>
| #endif
| 
| #undef strlcpy
| 
| /* Override any GCC internal prototype to avoid an error.
|    Use char because int might match the return type of a GCC
|    builtin and then its argument prototype would still apply.  */
| #ifdef __cplusplus
| extern "C"
| #endif
| char strlcpy ();
| /* The GNU C library defines this for functions which it implements
|     to always fail with ENOSYS.  Some functions are actually named
|     something starting with __ and the normal name is an alias.  */
| #if defined __stub_strlcpy || defined __stub___strlcpy
| choke me
| #endif
| 
| int
| main ()
| {
| return strlcpy ();
|   ;
|   return 0;
| }
configure:2710: result: no
configure:2710: checking for strlcat
configure:2710: /usr/bin/gcc -o conftest -O2 -I/home/ubuntu/tp-link/TL-SX3016F_trunk/tplink/buildroot-marvell/build/tl-sx3016f/host/usr/include -I/home/ubuntu/tp-link/TL-SX3016F_trunk/tplink/buildroot-marvell/build/tl-sx3016f/host/usr/include -L/home/ubuntu/tp-link/TL-SX3016F_trunk/tplink/buildroot-marvell/build/tl-sx3016f/host/lib -L/home/ubuntu/tp-link/TL-SX3016F_trunk/tplink/buildroot-marvell/build/tl-sx3016f/host/usr/lib -Wl,-rpath,/home/ubuntu/tp-link/TL-SX3016F_trunk/tplink/buildroot-marvell/build/tl-sx3016f/host/usr/lib conftest.c  >&5
/tmp/ccQMSKBF.o: In function `main':
conftest.c:(.text.startup+0x7): undefined reference to `strlcat'
collect2: error: ld returned 1 exit status
configure:2710: $? = 1
configure: failed program was:
| /* confdefs.h */
| #define PACKAGE_NAME "pkgconf"
| #define PACKAGE_TARNAME "pkgconf"
| #define PACKAGE_VERSION "0.9.12"
| #define PACKAGE_STRING "pkgconf 0.9.12"
| #define PACKAGE_BUGREPORT "http://github.com/pkgconf/pkgconf/issues"
| #define PACKAGE_URL ""
| /* end confdefs.h.  */
| /* Define strlcat to an innocuous variant, in case <limits.h> declares strlcat.
|    For example, HP-UX 11i <limits.h> declares gettimeofday.  */
| #define strlcat innocuous_strlcat
| 
| /* System header to define __stub macros and hopefully few prototypes,
|     which can conflict with char strlcat (); below.
|     Prefer <limits.h> to <assert.h> if __STDC__ is defined, since
|     <limits.h> exists even on freestanding compilers.  */
| 
| #ifdef __STDC__
| # include <limits.h>
| #else
| # include <assert.h>
| #endif
| 
| #undef strlcat
| 
| /* Override any GCC internal prototype to avoid an error.
|    Use char because int might match the return type of a GCC
|    builtin and then its argument prototype would still apply.  */
| #ifdef __cplusplus
| extern "C"
| #endif
| char strlcat ();
| /* The GNU C library defines this for functions which it implements
|     to always fail with ENOSYS.  Some functions are actually named
|     something starting with __ and the normal name is an alias.  */
| #if defined __stub_strlcat || defined __stub___strlcat
| choke me
| #endif
| 
| int
| main ()
| {
| return strlcat ();
|   ;
|   return 0;
| }
configure:2710: result: no
configure:2710: checking for strndup
configure:2710: /usr/bin/gcc -o conftest -O2 -I/home/ubuntu/tp-link/TL-SX3016F_trunk/tplink/buildroot-marvell/build/tl-sx3016f/host/usr/include -I/home/ubuntu/tp-link/TL-SX3016F_trunk/tplink/buildroot-marvell/build/tl-sx3016f/host/usr/include -L/home/ubuntu/tp-link/TL-SX3016F_trunk/tplink/buildroot-marvell/build/tl-sx3016f/host/lib -L/home/ubuntu/tp-link/TL-SX3016F_trunk/tplink/buildroot-marvell/build/tl-sx3016f/host/usr/lib -Wl,-rpath,/home/ubuntu/tp-link/TL-SX3016F_trunk/tplink/buildroot-marvell/build/tl-sx3016f/host/usr/lib conftest.c  >&5
conftest.c:32:6: warning: conflicting types for built-in function 'strndup' [enabled by default]
 char strndup ();
      ^
configure:2710: $? = 0
configure:2710: result: yes
configure:2710: checking for strtok_r
configure:2710: /usr/bin/gcc -o conftest -O2 -I/home/ubuntu/tp-link/TL-SX3016F_trunk/tplink/buildroot-marvell/build/tl-sx3016f/host/usr/include -I/home/ubuntu/tp-link/TL-SX3016F_trunk/tplink/buildroot-marvell/build/tl-sx3016f/host/usr/include -L/home/ubuntu/tp-link/TL-SX3016F_trunk/tplink/buildroot-marvell/build/tl-sx3016f/host/lib -L/home/ubuntu/tp-link/TL-SX3016F_trunk/tplink/buildroot-marvell/build/tl-sx3016f/host/usr/lib -Wl,-rpath,/home/ubuntu/tp-link/TL-SX3016F_trunk/tplink/buildroot-marvell/build/tl-sx3016f/host/usr/lib conftest.c  >&5
configure:2710: $? = 0
configure:2710: result: yes
configure:2727: checking for special C compiler options needed for large files
configure:2772: result: no
configure:2778: checking for _FILE_OFFSET_BITS value needed for large files
configure:2803: /usr/bin/gcc -c -O2 -I/home/ubuntu/tp-link/TL-SX3016F_trunk/tplink/buildroot-marvell/build/tl-sx3016f/host/usr/include -I/home/ubuntu/tp-link/TL-SX3016F_trunk/tplink/buildroot-marvell/build/tl-sx3016f/host/usr/include conftest.c >&5
conftest.c:17:3: warning: left shift count >= width of type [enabled by default]
   int off_t_is_large[(LARGE_OFF_T % 2147483629 == 721
   ^
conftest.c:17:3: warning: left shift count >= width of type [enabled by default]
conftest.c:18:10: warning: left shift count >= width of type [enabled by default]
          && LARGE_OFF_T % 2147483647 == 1)
          ^
conftest.c:18:10: warning: left shift count >= width of type [enabled by default]
conftest.c:17:7: error: variably modified 'off_t_is_large' at file scope
   int off_t_is_large[(LARGE_OFF_T % 2147483629 == 721
       ^
configure:2803: $? = 1
configure: failed program was:
| /* confdefs.h */
| #define PACKAGE_NAME "pkgconf"
| #define PACKAGE_TARNAME "pkgconf"
| #define PACKAGE_VERSION "0.9.12"
| #define PACKAGE_STRING "pkgconf 0.9.12"
| #define PACKAGE_BUGREPORT "http://github.com/pkgconf/pkgconf/issues"
| #define PACKAGE_URL ""
| #define HAVE_STRNDUP 1
| #define HAVE_STRTOK_R 1
| /* end confdefs.h.  */
| #include <sys/types.h>
|  /* Check that off_t can represent 2**63 - 1 correctly.
|     We can't simply define LARGE_OFF_T to be 9223372036854775807,
|     since some C++ compilers masquerading as C compilers
|     incorrectly reject 9223372036854775807.  */
| #define LARGE_OFF_T (((off_t) 1 << 62) - 1 + ((off_t) 1 << 62))
|   int off_t_is_large[(LARGE_OFF_T % 2147483629 == 721
| 		       && LARGE_OFF_T % 2147483647 == 1)
| 		      ? 1 : -1];
| int
| main ()
| {
| 
|   ;
|   return 0;
| }
configure:2827: /usr/bin/gcc -c -O2 -I/home/ubuntu/tp-link/TL-SX3016F_trunk/tplink/buildroot-marvell/build/tl-sx3016f/host/usr/include -I/home/ubuntu/tp-link/TL-SX3016F_trunk/tplink/buildroot-marvell/build/tl-sx3016f/host/usr/include conftest.c >&5
configure:2827: $? = 0
configure:2835: result: 64
configure:2928: checking whether to enable strict mode
configure:2935: result: no
configure:2990: checking how to run the C preprocessor
configure:3060: result: /usr/bin/cpp
configure:3080: /usr/bin/cpp -I/home/ubuntu/tp-link/TL-SX3016F_trunk/tplink/buildroot-marvell/build/tl-sx3016f/host/usr/include conftest.c
configure:3080: $? = 0
configure:3094: /usr/bin/cpp -I/home/ubuntu/tp-link/TL-SX3016F_trunk/tplink/buildroot-marvell/build/tl-sx3016f/host/usr/include conftest.c
conftest.c:13:28: fatal error: ac_nonexistent.h: No such file or directory
 #include <ac_nonexistent.h>
                            ^
compilation terminated.
configure:3094: $? = 1
configure: failed program was:
| /* confdefs.h */
| #define PACKAGE_NAME "pkgconf"
| #define PACKAGE_TARNAME "pkgconf"
| #define PACKAGE_VERSION "0.9.12"
| #define PACKAGE_STRING "pkgconf 0.9.12"
| #define PACKAGE_BUGREPORT "http://github.com/pkgconf/pkgconf/issues"
| #define PACKAGE_URL ""
| #define HAVE_STRNDUP 1
| #define HAVE_STRTOK_R 1
| #define _FILE_OFFSET_BITS 64
| #define HAVE_STRICT_MODE 0
| /* end confdefs.h.  */
| #include <ac_nonexistent.h>
configure:3170: checking for gcc
configure:3197: result: /usr/bin/gcc
configure:3426: checking for C compiler version
configure:3435: /usr/bin/gcc --version >&5
gcc (Ubuntu 4.8.4-2ubuntu1~14.04.4) 4.8.4
Copyright (C) 2013 Free Software Foundation, Inc.
This is free software; see the source for copying conditions.  There is NO
warranty; not even for MERCHANTABILITY or FITNESS FOR A PARTICULAR PURPOSE.

configure:3446: $? = 0
configure:3435: /usr/bin/gcc -v >&5
Using built-in specs.
COLLECT_GCC=/usr/bin/gcc
COLLECT_LTO_WRAPPER=/usr/lib/gcc/i686-linux-gnu/4.8/lto-wrapper
Target: i686-linux-gnu
Configured with: ../src/configure -v --with-pkgversion='Ubuntu 4.8.4-2ubuntu1~14.04.4' --with-bugurl=file:///usr/share/doc/gcc-4.8/README.Bugs --enable-languages=c,c++,java,go,d,fortran,objc,obj-c++ --prefix=/usr --program-suffix=-4.8 --enable-shared --enable-linker-build-id --libexecdir=/usr/lib --without-included-gettext --enable-threads=posix --with-gxx-include-dir=/usr/include/c++/4.8 --libdir=/usr/lib --enable-nls --with-sysroot=/ --enable-clocale=gnu --enable-libstdcxx-debug --enable-libstdcxx-time=yes --enable-gnu-unique-object --disable-libmudflap --enable-plugin --with-system-zlib --disable-browser-plugin --enable-java-awt=gtk --enable-gtk-cairo --with-java-home=/usr/lib/jvm/java-1.5.0-gcj-4.8-i386/jre --enable-java-home --with-jvm-root-dir=/usr/lib/jvm/java-1.5.0-gcj-4.8-i386 --with-jvm-jar-dir=/usr/lib/jvm-exports/java-1.5.0-gcj-4.8-i386 --with-arch-directory=i386 --with-ecj-jar=/usr/share/java/eclipse-ecj.jar --enable-objc-gc --enable-targets=all --enable-multiarch --disable-werror --with-arch-32=i686 --with-multilib-list=m32,m64,mx32 --with-tune=generic --enable-checking=release --build=i686-linux-gnu --host=i686-linux-gnu --target=i686-linux-gnu
Thread model: posix
gcc version 4.8.4 (Ubuntu 4.8.4-2ubuntu1~14.04.4) 
configure:3446: $? = 0
configure:3435: /usr/bin/gcc -V >&5
gcc: error: unrecognized command line option '-V'
gcc: fatal error: no input files
compilation terminated.
configure:3446: $? = 4
configure:3435: /usr/bin/gcc -qversion >&5
gcc: error: unrecognized command line option '-qversion'
gcc: fatal error: no input files
compilation terminated.
configure:3446: $? = 4
configure:3450: checking whether we are using the GNU C compiler
configure:3478: result: yes
configure:3487: checking whether /usr/bin/gcc accepts -g
configure:3548: result: yes
configure:3565: checking for /usr/bin/gcc option to accept ISO C89
configure:3641: result: none needed
configure:3704: checking for a BSD-compatible install
configure:3772: result: /usr/bin/install -c
configure:3783: checking whether ln -s works
configure:3787: result: yes
configure:3911: creating ./config.status

## ---------------------- ##
## Running config.status. ##
## ---------------------- ##

This file was extended by pkgconf config.status 0.9.12, which was
generated by GNU Autoconf 2.69.  Invocation command line was

  CONFIG_FILES    = 
  CONFIG_HEADERS  = 
  CONFIG_LINKS    = 
  CONFIG_COMMANDS = 
  $ ./config.status 

on ubuntu

config.status:800: creating Makefile
config.status:800: creating tests/run.sh
config.status:800: creating config.h
configure:5072: WARNING: unrecognized options: --enable-shared, --disable-static, --disable-gtk-doc, --disable-gtk-doc-html, --disable-doc, --disable-docs, --disable-documentation, --disable-debug, --with-xmlto, --with-fop, --disable-dependency-tracking

## ---------------- ##
## Cache variables. ##
## ---------------- ##

ac_cv_c_compiler_gnu=yes
ac_cv_env_CC_set=set
ac_cv_env_CC_value=/usr/bin/gcc
ac_cv_env_CFLAGS_set=set
ac_cv_env_CFLAGS_value='-O2 -I/home/ubuntu/tp-link/TL-SX3016F_trunk/tplink/buildroot-marvell/build/tl-sx3016f/host/usr/include'
ac_cv_env_CPPFLAGS_set=set
ac_cv_env_CPPFLAGS_value=-I/home/ubuntu/tp-link/TL-SX3016F_trunk/tplink/buildroot-marvell/build/tl-sx3016f/host/usr/include
ac_cv_env_CPP_set=set
ac_cv_env_CPP_value=/usr/bin/cpp
ac_cv_env_LDFLAGS_set=set
ac_cv_env_LDFLAGS_value='-L/home/ubuntu/tp-link/TL-SX3016F_trunk/tplink/buildroot-marvell/build/tl-sx3016f/host/lib -L/home/ubuntu/tp-link/TL-SX3016F_trunk/tplink/buildroot-marvell/build/tl-sx3016f/host/usr/lib -Wl,-rpath,/home/ubuntu/tp-link/TL-SX3016F_trunk/tplink/buildroot-marvell/build/tl-sx3016f/host/usr/lib'
ac_cv_env_LIBS_set=
ac_cv_env_LIBS_value=
ac_cv_env_build_alias_set=
ac_cv_env_build_alias_value=
ac_cv_env_host_alias_set=
ac_cv_env_host_alias_value=
ac_cv_env_target_alias_set=
ac_cv_env_target_alias_value=
ac_cv_func_strlcat=no
ac_cv_func_strlcpy=no
ac_cv_func_strndup=yes
ac_cv_func_strtok_r=yes
ac_cv_objext=o
ac_cv_path_install='/usr/bin/install -c'
ac_cv_prog_CPP=/usr/bin/cpp
ac_cv_prog_ac_ct_CC=/usr/bin/gcc
ac_cv_prog_cc_c89=
ac_cv_prog_cc_g=yes
ac_cv_sys_file_offset_bits=64
ac_cv_sys_largefile_CC=no
ac_cv_use_strict=no

## ----------------- ##
## Output variables. ##
## ----------------- ##

CC='/usr/bin/gcc'
CFLAGS='-O2 -I/home/ubuntu/tp-link/TL-SX3016F_trunk/tplink/buildroot-marvell/build/tl-sx3016f/host/usr/include'
CPP='/usr/bin/cpp'
CPPFLAGS='-I/home/ubuntu/tp-link/TL-SX3016F_trunk/tplink/buildroot-marvell/build/tl-sx3016f/host/usr/include'
DEFS='-DHAVE_CONFIG_H'
ECHO_C=''
ECHO_N='-n'
ECHO_T=''
EXEEXT=''
INSTALL_DATA='${INSTALL} -m 644'
INSTALL_PROGRAM='${INSTALL}'
INSTALL_SCRIPT='${INSTALL}'
LDFLAGS='-L/home/ubuntu/tp-link/TL-SX3016F_trunk/tplink/buildroot-marvell/build/tl-sx3016f/host/lib -L/home/ubuntu/tp-link/TL-SX3016F_trunk/tplink/buildroot-marvell/build/tl-sx3016f/host/usr/lib -Wl,-rpath,/home/ubuntu/tp-link/TL-SX3016F_trunk/tplink/buildroot-marvell/build/tl-sx3016f/host/usr/lib'
LIBOBJS=''
LIBS=''
LN_S='ln -s'
LTLIBOBJS=''
OBJEXT='o'
PACKAGE_BUGREPORT='http://github.com/pkgconf/pkgconf/issues'
PACKAGE_NAME='pkgconf'
PACKAGE_STRING='pkgconf 0.9.12'
PACKAGE_TARNAME='pkgconf'
PACKAGE_URL=''
PACKAGE_VERSION='0.9.12'
PATH_SEPARATOR=':'
PKGCONFIGDIR='${exec_prefix}/lib/pkgconfig:${datarootdir}/pkgconfig'
SHELL='/bin/sh'
STRICT_MODE='no'
SYSTEM_INCLUDEDIR='${prefix}/include'
SYSTEM_LIBDIR='${exec_prefix}/lib'
ac_ct_CC='/usr/bin/gcc'
bindir='${exec_prefix}/bin'
build_alias=''
datadir='${datarootdir}'
datarootdir='${prefix}/share'
docdir='${datarootdir}/doc/${PACKAGE_TARNAME}'
dvidir='${docdir}'
exec_prefix='${prefix}'
host_alias=''
htmldir='${docdir}'
includedir='${prefix}/include'
infodir='${datarootdir}/info'
libdir='${exec_prefix}/lib'
libexecdir='${exec_prefix}/libexec'
localedir='${datarootdir}/locale'
localstatedir='/home/ubuntu/tp-link/TL-SX3016F_trunk/tplink/buildroot-marvell/build/tl-sx3016f/host/var'
mandir='${datarootdir}/man'
oldincludedir='/usr/include'
pdfdir='${docdir}'
prefix='/home/ubuntu/tp-link/TL-SX3016F_trunk/tplink/buildroot-marvell/build/tl-sx3016f/host/usr'
program_transform_name='s,x,x,'
psdir='${docdir}'
sbindir='${exec_prefix}/sbin'
sharedstatedir='${prefix}/com'
sysconfdir='/home/ubuntu/tp-link/TL-SX3016F_trunk/tplink/buildroot-marvell/build/tl-sx3016f/host/etc'
target_alias=''

## ----------- ##
## confdefs.h. ##
## ----------- ##

/* confdefs.h */
#define PACKAGE_NAME "pkgconf"
#define PACKAGE_TARNAME "pkgconf"
#define PACKAGE_VERSION "0.9.12"
#define PACKAGE_STRING "pkgconf 0.9.12"
#define PACKAGE_BUGREPORT "http://github.com/pkgconf/pkgconf/issues"
#define PACKAGE_URL ""
#define HAVE_STRNDUP 1
#define HAVE_STRTOK_R 1
#define _FILE_OFFSET_BITS 64
#define HAVE_STRICT_MODE 0

configure: exit 0
