This file contains any messages produced by compilers while
running configure, to aid debugging if configure makes a mistake.

It was created by GNU Automake configure 1.15, which was
generated by GNU Autoconf 2.69.  Invocation command line was

  $ ./configure --prefix=/project/trunk/MV-AC3_GPL/tplink/buildroot-marvell/build/mv-ac3/host/usr --sysconfdir=/project/trunk/MV-AC3_GPL/tplink/buildroot-marvell/build/mv-ac3/host/etc --localstatedir=/project/trunk/MV-AC3_GPL/tplink/buildroot-marvell/build/mv-ac3/host/var --enable-shared --disable-static --disable-gtk-doc --disable-gtk-doc-html --disable-doc --disable-docs --disable-documentation --disable-debug --with-xmlto=no --with-fop=no --disable-dependency-tracking

## --------- ##
## Platform. ##
## --------- ##

hostname = ubuntu
uname -m = i686
uname -r = 4.4.0-148-generic
uname -s = Linux
uname -v = #174~14.04.1-Ubuntu SMP Thu May 9 08:18:11 UTC 2019

/usr/bin/uname -p = unknown
/bin/uname -X     = unknown

/bin/arch              = unknown
/usr/bin/arch -k       = unknown
/usr/convex/getsysinfo = unknown
/usr/bin/hostinfo      = unknown
/bin/machine           = unknown
/usr/bin/oslevel       = unknown
/bin/universe          = unknown

PATH: /project/trunk/MV-AC3_GPL/tplink/buildroot-marvell/build/mv-ac3/host/bin
PATH: /project/trunk/MV-AC3_GPL/tplink/buildroot-marvell/build/mv-ac3/host/sbin
PATH: /project/trunk/MV-AC3_GPL/tplink/buildroot-marvell/build/mv-ac3/host/usr/bin
PATH: /project/trunk/MV-AC3_GPL/tplink/buildroot-marvell/build/mv-ac3/host/usr/sbin
PATH: /usr/local/sbin
PATH: /usr/local/bin
PATH: /usr/sbin
PATH: /usr/bin
PATH: /sbin
PATH: /bin
PATH: /snap/bin


## ----------- ##
## Core tests. ##
## ----------- ##

configure:2031: checking whether make supports nested variables
configure:2048: result: yes
configure:2064: checking build system type
configure:2078: result: i686-pc-linux-gnu
configure:2098: checking host system type
configure:2111: result: i686-pc-linux-gnu
configure:2164: checking for a BSD-compatible install
configure:2232: result: /usr/bin/install -c
configure:2243: checking whether build environment is sane
configure:2298: result: yes
configure:2449: checking for a thread-safe mkdir -p
configure:2488: result: /bin/mkdir -p
configure:2495: checking for gawk
configure:2511: found /usr/bin/gawk
configure:2522: result: gawk
configure:2533: checking whether make sets $(MAKE)
configure:2555: result: yes
configure:2713: checking whether ln -s works
configure:2717: result: yes
configure:2727: checking for perl
configure:2757: result: /usr/bin/perl
configure:2769: /usr/bin/perl --version

This is perl 5, version 18, subversion 2 (v5.18.2) built for i686-linux-gnu-thread-multi-64int
(with 55 registered patches, see perl -V for more detail)

Copyright 1987-2013, Larry Wall

Perl may be copied only under the terms of either the Artistic License or the
GNU General Public License, which may be found in the Perl 5 source kit.

Complete documentation for Perl, including FAQ lists, should be found on
this system using "man perl" or "perldoc perl".  If you have access to the
Internet, point your browser at http://www.perl.org/, the Perl Home Page.

configure:2772: $? = 0
configure:2784: checking for tex
configure:2800: found /usr/bin/tex
configure:2811: result: tex
configure:2822: tex --version </dev/null
TeX 3.1415926 (TeX Live 2013/Debian)
kpathsea version 6.1.1
Copyright 2013 D.E. Knuth.
There is NO warranty.  Redistribution of this software is
covered by the terms of both the TeX copyright and
the Lesser GNU General Public License.
For more information about these matters, see the file
named COPYING and the TeX source.
Primary author of TeX: D.E. Knuth.
configure:2825: $? = 0
configure:2843: checking for yacc
configure:2859: found /usr/bin/yacc
configure:2870: result: yacc
configure:2886: checking for lex
configure:2902: found /usr/bin/lex
configure:2913: result: lex
configure:2934: checking whether autoconf is installed
configure:2939: autoconf --version
autoconf (GNU Autoconf) 2.69
Copyright (C) 2012 Free Software Foundation, Inc.
License GPLv3+/Autoconf: GNU GPL version 3 or later
<http://gnu.org/licenses/gpl.html>, <http://gnu.org/licenses/exceptions.html>
This is free software: you are free to change and redistribute it.
There is NO WARRANTY, to the extent permitted by law.

Written by David J. MacKenzie and Akim Demaille.
configure:2942: $? = 0
configure:2950: result: yes
configure:2957: checking whether autoconf works
configure:2964: cd conftest && autoconf -o /dev/null conftest.ac
configure:2967: $? = 0
configure:2976: result: yes
configure:2983: checking whether autoconf is recent enough
configure:2990: cd conftest && autoconf -o /dev/null conftest.ac
configure:2993: $? = 0
configure:3002: result: yes
configure:3009: checking whether ln works
configure:3029: result: yes
configure:3047: checking for grep that handles long lines and -e
configure:3105: result: /bin/grep
configure:3110: checking for egrep
configure:3172: result: /bin/grep -E
configure:3177: checking for fgrep
configure:3239: result: /bin/grep -F
configure:3282: will now look for a sturdy POSIX shell, for our testsuite
configure:3318: checking for sh
configure:3336: found /bin/sh
configure:3348: result: /bin/sh
configure:3318: checking for sh5
configure:3351: result: no
configure:3318: checking for dash
configure:3336: found /bin/dash
configure:3348: result: /bin/dash
configure:3318: checking for ash
configure:3351: result: no
configure:3318: checking for bash
configure:3336: found /bin/bash
configure:3348: result: /bin/bash
configure:3318: checking for zsh
configure:3351: result: no
configure:3318: checking for ksh
configure:3351: result: no
configure:3318: checking for pdksh
configure:3351: result: no
configure:3372: checking whether /bin/sh supports $(cmd)
configure:3382: result: yes
configure:3392: checking whether /bin/sh supports $((expr))
configure:3402: result: yes
configure:3412: checking whether /bin/sh supports ${#var}
configure:3425: result: yes
configure:3435: checking whether /bin/sh supports ${var#glob} and ${var%glob}
configure:3449: result: yes
configure:3459: checking whether /bin/sh preserves exit traps with "set -e"
configure:3469: result: yes
configure:3479: checking whether /bin/sh can define exit traps in a shell function
configure:3489: result: yes
configure:3499: checking whether /bin/sh corrupts stderr with "set -x"
configure:3513: result: no
configure:3521: checking whether /bin/sh can return early from "dot-sourced" files
configure:3531: result: yes
configure:3543: checking whether /bin/sh supports alias named like shell builtins

configure:3553: result: yes
configure:3563: checking whether /bin/sh supports "test -e"
configure:3573: result: yes
configure:3591: shell /bin/sh is good enough, stop looking
configure:3608: will use /bin/sh as the testsuite shell
configure:3632: will now look for generic compilers
configure:3755: checking for C compiler version
configure:3764: /usr/bin/gcc --version >&5
gcc (Ubuntu 4.8.4-2ubuntu1~14.04.4) 4.8.4
Copyright (C) 2013 Free Software Foundation, Inc.
This is free software; see the source for copying conditions.  There is NO
warranty; not even for MERCHANTABILITY or FITNESS FOR A PARTICULAR PURPOSE.

configure:3775: $? = 0
configure:3764: /usr/bin/gcc -v >&5
Using built-in specs.
COLLECT_GCC=/usr/bin/gcc
COLLECT_LTO_WRAPPER=/usr/lib/gcc/i686-linux-gnu/4.8/lto-wrapper
Target: i686-linux-gnu
Configured with: ../src/configure -v --with-pkgversion='Ubuntu 4.8.4-2ubuntu1~14.04.4' --with-bugurl=file:///usr/share/doc/gcc-4.8/README.Bugs --enable-languages=c,c++,java,go,d,fortran,objc,obj-c++ --prefix=/usr --program-suffix=-4.8 --enable-shared --enable-linker-build-id --libexecdir=/usr/lib --without-included-gettext --enable-threads=posix --with-gxx-include-dir=/usr/include/c++/4.8 --libdir=/usr/lib --enable-nls --with-sysroot=/ --enable-clocale=gnu --enable-libstdcxx-debug --enable-libstdcxx-time=yes --enable-gnu-unique-object --disable-libmudflap --enable-plugin --with-system-zlib --disable-browser-plugin --enable-java-awt=gtk --enable-gtk-cairo --with-java-home=/usr/lib/jvm/java-1.5.0-gcj-4.8-i386/jre --enable-java-home --with-jvm-root-dir=/usr/lib/jvm/java-1.5.0-gcj-4.8-i386 --with-jvm-jar-dir=/usr/lib/jvm-exports/java-1.5.0-gcj-4.8-i386 --with-arch-directory=i386 --with-ecj-jar=/usr/share/java/eclipse-ecj.jar --enable-objc-gc --enable-targets=all --enable-multiarch --disable-werror --with-arch-32=i686 --with-multilib-list=m32,m64,mx32 --with-tune=generic --enable-checking=release --build=i686-linux-gnu --host=i686-linux-gnu --target=i686-linux-gnu
Thread model: posix
gcc version 4.8.4 (Ubuntu 4.8.4-2ubuntu1~14.04.4) 
configure:3775: $? = 0
configure:3764: /usr/bin/gcc -V >&5
gcc: error: unrecognized command line option '-V'
gcc: fatal error: no input files
compilation terminated.
configure:3775: $? = 4
configure:3764: /usr/bin/gcc -qversion >&5
gcc: error: unrecognized command line option '-qversion'
gcc: fatal error: no input files
compilation terminated.
configure:3775: $? = 4
configure:3795: checking whether the C compiler works
configure:3817: /usr/bin/gcc -O2 -I/project/trunk/MV-AC3_GPL/tplink/buildroot-marvell/build/mv-ac3/host/usr/include -I/project/trunk/MV-AC3_GPL/tplink/buildroot-marvell/build/mv-ac3/host/usr/include -L/project/trunk/MV-AC3_GPL/tplink/buildroot-marvell/build/mv-ac3/host/lib -L/project/trunk/MV-AC3_GPL/tplink/buildroot-marvell/build/mv-ac3/host/usr/lib -Wl,-rpath,/project/trunk/MV-AC3_GPL/tplink/buildroot-marvell/build/mv-ac3/host/usr/lib conftest.c  >&5
configure:3821: $? = 0
configure:3871: result: yes
configure:3874: checking for C compiler default output file name
configure:3876: result: a.out
configure:3882: checking for suffix of executables
configure:3889: /usr/bin/gcc -o conftest -O2 -I/project/trunk/MV-AC3_GPL/tplink/buildroot-marvell/build/mv-ac3/host/usr/include -I/project/trunk/MV-AC3_GPL/tplink/buildroot-marvell/build/mv-ac3/host/usr/include -L/project/trunk/MV-AC3_GPL/tplink/buildroot-marvell/build/mv-ac3/host/lib -L/project/trunk/MV-AC3_GPL/tplink/buildroot-marvell/build/mv-ac3/host/usr/lib -Wl,-rpath,/project/trunk/MV-AC3_GPL/tplink/buildroot-marvell/build/mv-ac3/host/usr/lib conftest.c  >&5
configure:3893: $? = 0
configure:3917: result: 
configure:3939: checking whether we are cross compiling
configure:3947: /usr/bin/gcc -o conftest -O2 -I/project/trunk/MV-AC3_GPL/tplink/buildroot-marvell/build/mv-ac3/host/usr/include -I/project/trunk/MV-AC3_GPL/tplink/buildroot-marvell/build/mv-ac3/host/usr/include -L/project/trunk/MV-AC3_GPL/tplink/buildroot-marvell/build/mv-ac3/host/lib -L/project/trunk/MV-AC3_GPL/tplink/buildroot-marvell/build/mv-ac3/host/usr/lib -Wl,-rpath,/project/trunk/MV-AC3_GPL/tplink/buildroot-marvell/build/mv-ac3/host/usr/lib conftest.c  >&5
configure:3951: $? = 0
configure:3958: ./conftest
configure:3962: $? = 0
configure:3980: result: no
configure:3985: checking for suffix of object files
configure:4007: /usr/bin/gcc -c -O2 -I/project/trunk/MV-AC3_GPL/tplink/buildroot-marvell/build/mv-ac3/host/usr/include -I/project/trunk/MV-AC3_GPL/tplink/buildroot-marvell/build/mv-ac3/host/usr/include conftest.c >&5
configure:4011: $? = 0
configure:4034: result: o
configure:4038: checking whether we are using the GNU C compiler
configure:4057: /usr/bin/gcc -c -O2 -I/project/trunk/MV-AC3_GPL/tplink/buildroot-marvell/build/mv-ac3/host/usr/include -I/project/trunk/MV-AC3_GPL/tplink/buildroot-marvell/build/mv-ac3/host/usr/include conftest.c >&5
configure:4057: $? = 0
configure:4066: result: yes
configure:4075: checking whether /usr/bin/gcc accepts -g
configure:4095: /usr/bin/gcc -c -g -I/project/trunk/MV-AC3_GPL/tplink/buildroot-marvell/build/mv-ac3/host/usr/include conftest.c >&5
configure:4095: $? = 0
configure:4136: result: yes
configure:4153: checking for /usr/bin/gcc option to accept ISO C89
configure:4216: /usr/bin/gcc  -c -O2 -I/project/trunk/MV-AC3_GPL/tplink/buildroot-marvell/build/mv-ac3/host/usr/include -I/project/trunk/MV-AC3_GPL/tplink/buildroot-marvell/build/mv-ac3/host/usr/include conftest.c >&5
configure:4216: $? = 0
configure:4229: result: none needed
configure:4254: checking whether /usr/bin/gcc understands -c and -o together
configure:4276: /usr/bin/gcc -c conftest.c -o conftest2.o
configure:4279: $? = 0
configure:4276: /usr/bin/gcc -c conftest.c -o conftest2.o
configure:4279: $? = 0
configure:4291: result: yes
configure:4467: checking for C++ compiler version
configure:4476: /usr/bin/g++ --version >&5
g++ (Ubuntu 4.8.4-2ubuntu1~14.04.4) 4.8.4
Copyright (C) 2013 Free Software Foundation, Inc.
This is free software; see the source for copying conditions.  There is NO
warranty; not even for MERCHANTABILITY or FITNESS FOR A PARTICULAR PURPOSE.

configure:4487: $? = 0
configure:4476: /usr/bin/g++ -v >&5
Using built-in specs.
COLLECT_GCC=/usr/bin/g++
COLLECT_LTO_WRAPPER=/usr/lib/gcc/i686-linux-gnu/4.8/lto-wrapper
Target: i686-linux-gnu
Configured with: ../src/configure -v --with-pkgversion='Ubuntu 4.8.4-2ubuntu1~14.04.4' --with-bugurl=file:///usr/share/doc/gcc-4.8/README.Bugs --enable-languages=c,c++,java,go,d,fortran,objc,obj-c++ --prefix=/usr --program-suffix=-4.8 --enable-shared --enable-linker-build-id --libexecdir=/usr/lib --without-included-gettext --enable-threads=posix --with-gxx-include-dir=/usr/include/c++/4.8 --libdir=/usr/lib --enable-nls --with-sysroot=/ --enable-clocale=gnu --enable-libstdcxx-debug --enable-libstdcxx-time=yes --enable-gnu-unique-object --disable-libmudflap --enable-plugin --with-system-zlib --disable-browser-plugin --enable-java-awt=gtk --enable-gtk-cairo --with-java-home=/usr/lib/jvm/java-1.5.0-gcj-4.8-i386/jre --enable-java-home --with-jvm-root-dir=/usr/lib/jvm/java-1.5.0-gcj-4.8-i386 --with-jvm-jar-dir=/usr/lib/jvm-exports/java-1.5.0-gcj-4.8-i386 --with-arch-directory=i386 --with-ecj-jar=/usr/share/java/eclipse-ecj.jar --enable-objc-gc --enable-targets=all --enable-multiarch --disable-werror --with-arch-32=i686 --with-multilib-list=m32,m64,mx32 --with-tune=generic --enable-checking=release --build=i686-linux-gnu --host=i686-linux-gnu --target=i686-linux-gnu
Thread model: posix
gcc version 4.8.4 (Ubuntu 4.8.4-2ubuntu1~14.04.4) 
configure:4487: $? = 0
configure:4476: /usr/bin/g++ -V >&5
g++: error: unrecognized command line option '-V'
g++: fatal error: no input files
compilation terminated.
configure:4487: $? = 4
configure:4476: /usr/bin/g++ -qversion >&5
g++: error: unrecognized command line option '-qversion'
g++: fatal error: no input files
compilation terminated.
configure:4487: $? = 4
configure:4507: checking whether the C++ compiler works
configure:4529: /usr/bin/g++ -O2 -I/project/trunk/MV-AC3_GPL/tplink/buildroot-marvell/build/mv-ac3/host/usr/include -I/project/trunk/MV-AC3_GPL/tplink/buildroot-marvell/build/mv-ac3/host/usr/include -L/project/trunk/MV-AC3_GPL/tplink/buildroot-marvell/build/mv-ac3/host/lib -L/project/trunk/MV-AC3_GPL/tplink/buildroot-marvell/build/mv-ac3/host/usr/lib -Wl,-rpath,/project/trunk/MV-AC3_GPL/tplink/buildroot-marvell/build/mv-ac3/host/usr/lib conftest.cpp  >&5
configure:4533: $? = 0
configure:4583: result: yes
configure:4586: checking for C++ compiler default output file name
configure:4588: result: a.out
configure:4594: checking for suffix of executables
configure:4601: /usr/bin/g++ -o conftest -O2 -I/project/trunk/MV-AC3_GPL/tplink/buildroot-marvell/build/mv-ac3/host/usr/include -I/project/trunk/MV-AC3_GPL/tplink/buildroot-marvell/build/mv-ac3/host/usr/include -L/project/trunk/MV-AC3_GPL/tplink/buildroot-marvell/build/mv-ac3/host/lib -L/project/trunk/MV-AC3_GPL/tplink/buildroot-marvell/build/mv-ac3/host/usr/lib -Wl,-rpath,/project/trunk/MV-AC3_GPL/tplink/buildroot-marvell/build/mv-ac3/host/usr/lib conftest.cpp  >&5
configure:4605: $? = 0
configure:4629: result: 
configure:4651: checking whether we are cross compiling
configure:4659: /usr/bin/g++ -o conftest -O2 -I/project/trunk/MV-AC3_GPL/tplink/buildroot-marvell/build/mv-ac3/host/usr/include -I/project/trunk/MV-AC3_GPL/tplink/buildroot-marvell/build/mv-ac3/host/usr/include -L/project/trunk/MV-AC3_GPL/tplink/buildroot-marvell/build/mv-ac3/host/lib -L/project/trunk/MV-AC3_GPL/tplink/buildroot-marvell/build/mv-ac3/host/usr/lib -Wl,-rpath,/project/trunk/MV-AC3_GPL/tplink/buildroot-marvell/build/mv-ac3/host/usr/lib conftest.cpp  >&5
configure:4663: $? = 0
configure:4670: ./conftest
configure:4674: $? = 0
configure:4692: result: no
configure:4697: checking for suffix of object files
configure:4719: /usr/bin/g++ -c -O2 -I/project/trunk/MV-AC3_GPL/tplink/buildroot-marvell/build/mv-ac3/host/usr/include -I/project/trunk/MV-AC3_GPL/tplink/buildroot-marvell/build/mv-ac3/host/usr/include conftest.cpp >&5
configure:4723: $? = 0
configure:4746: result: o
configure:4750: checking whether we are using the GNU C++ compiler
configure:4769: /usr/bin/g++ -c -O2 -I/project/trunk/MV-AC3_GPL/tplink/buildroot-marvell/build/mv-ac3/host/usr/include -I/project/trunk/MV-AC3_GPL/tplink/buildroot-marvell/build/mv-ac3/host/usr/include conftest.cpp >&5
configure:4769: $? = 0
configure:4778: result: yes
configure:4787: checking whether /usr/bin/g++ accepts -g
configure:4807: /usr/bin/g++ -c -g -I/project/trunk/MV-AC3_GPL/tplink/buildroot-marvell/build/mv-ac3/host/usr/include conftest.cpp >&5
configure:4807: $? = 0
configure:4848: result: yes
configure:4959: checking for xlf95
configure:4989: result: no
configure:4959: checking for f95
configure:4989: result: no
configure:4959: checking for fort
configure:4989: result: no
configure:4959: checking for ifort
configure:4989: result: no
configure:4959: checking for ifc
configure:4989: result: no
configure:4959: checking for efc
configure:4989: result: no
configure:4959: checking for pgfortran
configure:4989: result: no
configure:4959: checking for pgf95
configure:4989: result: no
configure:4959: checking for lf95
configure:4989: result: no
configure:4959: checking for ftn
configure:4989: result: no
configure:4959: checking for nagfor
configure:4989: result: no
configure:4959: checking for xlf90
configure:4989: result: no
configure:4959: checking for f90
configure:4989: result: no
configure:4959: checking for pgf90
configure:4989: result: no
configure:4959: checking for pghpf
configure:4989: result: no
configure:4959: checking for epcf90
configure:4989: result: no
configure:4959: checking for g95
configure:4989: result: no
configure:4959: checking for gfortran
configure:4989: result: no
configure:5012: checking for Fortran compiler version
configure:5021:  --version >&5
./configure: line 5023: --version: command not found
configure:5032: $? = 127
configure:5021:  -v >&5
./configure: line 5023: -v: command not found
configure:5032: $? = 127
configure:5021:  -V >&5
./configure: line 5023: -V: command not found
configure:5032: $? = 127
configure:5021:  -qversion >&5
./configure: line 5023: -qversion: command not found
configure:5032: $? = 127
configure:5047: checking whether the Fortran compiler works
configure:5069:   -L/project/trunk/MV-AC3_GPL/tplink/buildroot-marvell/build/mv-ac3/host/lib -L/project/trunk/MV-AC3_GPL/tplink/buildroot-marvell/build/mv-ac3/host/usr/lib -Wl,-rpath,/project/trunk/MV-AC3_GPL/tplink/buildroot-marvell/build/mv-ac3/host/usr/lib  conftest.f  >&5
./configure: line 5071: -L/project/trunk/MV-AC3_GPL/tplink/buildroot-marvell/build/mv-ac3/host/lib: No such file or directory
configure:5073: $? = 127
configure:5111: result: no
configure: failed program was:
|       program main
| 
|       end
configure:5117: WARNING: Fortran compiler cannot create executables
configure:5361: tests requiring the Fortran compiler will be skipped
configure:5441: checking for xlf
configure:5471: result: no
configure:5441: checking for f77
configure:5471: result: no
configure:5441: checking for frt
configure:5471: result: no
configure:5441: checking for pgf77
configure:5471: result: no
configure:5441: checking for cf77
configure:5471: result: no
configure:5441: checking for fort77
configure:5471: result: no
configure:5441: checking for fl32
configure:5471: result: no
configure:5441: checking for af77
configure:5471: result: no
configure:5441: checking for g77
configure:5471: result: no
configure:5441: checking for gfortran
configure:5471: result: no
configure:5494: checking for Fortran 77 compiler version
configure:5503:  --version >&5
./configure: line 5505: --version: command not found
configure:5514: $? = 127
configure:5503:  -v >&5
./configure: line 5505: -v: command not found
configure:5514: $? = 127
configure:5503:  -V >&5
./configure: line 5505: -V: command not found
configure:5514: $? = 127
configure:5503:  -qversion >&5
./configure: line 5505: -qversion: command not found
configure:5514: $? = 127
configure:5529: checking whether the Fortran 77 compiler works
configure:5551:   -L/project/trunk/MV-AC3_GPL/tplink/buildroot-marvell/build/mv-ac3/host/lib -L/project/trunk/MV-AC3_GPL/tplink/buildroot-marvell/build/mv-ac3/host/usr/lib -Wl,-rpath,/project/trunk/MV-AC3_GPL/tplink/buildroot-marvell/build/mv-ac3/host/usr/lib conftest.f  >&5
./configure: line 5553: -L/project/trunk/MV-AC3_GPL/tplink/buildroot-marvell/build/mv-ac3/host/lib: No such file or directory
configure:5555: $? = 127
configure:5593: result: no
configure: failed program was:
|       program main
| 
|       end
configure:5599: WARNING: Fortran 77 compiler cannot create executables
configure:5843: tests requiring the Fortran 77 compiler will be skipped
configure:5875: will now look for GNU compilers
configure:5882: /usr/bin/gcc is already a GNU C compiler
configure:5988: /usr/bin/gcc --version && /usr/bin/gcc -v
gcc (Ubuntu 4.8.4-2ubuntu1~14.04.4) 4.8.4
Copyright (C) 2013 Free Software Foundation, Inc.
This is free software; see the source for copying conditions.  There is NO
warranty; not even for MERCHANTABILITY or FITNESS FOR A PARTICULAR PURPOSE.

Using built-in specs.
COLLECT_GCC=/usr/bin/gcc
COLLECT_LTO_WRAPPER=/usr/lib/gcc/i686-linux-gnu/4.8/lto-wrapper
Target: i686-linux-gnu
Configured with: ../src/configure -v --with-pkgversion='Ubuntu 4.8.4-2ubuntu1~14.04.4' --with-bugurl=file:///usr/share/doc/gcc-4.8/README.Bugs --enable-languages=c,c++,java,go,d,fortran,objc,obj-c++ --prefix=/usr --program-suffix=-4.8 --enable-shared --enable-linker-build-id --libexecdir=/usr/lib --without-included-gettext --enable-threads=posix --with-gxx-include-dir=/usr/include/c++/4.8 --libdir=/usr/lib --enable-nls --with-sysroot=/ --enable-clocale=gnu --enable-libstdcxx-debug --enable-libstdcxx-time=yes --enable-gnu-unique-object --disable-libmudflap --enable-plugin --with-system-zlib --disable-browser-plugin --enable-java-awt=gtk --enable-gtk-cairo --with-java-home=/usr/lib/jvm/java-1.5.0-gcj-4.8-i386/jre --enable-java-home --with-jvm-root-dir=/usr/lib/jvm/java-1.5.0-gcj-4.8-i386 --with-jvm-jar-dir=/usr/lib/jvm-exports/java-1.5.0-gcj-4.8-i386 --with-arch-directory=i386 --with-ecj-jar=/usr/share/java/eclipse-ecj.jar --enable-objc-gc --enable-targets=all --enable-multiarch --disable-werror --with-arch-32=i686 --with-multilib-list=m32,m64,mx32 --with-tune=generic --enable-checking=release --build=i686-linux-gnu --host=i686-linux-gnu --target=i686-linux-gnu
Thread model: posix
gcc version 4.8.4 (Ubuntu 4.8.4-2ubuntu1~14.04.4) 
configure:5991: $? = 0
configure:6006: /usr/bin/g++ is already a GNU C++ compiler
configure:6113: /usr/bin/g++ --version && /usr/bin/g++ -v
g++ (Ubuntu 4.8.4-2ubuntu1~14.04.4) 4.8.4
Copyright (C) 2013 Free Software Foundation, Inc.
This is free software; see the source for copying conditions.  There is NO
warranty; not even for MERCHANTABILITY or FITNESS FOR A PARTICULAR PURPOSE.

Using built-in specs.
COLLECT_GCC=/usr/bin/g++
COLLECT_LTO_WRAPPER=/usr/lib/gcc/i686-linux-gnu/4.8/lto-wrapper
Target: i686-linux-gnu
Configured with: ../src/configure -v --with-pkgversion='Ubuntu 4.8.4-2ubuntu1~14.04.4' --with-bugurl=file:///usr/share/doc/gcc-4.8/README.Bugs --enable-languages=c,c++,java,go,d,fortran,objc,obj-c++ --prefix=/usr --program-suffix=-4.8 --enable-shared --enable-linker-build-id --libexecdir=/usr/lib --without-included-gettext --enable-threads=posix --with-gxx-include-dir=/usr/include/c++/4.8 --libdir=/usr/lib --enable-nls --with-sysroot=/ --enable-clocale=gnu --enable-libstdcxx-debug --enable-libstdcxx-time=yes --enable-gnu-unique-object --disable-libmudflap --enable-plugin --with-system-zlib --disable-browser-plugin --enable-java-awt=gtk --enable-gtk-cairo --with-java-home=/usr/lib/jvm/java-1.5.0-gcj-4.8-i386/jre --enable-java-home --with-jvm-root-dir=/usr/lib/jvm/java-1.5.0-gcj-4.8-i386 --with-jvm-jar-dir=/usr/lib/jvm-exports/java-1.5.0-gcj-4.8-i386 --with-arch-directory=i386 --with-ecj-jar=/usr/share/java/eclipse-ecj.jar --enable-objc-gc --enable-targets=all --enable-multiarch --disable-werror --with-arch-32=i686 --with-multilib-list=m32,m64,mx32 --with-tune=generic --enable-checking=release --build=i686-linux-gnu --host=i686-linux-gnu --target=i686-linux-gnu
Thread model: posix
gcc version 4.8.4 (Ubuntu 4.8.4-2ubuntu1~14.04.4) 
configure:6116: $? = 0
configure:6185: checking for gfortran
configure:6215: result: no
configure:6310: checking for g77
configure:6340: result: no
configure:6310: checking for gfortran
configure:6340: result: no
configure:6429: checking for gcj
configure:6459: result: no
configure:6663: checking that generated files are newer than configure
configure:6669: result: done
configure:6684: creating ./config.status

## ---------------------- ##
## Running config.status. ##
## ---------------------- ##

This file was extended by GNU Automake config.status 1.15, which was
generated by GNU Autoconf 2.69.  Invocation command line was

  CONFIG_FILES    = 
  CONFIG_HEADERS  = 
  CONFIG_LINKS    = 
  CONFIG_COMMANDS = 
  $ ./config.status 

on ubuntu

config.status:825: creating Makefile
config.status:825: creating t/wrap/aclocal-1.15
config.status:825: creating t/wrap/automake-1.15
configure:7752: WARNING: unrecognized options: --enable-shared, --disable-static, --disable-gtk-doc, --disable-gtk-doc-html, --disable-doc, --disable-docs, --disable-documentation, --disable-debug, --with-xmlto, --with-fop, --disable-dependency-tracking

## ---------------- ##
## Cache variables. ##
## ---------------- ##

ac_cv_AM_TEST_RUNNER_SHELL=/bin/sh
ac_cv_build=i686-pc-linux-gnu
ac_cv_c_compiler_gnu=yes
ac_cv_cxx_compiler_gnu=yes
ac_cv_env_AM_TEST_RUNNER_SHELL_set=
ac_cv_env_AM_TEST_RUNNER_SHELL_value=
ac_cv_env_CCC_set=
ac_cv_env_CCC_value=
ac_cv_env_CC_set=set
ac_cv_env_CC_value=/usr/bin/gcc
ac_cv_env_CFLAGS_set=set
ac_cv_env_CFLAGS_value='-O2 -I/project/trunk/MV-AC3_GPL/tplink/buildroot-marvell/build/mv-ac3/host/usr/include'
ac_cv_env_CPPFLAGS_set=set
ac_cv_env_CPPFLAGS_value=-I/project/trunk/MV-AC3_GPL/tplink/buildroot-marvell/build/mv-ac3/host/usr/include
ac_cv_env_CXXFLAGS_set=set
ac_cv_env_CXXFLAGS_value='-O2 -I/project/trunk/MV-AC3_GPL/tplink/buildroot-marvell/build/mv-ac3/host/usr/include'
ac_cv_env_CXX_set=set
ac_cv_env_CXX_value=/usr/bin/g++
ac_cv_env_F77_set=
ac_cv_env_F77_value=
ac_cv_env_FCFLAGS_set=
ac_cv_env_FCFLAGS_value=
ac_cv_env_FC_set=
ac_cv_env_FC_value=
ac_cv_env_FFLAGS_set=
ac_cv_env_FFLAGS_value=
ac_cv_env_GNU_CC_set=
ac_cv_env_GNU_CC_value=
ac_cv_env_GNU_CFLAGS_set=
ac_cv_env_GNU_CFLAGS_value=
ac_cv_env_GNU_CXXFLAGS_set=
ac_cv_env_GNU_CXXFLAGS_value=
ac_cv_env_GNU_CXX_set=
ac_cv_env_GNU_CXX_value=
ac_cv_env_GNU_F77_set=
ac_cv_env_GNU_F77_value=
ac_cv_env_GNU_FCFLAGS_set=
ac_cv_env_GNU_FCFLAGS_value=
ac_cv_env_GNU_FC_set=
ac_cv_env_GNU_FC_value=
ac_cv_env_GNU_FFLAGS_set=
ac_cv_env_GNU_FFLAGS_value=
ac_cv_env_GNU_GCJFLAGS_set=
ac_cv_env_GNU_GCJFLAGS_value=
ac_cv_env_GNU_GCJ_set=
ac_cv_env_GNU_GCJ_value=
ac_cv_env_LDFLAGS_set=set
ac_cv_env_LDFLAGS_value='-L/project/trunk/MV-AC3_GPL/tplink/buildroot-marvell/build/mv-ac3/host/lib -L/project/trunk/MV-AC3_GPL/tplink/buildroot-marvell/build/mv-ac3/host/usr/lib -Wl,-rpath,/project/trunk/MV-AC3_GPL/tplink/buildroot-marvell/build/mv-ac3/host/usr/lib'
ac_cv_env_LIBS_set=
ac_cv_env_LIBS_value=
ac_cv_env_build_alias_set=
ac_cv_env_build_alias_value=
ac_cv_env_host_alias_set=
ac_cv_env_host_alias_value=
ac_cv_env_target_alias_set=
ac_cv_env_target_alias_value=
ac_cv_host=i686-pc-linux-gnu
ac_cv_path_EGREP='/bin/grep -E'
ac_cv_path_FGREP='/bin/grep -F'
ac_cv_path_GREP=/bin/grep
ac_cv_path_PERL=/usr/bin/perl
ac_cv_path_install='/usr/bin/install -c'
ac_cv_path_mkdir=/bin/mkdir
ac_cv_prog_AWK=gawk
ac_cv_prog_LEX=lex
ac_cv_prog_TEX=tex
ac_cv_prog_YACC=yacc
ac_cv_prog_cc_c89=
ac_cv_prog_cc_g=yes
ac_cv_prog_cxx_g=yes
ac_cv_prog_make_make_set=yes
am_cv_autoconf_installed=yes
am_cv_autoconf_version=yes
am_cv_autoconf_works=yes
am_cv_make_support_nested_variables=yes
am_cv_prog_cc_c_o=yes
am_cv_prog_ln=ln

## ----------------- ##
## Output variables. ##
## ----------------- ##

ACLOCAL='"/project/trunk/MV-AC3_GPL/tplink/buildroot-marvell/build/mv-ac3/build/host-automake-1.15/t/wrap/aclocal-1.15"'
AMTAR='$${TAR-tar}'
AM_BACKSLASH='\'
AM_DEFAULT_V='$(AM_DEFAULT_VERBOSITY)'
AM_DEFAULT_VERBOSITY='0'
AM_TEST_RUNNER_SHELL='/bin/sh'
AM_V='$(V)'
APIVERSION='1.15'
AUTOCONF='${SHELL} /project/trunk/MV-AC3_GPL/tplink/buildroot-marvell/build/mv-ac3/build/host-automake-1.15/lib/missing autoconf'
AUTOHEADER='${SHELL} /project/trunk/MV-AC3_GPL/tplink/buildroot-marvell/build/mv-ac3/build/host-automake-1.15/lib/missing autoheader'
AUTOMAKE='"/project/trunk/MV-AC3_GPL/tplink/buildroot-marvell/build/mv-ac3/build/host-automake-1.15/t/wrap/automake-1.15"'
AWK='gawk'
CC='/usr/bin/gcc'
CFLAGS='-O2 -I/project/trunk/MV-AC3_GPL/tplink/buildroot-marvell/build/mv-ac3/host/usr/include'
CPPFLAGS='-I/project/trunk/MV-AC3_GPL/tplink/buildroot-marvell/build/mv-ac3/host/usr/include'
CXX='/usr/bin/g++'
CXXFLAGS='-O2 -I/project/trunk/MV-AC3_GPL/tplink/buildroot-marvell/build/mv-ac3/host/usr/include'
CYGPATH_W='echo'
DEFS='-DPACKAGE_NAME=\"GNU\ Automake\" -DPACKAGE_TARNAME=\"automake\" -DPACKAGE_VERSION=\"1.15\" -DPACKAGE_STRING=\"GNU\ Automake\ 1.15\" -DPACKAGE_BUGREPORT=\"bug-automake@gnu.org\" -DPACKAGE_URL=\"http://www.gnu.org/software/automake/\"'
ECHO_C=''
ECHO_N='-n'
ECHO_T=''
EGREP='/bin/grep -E'
EXEEXT='UNKNOWN'
F77='false'
FC='false'
FCFLAGS=''
FFLAGS=''
FGREP='/bin/grep -F'
GNU_CC='/usr/bin/gcc'
GNU_CFLAGS='-O2 -I/project/trunk/MV-AC3_GPL/tplink/buildroot-marvell/build/mv-ac3/host/usr/include'
GNU_CXX='/usr/bin/g++'
GNU_CXXFLAGS='-O2 -I/project/trunk/MV-AC3_GPL/tplink/buildroot-marvell/build/mv-ac3/host/usr/include'
GNU_F77='false'
GNU_FC='false'
GNU_FCFLAGS=''
GNU_FFLAGS=''
GNU_GCJ='false'
GNU_GCJFLAGS=''
GREP='/bin/grep'
INSTALL_DATA='${INSTALL} -m 644'
INSTALL_PROGRAM='${INSTALL}'
INSTALL_SCRIPT='${INSTALL}'
INSTALL_STRIP_PROGRAM='$(install_sh) -c -s'
LDFLAGS='-L/project/trunk/MV-AC3_GPL/tplink/buildroot-marvell/build/mv-ac3/host/lib -L/project/trunk/MV-AC3_GPL/tplink/buildroot-marvell/build/mv-ac3/host/usr/lib -Wl,-rpath,/project/trunk/MV-AC3_GPL/tplink/buildroot-marvell/build/mv-ac3/host/usr/lib'
LEX='lex'
LIBOBJS=''
LIBS=''
LN='ln'
LN_S='ln -s'
LTLIBOBJS=''
MAKEINFO='${SHELL} /project/trunk/MV-AC3_GPL/tplink/buildroot-marvell/build/mv-ac3/build/host-automake-1.15/lib/missing makeinfo'
MKDIR_P='/bin/mkdir -p'
MODIFICATION_DELAY='2'
OBJEXT='UNKNOWN'
PACKAGE='automake'
PACKAGE_BUGREPORT='bug-automake@gnu.org'
PACKAGE_NAME='GNU Automake'
PACKAGE_STRING='GNU Automake 1.15'
PACKAGE_TARNAME='automake'
PACKAGE_URL='http://www.gnu.org/software/automake/'
PACKAGE_VERSION='1.15'
PATH_SEPARATOR=':'
PERL='/usr/bin/perl'
RELEASE_YEAR='2014'
SET_MAKE=''
SHELL='/bin/sh'
STRIP=''
TEX='tex'
VERSION='1.15'
YACC='yacc'
ac_ct_CC=''
ac_ct_CXX=''
ac_ct_F77=''
ac_ct_FC=''
ac_ct_GNU_CC=''
ac_ct_GNU_CXX=''
ac_ct_GNU_F77=''
ac_ct_GNU_FC=''
ac_ct_GNU_GCJ=''
am_AUTOCONF='autoconf'
am_AUTOHEADER='autoheader'
am_AUTOM4TE='autom4te'
am_AUTORECONF='autoreconf'
am_AUTOUPDATE='autoupdate'
am__EXEEXT_FALSE='#'
am__EXEEXT_TRUE=''
am__isrc=''
am__leading_dot='.'
am__tar='$${TAR-tar} chof - "$$tardir"'
am__untar='$${TAR-tar} xf -'
am_candidate_sh=''
amdir='${pkgvdatadir}/am'
automake_acdir='${datadir}/aclocal-1.15'
bindir='${exec_prefix}/bin'
build='i686-pc-linux-gnu'
build_alias=''
build_cpu='i686'
build_os='linux-gnu'
build_vendor='pc'
datadir='${datarootdir}'
datarootdir='${prefix}/share'
docdir='${datarootdir}/doc/${PACKAGE_TARNAME}'
dvidir='${docdir}'
exec_prefix='${prefix}'
host='i686-pc-linux-gnu'
host_alias=''
host_cpu='i686'
host_os='linux-gnu'
host_vendor='pc'
htmldir='${docdir}'
includedir='${prefix}/include'
infodir='${datarootdir}/info'
install_sh='${SHELL} /project/trunk/MV-AC3_GPL/tplink/buildroot-marvell/build/mv-ac3/build/host-automake-1.15/lib/install-sh'
libdir='${exec_prefix}/lib'
libexecdir='${exec_prefix}/libexec'
localedir='${datarootdir}/locale'
localstatedir='/project/trunk/MV-AC3_GPL/tplink/buildroot-marvell/build/mv-ac3/host/var'
mandir='${datarootdir}/man'
mkdir_p='$(MKDIR_P)'
oldincludedir='/usr/include'
pdfdir='${docdir}'
pkgvdatadir='${datadir}/automake-1.15'
prefix='/project/trunk/MV-AC3_GPL/tplink/buildroot-marvell/build/mv-ac3/host/usr'
program_transform_name='s,x,x,'
psdir='${docdir}'
required_autoconf_version='2.65'
sbindir='${exec_prefix}/sbin'
scriptdir='${pkgvdatadir}'
sharedstatedir='${prefix}/com'
sysconfdir='/project/trunk/MV-AC3_GPL/tplink/buildroot-marvell/build/mv-ac3/host/etc'
system_acdir='${datadir}/aclocal'
target_alias=''

## ----------- ##
## confdefs.h. ##
## ----------- ##

/* confdefs.h */
#define PACKAGE_NAME "GNU Automake"
#define PACKAGE_TARNAME "automake"
#define PACKAGE_VERSION "1.15"
#define PACKAGE_STRING "GNU Automake 1.15"
#define PACKAGE_BUGREPORT "bug-automake@gnu.org"
#define PACKAGE_URL "http://www.gnu.org/software/automake/"

configure: exit 0

## ---------------------- ##
## Running config.status. ##
## ---------------------- ##

This file was extended by GNU Automake config.status 1.15, which was
generated by GNU Autoconf 2.69.  Invocation command line was

  CONFIG_FILES    = 
  CONFIG_HEADERS  = 
  CONFIG_LINKS    = 
  CONFIG_COMMANDS = 
  $ ./config.status --file=-

on ubuntu


## ---------------------- ##
## Running config.status. ##
## ---------------------- ##

This file was extended by GNU Automake config.status 1.15, which was
generated by GNU Autoconf 2.69.  Invocation command line was

  CONFIG_FILES    = 
  CONFIG_HEADERS  = 
  CONFIG_LINKS    = 
  CONFIG_COMMANDS = 
  $ ./config.status --file=-

on ubuntu



## ---------------------- ##
## Running config.status. ##
## ---------------------- ##

This file was extended by GNU Automake config.status 1.15, which was
generated by GNU Autoconf 2.69.  Invocation command line was

  CONFIG_FILES    = 
  CONFIG_HEADERS  = 
  CONFIG_LINKS    = 
  CONFIG_COMMANDS = 
  $ ./config.status --file=-

on ubuntu

## ---------------------- ##
## Running config.status. ##
## ---------------------- ##

This file was extended by GNU Automake config.status 1.15, which was
generated by GNU Autoconf 2.69.  Invocation command line was

  CONFIG_FILES    = 
  CONFIG_HEADERS  = 
  CONFIG_LINKS    = 
  CONFIG_COMMANDS = 
  $ ./config.status --file=-

on ubuntu


## ---------------------- ##
## Running config.status. ##
## ---------------------- ##

This file was extended by GNU Automake config.status 1.15, which was
generated by GNU Autoconf 2.69.  Invocation command line was

  CONFIG_FILES    = 
  CONFIG_HEADERS  = 
  CONFIG_LINKS    = 
  CONFIG_COMMANDS = 
  $ ./config.status --file=-

on ubuntu


## ---------------------- ##
## Running config.status. ##
## ---------------------- ##

This file was extended by GNU Automake config.status 1.15, which was
generated by GNU Autoconf 2.69.  Invocation command line was

  CONFIG_FILES    = 
  CONFIG_HEADERS  = 
  CONFIG_LINKS    = 
  CONFIG_COMMANDS = 
  $ ./config.status --file=-

on ubuntu


## ---------------------- ##
## Running config.status. ##
## ---------------------- ##

This file was extended by GNU Automake config.status 1.15, which was
generated by GNU Autoconf 2.69.  Invocation command line was

  CONFIG_FILES    = 
  CONFIG_HEADERS  = 
  CONFIG_LINKS    = 
  CONFIG_COMMANDS = 
  $ ./config.status --file=-

on ubuntu

